<?xml version="1.0" encoding="UTF-8"?>
<coverage generated="1575836111758" clover="3.2.0">
  <project timestamp="1575836111758" name="All files">
    <metrics statements="540" coveredstatements="347" conditionals="458" coveredconditionals="225" methods="239" coveredmethods="118" elements="1237" coveredelements="690" complexity="0" loc="540" ncloc="540" packages="11" files="32" classes="32"/>
    <package name="src">
      <metrics statements="228" coveredstatements="168" conditionals="79" coveredconditionals="44" methods="85" coveredmethods="47"/>
      <file name="ComponentPositions.js" path="/Users/slavek/seznam/IMA.js/ui-atoms/src/ComponentPositions.js">
        <metrics statements="46" coveredstatements="35" conditionals="28" coveredconditionals="17" methods="9" coveredmethods="6"/>
        <line num="1" count="5" type="stmt"/>
        <line num="6" count="0" type="stmt"/>
        <line num="19" count="10" type="stmt"/>
        <line num="29" count="0" type="stmt"/>
        <line num="31" count="0" type="stmt"/>
        <line num="32" count="0" type="stmt"/>
        <line num="34" count="0" type="stmt"/>
        <line num="37" count="0" type="stmt"/>
        <line num="47" count="1" type="cond" truecount="1" falsecount="1"/>
        <line num="48" count="0" type="stmt"/>
        <line num="55" count="1" type="cond" truecount="1" falsecount="1"/>
        <line num="56" count="0" type="stmt"/>
        <line num="59" count="1" type="stmt"/>
        <line num="61" count="1" type="stmt"/>
        <line num="66" count="1" type="stmt"/>
        <line num="70" count="1" type="cond" truecount="1" falsecount="1"/>
        <line num="81" count="2" type="stmt"/>
        <line num="82" count="2" type="stmt"/>
        <line num="83" count="2" type="stmt"/>
        <line num="88" count="2" type="stmt"/>
        <line num="93" count="2" type="stmt"/>
        <line num="94" count="2" type="stmt"/>
        <line num="96" count="2" type="stmt"/>
        <line num="109" count="11" type="stmt"/>
        <line num="118" count="1" type="stmt"/>
        <line num="119" count="1" type="stmt"/>
        <line num="120" count="1" type="stmt"/>
        <line num="121" count="1" type="stmt"/>
        <line num="122" count="1" type="stmt"/>
        <line num="124" count="1" type="cond" truecount="1" falsecount="1"/>
        <line num="125" count="1" type="stmt"/>
        <line num="126" count="1" type="stmt"/>
        <line num="129" count="1" type="stmt"/>
        <line num="138" count="0" type="cond" truecount="0" falsecount="2"/>
        <line num="139" count="0" type="cond" truecount="0" falsecount="2"/>
        <line num="141" count="0" type="stmt"/>
        <line num="158" count="4" type="cond" truecount="4" falsecount="0"/>
        <line num="159" count="2" type="stmt"/>
        <line num="165" count="2" type="stmt"/>
        <line num="167" count="2" type="cond" truecount="4" falsecount="0"/>
        <line num="172" count="2" type="cond" truecount="2" falsecount="0"/>
        <line num="173" count="1" type="stmt"/>
        <line num="175" count="1" type="stmt"/>
        <line num="178" count="1" type="stmt"/>
        <line num="185" count="1" type="stmt"/>
        <line num="186" count="5" type="stmt"/>
      </file>
      <file name="UIComponentHelper.js" path="/Users/slavek/seznam/IMA.js/ui-atoms/src/UIComponentHelper.js">
        <metrics statements="62" coveredstatements="41" conditionals="34" coveredconditionals="24" methods="21" coveredmethods="14"/>
        <line num="1" count="4" type="stmt"/>
        <line num="2" count="4" type="stmt"/>
        <line num="3" count="8" type="cond" truecount="3" falsecount="1"/>
        <line num="10" count="0" type="stmt"/>
        <line num="43" count="19" type="stmt"/>
        <line num="50" count="19" type="stmt"/>
        <line num="57" count="19" type="stmt"/>
        <line num="64" count="19" type="stmt"/>
        <line num="71" count="19" type="stmt"/>
        <line num="76" count="19" type="stmt"/>
        <line num="83" count="0" type="stmt"/>
        <line num="92" count="15" type="stmt"/>
        <line num="101" count="0" type="stmt"/>
        <line num="110" count="15" type="stmt"/>
        <line num="119" count="19" type="stmt"/>
        <line num="121" count="19" type="stmt"/>
        <line num="122" count="19" type="stmt"/>
        <line num="124" count="0" type="stmt"/>
        <line num="127" count="19" type="cond" truecount="2" falsecount="0"/>
        <line num="138" count="21" type="stmt"/>
        <line num="140" count="21" type="stmt"/>
        <line num="141" count="227" type="cond" truecount="2" falsecount="0"/>
        <line num="142" count="12" type="stmt"/>
        <line num="146" count="21" type="stmt"/>
        <line num="157" count="7" type="stmt"/>
        <line num="159" count="7" type="stmt"/>
        <line num="160" count="84" type="cond" truecount="2" falsecount="0"/>
        <line num="161" count="2" type="stmt"/>
        <line num="165" count="7" type="stmt"/>
        <line num="175" count="7" type="stmt"/>
        <line num="176" count="2" type="stmt"/>
        <line num="194" count="29" type="stmt"/>
        <line num="203" count="16" type="cond" truecount="1" falsecount="1"/>
        <line num="208" count="0" type="stmt"/>
        <line num="210" count="16" type="stmt"/>
        <line num="220" count="16" type="stmt"/>
        <line num="222" count="16" type="stmt"/>
        <line num="223" count="0" type="stmt"/>
        <line num="229" count="0" type="stmt"/>
        <line num="239" count="0" type="stmt"/>
        <line num="240" count="0" type="stmt"/>
        <line num="244" count="0" type="stmt"/>
        <line num="245" count="0" type="stmt"/>
        <line num="247" count="0" type="stmt"/>
        <line num="248" count="0" type="stmt"/>
        <line num="249" count="0" type="stmt"/>
        <line num="251" count="0" type="stmt"/>
        <line num="253" count="0" type="stmt"/>
        <line num="254" count="0" type="cond" truecount="0" falsecount="2"/>
        <line num="255" count="0" type="stmt"/>
        <line num="256" count="0" type="stmt"/>
        <line num="259" count="0" type="stmt"/>
        <line num="268" count="19" type="stmt"/>
        <line num="269" count="4" type="stmt"/>
        <line num="271" count="4" type="cond" truecount="2" falsecount="0"/>
        <line num="276" count="3" type="stmt"/>
        <line num="278" count="3" type="cond" truecount="2" falsecount="0"/>
        <line num="280" count="3" type="stmt"/>
        <line num="284" count="1" type="cond" truecount="1" falsecount="1"/>
        <line num="289" count="0" type="stmt"/>
        <line num="291" count="1" type="stmt"/>
        <line num="294" count="4" type="stmt"/>
      </file>
      <file name="Visibility.js" path="/Users/slavek/seznam/IMA.js/ui-atoms/src/Visibility.js">
        <metrics statements="38" coveredstatements="14" conditionals="13" coveredconditionals="0" methods="14" coveredmethods="7"/>
        <line num="1" count="5" type="stmt"/>
        <line num="2" count="5" type="stmt"/>
        <line num="20" count="0" type="stmt"/>
        <line num="28" count="3" type="stmt"/>
        <line num="34" count="3" type="stmt"/>
        <line num="40" count="3" type="stmt"/>
        <line num="49" count="3" type="stmt"/>
        <line num="50" count="3" type="stmt"/>
        <line num="51" count="1" type="stmt"/>
        <line num="64" count="3" type="stmt"/>
        <line num="77" count="1" type="stmt"/>
        <line num="92" count="0" type="stmt"/>
        <line num="93" count="0" type="cond" truecount="0" falsecount="2"/>
        <line num="94" count="0" type="stmt"/>
        <line num="95" count="0" type="stmt"/>
        <line num="97" count="0" type="cond" truecount="0" falsecount="2"/>
        <line num="98" count="0" type="stmt"/>
        <line num="101" count="0" type="cond" truecount="0" falsecount="2"/>
        <line num="102" count="0" type="stmt"/>
        <line num="106" count="0" type="cond" truecount="0" falsecount="4"/>
        <line num="107" count="0" type="stmt"/>
        <line num="108" count="0" type="stmt"/>
        <line num="110" count="0" type="stmt"/>
        <line num="114" count="0" type="stmt"/>
        <line num="115" count="0" type="stmt"/>
        <line num="117" count="0" type="cond" truecount="0" falsecount="2"/>
        <line num="118" count="0" type="stmt"/>
        <line num="119" count="0" type="stmt"/>
        <line num="130" count="0" type="stmt"/>
        <line num="139" count="2" type="stmt"/>
        <line num="144" count="2" type="stmt"/>
        <line num="145" count="2" type="stmt"/>
        <line num="154" count="0" type="stmt"/>
        <line num="159" count="0" type="stmt"/>
        <line num="164" count="0" type="stmt"/>
        <line num="177" count="0" type="stmt"/>
        <line num="182" count="0" type="stmt"/>
        <line num="183" count="5" type="stmt"/>
      </file>
      <file name="main.js" path="/Users/slavek/seznam/IMA.js/ui-atoms/src/main.js">
        <metrics statements="82" coveredstatements="78" conditionals="4" coveredconditionals="3" methods="41" coveredmethods="20"/>
        <line num="1" count="6" type="stmt"/>
        <line num="2" count="2" type="stmt"/>
        <line num="4" count="2" type="stmt"/>
        <line num="5" count="2" type="stmt"/>
        <line num="6" count="2" type="stmt"/>
        <line num="8" count="2" type="stmt"/>
        <line num="9" count="2" type="stmt"/>
        <line num="10" count="2" type="stmt"/>
        <line num="11" count="2" type="stmt"/>
        <line num="12" count="2" type="stmt"/>
        <line num="13" count="2" type="stmt"/>
        <line num="14" count="2" type="stmt"/>
        <line num="16" count="2" type="stmt"/>
        <line num="18" count="2" type="stmt"/>
        <line num="20" count="2" type="stmt"/>
        <line num="22" count="2" type="stmt"/>
        <line num="23" count="2" type="stmt"/>
        <line num="24" count="2" type="stmt"/>
        <line num="25" count="2" type="stmt"/>
        <line num="27" count="2" type="stmt"/>
        <line num="29" count="2" type="stmt"/>
        <line num="31" count="2" type="stmt"/>
        <line num="33" count="42" type="cond" truecount="3" falsecount="1"/>
        <line num="35" count="2" type="stmt"/>
        <line num="37" count="2" type="stmt"/>
        <line num="38" count="1" type="stmt"/>
        <line num="39" count="1" type="stmt"/>
        <line num="40" count="1" type="stmt"/>
        <line num="41" count="1" type="stmt"/>
        <line num="42" count="1" type="stmt"/>
        <line num="43" count="1" type="stmt"/>
        <line num="44" count="1" type="stmt"/>
        <line num="45" count="1" type="stmt"/>
        <line num="46" count="1" type="stmt"/>
        <line num="47" count="1" type="stmt"/>
        <line num="49" count="1" type="stmt"/>
        <line num="50" count="1" type="stmt"/>
        <line num="51" count="1" type="stmt"/>
        <line num="52" count="1" type="stmt"/>
        <line num="53" count="1" type="stmt"/>
        <line num="54" count="1" type="stmt"/>
        <line num="55" count="1" type="stmt"/>
        <line num="56" count="1" type="stmt"/>
        <line num="57" count="1" type="stmt"/>
        <line num="58" count="1" type="stmt"/>
        <line num="59" count="1" type="stmt"/>
        <line num="60" count="1" type="stmt"/>
        <line num="61" count="1" type="stmt"/>
        <line num="62" count="1" type="stmt"/>
        <line num="64" count="1" type="stmt"/>
        <line num="66" count="1" type="stmt"/>
        <line num="67" count="1" type="stmt"/>
        <line num="69" count="1" type="stmt"/>
        <line num="70" count="1" type="stmt"/>
        <line num="72" count="1" type="stmt"/>
        <line num="73" count="1" type="stmt"/>
        <line num="74" count="1" type="stmt"/>
        <line num="75" count="1" type="stmt"/>
        <line num="76" count="1" type="stmt"/>
        <line num="77" count="1" type="stmt"/>
        <line num="78" count="1" type="stmt"/>
        <line num="79" count="1" type="stmt"/>
        <line num="81" count="1" type="stmt"/>
        <line num="83" count="1" type="stmt"/>
        <line num="84" count="1" type="stmt"/>
        <line num="86" count="1" type="stmt"/>
        <line num="88" count="1" type="stmt"/>
        <line num="90" count="1" type="stmt"/>
        <line num="91" count="1" type="stmt"/>
        <line num="92" count="1" type="stmt"/>
        <line num="93" count="1" type="stmt"/>
        <line num="94" count="2" type="stmt"/>
        <line num="96" count="2" type="stmt"/>
        <line num="97" count="0" type="stmt"/>
        <line num="99" count="2" type="stmt"/>
        <line num="101" count="2" type="stmt"/>
        <line num="102" count="0" type="stmt"/>
        <line num="104" count="0" type="stmt"/>
        <line num="109" count="2" type="stmt"/>
        <line num="111" count="2" type="stmt"/>
        <line num="112" count="0" type="stmt"/>
        <line num="130" count="2" type="stmt"/>
      </file>
    </package>
    <package name="src.headline">
      <metrics statements="37" coveredstatements="21" conditionals="58" coveredconditionals="27" methods="30" coveredmethods="7"/>
      <file name="Headline.jsx" path="/Users/slavek/seznam/IMA.js/ui-atoms/src/headline/Headline.jsx">
        <metrics statements="13" coveredstatements="3" conditionals="10" coveredconditionals="3" methods="6" coveredmethods="1"/>
        <line num="1" count="2" type="stmt"/>
        <line num="2" count="2" type="cond" truecount="3" falsecount="5"/>
        <line num="12" count="0" type="stmt"/>
        <line num="16" count="0" type="stmt"/>
        <line num="28" count="0" type="stmt"/>
        <line num="29" count="0" type="stmt"/>
        <line num="30" count="0" type="stmt"/>
        <line num="31" count="0" type="stmt"/>
        <line num="40" count="0" type="cond" truecount="0" falsecount="2"/>
        <line num="41" count="0" type="stmt"/>
        <line num="52" count="0" type="stmt"/>
        <line num="64" count="0" type="stmt"/>
        <line num="65" count="2" type="stmt"/>
      </file>
      <file name="Headline1.jsx" path="/Users/slavek/seznam/IMA.js/ui-atoms/src/headline/Headline1.jsx">
        <metrics statements="4" coveredstatements="3" conditionals="8" coveredconditionals="4" methods="4" coveredmethods="1"/>
        <line num="1" count="2" type="stmt"/>
        <line num="2" count="4" type="cond" truecount="4" falsecount="4"/>
        <line num="12" count="0" type="stmt"/>
        <line num="13" count="2" type="stmt"/>
      </file>
      <file name="Headline2.jsx" path="/Users/slavek/seznam/IMA.js/ui-atoms/src/headline/Headline2.jsx">
        <metrics statements="4" coveredstatements="3" conditionals="8" coveredconditionals="4" methods="4" coveredmethods="1"/>
        <line num="1" count="2" type="stmt"/>
        <line num="2" count="4" type="cond" truecount="4" falsecount="4"/>
        <line num="12" count="0" type="stmt"/>
        <line num="13" count="2" type="stmt"/>
      </file>
      <file name="Headline3.jsx" path="/Users/slavek/seznam/IMA.js/ui-atoms/src/headline/Headline3.jsx">
        <metrics statements="4" coveredstatements="3" conditionals="8" coveredconditionals="4" methods="4" coveredmethods="1"/>
        <line num="1" count="2" type="stmt"/>
        <line num="2" count="4" type="cond" truecount="4" falsecount="4"/>
        <line num="12" count="0" type="stmt"/>
        <line num="13" count="2" type="stmt"/>
      </file>
      <file name="Headline4.jsx" path="/Users/slavek/seznam/IMA.js/ui-atoms/src/headline/Headline4.jsx">
        <metrics statements="4" coveredstatements="3" conditionals="8" coveredconditionals="4" methods="4" coveredmethods="1"/>
        <line num="1" count="2" type="stmt"/>
        <line num="2" count="4" type="cond" truecount="4" falsecount="4"/>
        <line num="12" count="0" type="stmt"/>
        <line num="13" count="2" type="stmt"/>
      </file>
      <file name="Headline5.jsx" path="/Users/slavek/seznam/IMA.js/ui-atoms/src/headline/Headline5.jsx">
        <metrics statements="4" coveredstatements="3" conditionals="8" coveredconditionals="4" methods="4" coveredmethods="1"/>
        <line num="1" count="2" type="stmt"/>
        <line num="2" count="4" type="cond" truecount="4" falsecount="4"/>
        <line num="12" count="0" type="stmt"/>
        <line num="13" count="2" type="stmt"/>
      </file>
      <file name="Headline6.jsx" path="/Users/slavek/seznam/IMA.js/ui-atoms/src/headline/Headline6.jsx">
        <metrics statements="4" coveredstatements="3" conditionals="8" coveredconditionals="4" methods="4" coveredmethods="1"/>
        <line num="1" count="2" type="stmt"/>
        <line num="2" count="4" type="cond" truecount="4" falsecount="4"/>
        <line num="12" count="0" type="stmt"/>
        <line num="13" count="2" type="stmt"/>
      </file>
    </package>
    <package name="src.iframe">
      <metrics statements="52" coveredstatements="35" conditionals="81" coveredconditionals="47" methods="23" coveredmethods="17"/>
      <file name="AmpIframe.jsx" path="/Users/slavek/seznam/IMA.js/ui-atoms/src/iframe/AmpIframe.jsx">
        <metrics statements="12" coveredstatements="3" conditionals="14" coveredconditionals="3" methods="5" coveredmethods="1"/>
        <line num="1" count="2" type="stmt"/>
        <line num="2" count="2" type="cond" truecount="3" falsecount="5"/>
        <line num="15" count="0" type="stmt"/>
        <line num="19" count="0" type="stmt"/>
        <line num="34" count="0" type="stmt"/>
        <line num="35" count="0" type="stmt"/>
        <line num="49" count="0" type="cond" truecount="0" falsecount="2"/>
        <line num="50" count="0" type="stmt"/>
        <line num="53" count="0" type="cond" truecount="0" falsecount="2"/>
        <line num="54" count="0" type="stmt"/>
        <line num="57" count="0" type="stmt"/>
        <line num="67" count="2" type="stmt"/>
      </file>
      <file name="HtmlIframe.jsx" path="/Users/slavek/seznam/IMA.js/ui-atoms/src/iframe/HtmlIframe.jsx">
        <metrics statements="30" coveredstatements="23" conditionals="61" coveredconditionals="39" methods="14" coveredmethods="12"/>
        <line num="1" count="2" type="stmt"/>
        <line num="2" count="2" type="stmt"/>
        <line num="3" count="4" type="cond" truecount="5" falsecount="3"/>
        <line num="5" count="2" type="stmt"/>
        <line num="16" count="15" type="stmt"/>
        <line num="20" count="5" type="stmt"/>
        <line num="27" count="5" type="stmt"/>
        <line num="29" count="5" type="stmt"/>
        <line num="31" count="5" type="stmt"/>
        <line num="33" count="5" type="stmt"/>
        <line num="35" count="5" type="stmt"/>
        <line num="37" count="5" type="stmt"/>
        <line num="38" count="5" type="stmt"/>
        <line num="42" count="5" type="cond" truecount="1" falsecount="1"/>
        <line num="48" count="5" type="cond" truecount="2" falsecount="0"/>
        <line num="54" count="5" type="cond" truecount="1" falsecount="1"/>
        <line num="55" count="5" type="stmt"/>
        <line num="60" count="5" type="stmt"/>
        <line num="64" count="5" type="stmt"/>
        <line num="163" count="0" type="cond" truecount="0" falsecount="2"/>
        <line num="164" count="0" type="cond" truecount="0" falsecount="2"/>
        <line num="165" count="0" type="stmt"/>
        <line num="167" count="0" type="cond" truecount="0" falsecount="2"/>
        <line num="168" count="0" type="stmt"/>
        <line num="174" count="5" type="cond" truecount="1" falsecount="1"/>
        <line num="175" count="0" type="stmt"/>
        <line num="176" count="0" type="stmt"/>
        <line num="181" count="5" type="stmt"/>
        <line num="186" count="5" type="stmt"/>
        <line num="195" count="2" type="stmt"/>
      </file>
      <file name="Iframe.jsx" path="/Users/slavek/seznam/IMA.js/ui-atoms/src/iframe/Iframe.jsx">
        <metrics statements="10" coveredstatements="9" conditionals="6" coveredconditionals="5" methods="4" coveredmethods="4"/>
        <line num="1" count="2" type="stmt"/>
        <line num="2" count="2" type="stmt"/>
        <line num="3" count="2" type="stmt"/>
        <line num="4" count="6" type="cond" truecount="4" falsecount="0"/>
        <line num="14" count="15" type="stmt"/>
        <line num="18" count="10" type="stmt"/>
        <line num="40" count="5" type="cond" truecount="1" falsecount="1"/>
        <line num="41" count="0" type="stmt"/>
        <line num="43" count="5" type="stmt"/>
        <line num="45" count="2" type="stmt"/>
      </file>
    </package>
    <package name="src.image">
      <metrics statements="83" coveredstatements="43" conditionals="103" coveredconditionals="45" methods="30" coveredmethods="17"/>
      <file name="AmpImage.jsx" path="/Users/slavek/seznam/IMA.js/ui-atoms/src/image/AmpImage.jsx">
        <metrics statements="7" coveredstatements="3" conditionals="10" coveredconditionals="3" methods="5" coveredmethods="1"/>
        <line num="1" count="2" type="stmt"/>
        <line num="2" count="2" type="cond" truecount="3" falsecount="5"/>
        <line num="15" count="0" type="stmt"/>
        <line num="19" count="0" type="stmt"/>
        <line num="30" count="0" type="stmt"/>
        <line num="32" count="0" type="stmt"/>
        <line num="49" count="2" type="stmt"/>
      </file>
      <file name="HtmlImage.jsx" path="/Users/slavek/seznam/IMA.js/ui-atoms/src/image/HtmlImage.jsx">
        <metrics statements="66" coveredstatements="31" conditionals="87" coveredconditionals="37" methods="21" coveredmethods="12"/>
        <line num="1" count="2" type="stmt"/>
        <line num="2" count="2" type="stmt"/>
        <line num="3" count="2" type="stmt"/>
        <line num="4" count="6" type="cond" truecount="5" falsecount="3"/>
        <line num="6" count="2" type="stmt"/>
        <line num="7" count="2" type="stmt"/>
        <line num="18" count="15" type="stmt"/>
        <line num="22" count="5" type="cond" truecount="1" falsecount="1"/>
        <line num="27" count="5" type="stmt"/>
        <line num="36" count="0" type="stmt"/>
        <line num="40" count="5" type="stmt"/>
        <line num="42" count="5" type="stmt"/>
        <line num="44" count="5" type="stmt"/>
        <line num="45" count="5" type="stmt"/>
        <line num="46" count="5" type="stmt"/>
        <line num="48" count="5" type="stmt"/>
        <line num="50" count="5" type="stmt"/>
        <line num="52" count="5" type="stmt"/>
        <line num="54" count="5" type="stmt"/>
        <line num="55" count="5" type="stmt"/>
        <line num="59" count="5" type="cond" truecount="1" falsecount="1"/>
        <line num="65" count="5" type="cond" truecount="2" falsecount="0"/>
        <line num="71" count="5" type="stmt"/>
        <line num="73" count="5" type="cond" truecount="1" falsecount="1"/>
        <line num="74" count="5" type="stmt"/>
        <line num="79" count="5" type="stmt"/>
        <line num="80" count="5" type="stmt"/>
        <line num="84" count="0" type="cond" truecount="0" falsecount="2"/>
        <line num="89" count="0" type="stmt"/>
        <line num="91" count="0" type="cond" truecount="0" falsecount="4"/>
        <line num="92" count="0" type="stmt"/>
        <line num="98" count="5" type="stmt"/>
        <line num="165" count="0" type="cond" truecount="0" falsecount="4"/>
        <line num="166" count="0" type="cond" truecount="0" falsecount="2"/>
        <line num="167" count="0" type="stmt"/>
        <line num="168" count="0" type="stmt"/>
        <line num="169" count="0" type="stmt"/>
        <line num="174" count="5" type="cond" truecount="1" falsecount="1"/>
        <line num="175" count="0" type="stmt"/>
        <line num="176" count="0" type="stmt"/>
        <line num="182" count="5" type="cond" truecount="2" falsecount="0"/>
        <line num="190" count="5" type="stmt"/>
        <line num="202" count="0" type="stmt"/>
        <line num="203" count="0" type="stmt"/>
        <line num="206" count="0" type="stmt"/>
        <line num="207" count="0" type="stmt"/>
        <line num="208" count="0" type="stmt"/>
        <line num="210" count="0" type="stmt"/>
        <line num="211" count="0" type="stmt"/>
        <line num="213" count="0" type="stmt"/>
        <line num="215" count="0" type="cond" truecount="0" falsecount="4"/>
        <line num="216" count="0" type="cond" truecount="0" falsecount="2"/>
        <line num="217" count="0" type="stmt"/>
        <line num="220" count="0" type="stmt"/>
        <line num="221" count="0" type="cond" truecount="0" falsecount="2"/>
        <line num="222" count="0" type="stmt"/>
        <line num="225" count="0" type="cond" truecount="0" falsecount="4"/>
        <line num="226" count="0" type="stmt"/>
        <line num="231" count="0" type="cond" truecount="0" falsecount="2"/>
        <line num="232" count="0" type="stmt"/>
        <line num="235" count="0" type="stmt"/>
        <line num="236" count="0" type="stmt"/>
        <line num="238" count="0" type="cond" truecount="0" falsecount="2"/>
        <line num="239" count="0" type="stmt"/>
        <line num="244" count="0" type="cond" truecount="0" falsecount="2"/>
        <line num="245" count="2" type="stmt"/>
      </file>
      <file name="Image.jsx" path="/Users/slavek/seznam/IMA.js/ui-atoms/src/image/Image.jsx">
        <metrics statements="10" coveredstatements="9" conditionals="6" coveredconditionals="5" methods="4" coveredmethods="4"/>
        <line num="1" count="2" type="stmt"/>
        <line num="2" count="2" type="stmt"/>
        <line num="3" count="2" type="stmt"/>
        <line num="4" count="6" type="cond" truecount="4" falsecount="0"/>
        <line num="15" count="15" type="stmt"/>
        <line num="19" count="10" type="stmt"/>
        <line num="35" count="5" type="cond" truecount="1" falsecount="1"/>
        <line num="36" count="0" type="stmt"/>
        <line num="38" count="5" type="stmt"/>
        <line num="40" count="2" type="stmt"/>
      </file>
    </package>
    <package name="src.link">
      <metrics statements="8" coveredstatements="3" conditionals="10" coveredconditionals="3" methods="6" coveredmethods="1"/>
      <file name="Link.jsx" path="/Users/slavek/seznam/IMA.js/ui-atoms/src/link/Link.jsx">
        <metrics statements="8" coveredstatements="3" conditionals="10" coveredconditionals="3" methods="6" coveredmethods="1"/>
        <line num="1" count="2" type="stmt"/>
        <line num="2" count="2" type="cond" truecount="3" falsecount="5"/>
        <line num="13" count="0" type="stmt"/>
        <line num="17" count="0" type="stmt"/>
        <line num="27" count="0" type="stmt"/>
        <line num="38" count="0" type="stmt"/>
        <line num="40" count="0" type="stmt"/>
        <line num="59" count="2" type="stmt"/>
      </file>
    </package>
    <package name="src.list">
      <metrics statements="29" coveredstatements="12" conditionals="34" coveredconditionals="14" methods="20" coveredmethods="4"/>
      <file name="List.jsx" path="/Users/slavek/seznam/IMA.js/ui-atoms/src/list/List.jsx">
        <metrics statements="8" coveredstatements="3" conditionals="8" coveredconditionals="3" methods="6" coveredmethods="1"/>
        <line num="1" count="2" type="stmt"/>
        <line num="2" count="2" type="cond" truecount="3" falsecount="5"/>
        <line num="13" count="0" type="stmt"/>
        <line num="17" count="0" type="stmt"/>
        <line num="27" count="0" type="stmt"/>
        <line num="28" count="0" type="stmt"/>
        <line num="30" count="0" type="stmt"/>
        <line num="47" count="2" type="stmt"/>
      </file>
      <file name="ListItem.jsx" path="/Users/slavek/seznam/IMA.js/ui-atoms/src/list/ListItem.jsx">
        <metrics statements="13" coveredstatements="3" conditionals="10" coveredconditionals="3" methods="6" coveredmethods="1"/>
        <line num="1" count="2" type="stmt"/>
        <line num="2" count="2" type="cond" truecount="3" falsecount="5"/>
        <line num="13" count="0" type="stmt"/>
        <line num="17" count="0" type="stmt"/>
        <line num="27" count="0" type="stmt"/>
        <line num="28" count="0" type="stmt"/>
        <line num="29" count="0" type="stmt"/>
        <line num="30" count="0" type="stmt"/>
        <line num="38" count="0" type="cond" truecount="0" falsecount="2"/>
        <line num="39" count="0" type="stmt"/>
        <line num="48" count="0" type="stmt"/>
        <line num="58" count="0" type="stmt"/>
        <line num="59" count="2" type="stmt"/>
      </file>
      <file name="OrderedList.jsx" path="/Users/slavek/seznam/IMA.js/ui-atoms/src/list/OrderedList.jsx">
        <metrics statements="4" coveredstatements="3" conditionals="8" coveredconditionals="4" methods="4" coveredmethods="1"/>
        <line num="1" count="2" type="stmt"/>
        <line num="2" count="4" type="cond" truecount="4" falsecount="4"/>
        <line num="13" count="0" type="stmt"/>
        <line num="14" count="2" type="stmt"/>
      </file>
      <file name="UnorderedList.jsx" path="/Users/slavek/seznam/IMA.js/ui-atoms/src/list/UnorderedList.jsx">
        <metrics statements="4" coveredstatements="3" conditionals="8" coveredconditionals="4" methods="4" coveredmethods="1"/>
        <line num="1" count="2" type="stmt"/>
        <line num="2" count="4" type="cond" truecount="4" falsecount="4"/>
        <line num="13" count="0" type="stmt"/>
        <line num="14" count="2" type="stmt"/>
      </file>
    </package>
    <package name="src.loader">
      <metrics statements="8" coveredstatements="3" conditionals="9" coveredconditionals="3" methods="6" coveredmethods="1"/>
      <file name="Loader.jsx" path="/Users/slavek/seznam/IMA.js/ui-atoms/src/loader/Loader.jsx">
        <metrics statements="8" coveredstatements="3" conditionals="9" coveredconditionals="3" methods="6" coveredmethods="1"/>
        <line num="1" count="2" type="stmt"/>
        <line num="2" count="2" type="cond" truecount="3" falsecount="5"/>
        <line num="13" count="0" type="stmt"/>
        <line num="17" count="0" type="stmt"/>
        <line num="27" count="0" type="stmt"/>
        <line num="28" count="0" type="cond" truecount="0" falsecount="1"/>
        <line num="30" count="0" type="stmt"/>
        <line num="49" count="2" type="stmt"/>
      </file>
    </package>
    <package name="src.mocks">
      <metrics statements="15" coveredstatements="15" conditionals="0" coveredconditionals="0" methods="3" coveredmethods="3"/>
      <file name="dispatcher.js" path="/Users/slavek/seznam/IMA.js/ui-atoms/src/mocks/dispatcher.js">
        <metrics statements="3" coveredstatements="3" conditionals="0" coveredconditionals="0" methods="0" coveredmethods="0"/>
        <line num="1" count="1" type="stmt"/>
        <line num="2" count="1" type="stmt"/>
        <line num="4" count="1" type="stmt"/>
      </file>
      <file name="router.js" path="/Users/slavek/seznam/IMA.js/ui-atoms/src/mocks/router.js">
        <metrics statements="5" coveredstatements="5" conditionals="0" coveredconditionals="0" methods="1" coveredmethods="1"/>
        <line num="1" count="3" type="stmt"/>
        <line num="2" count="3" type="stmt"/>
        <line num="4" count="3" type="stmt"/>
        <line num="6" count="16" type="stmt"/>
        <line num="11" count="3" type="stmt"/>
      </file>
      <file name="settings.js" path="/Users/slavek/seznam/IMA.js/ui-atoms/src/mocks/settings.js">
        <metrics statements="2" coveredstatements="2" conditionals="0" coveredconditionals="0" methods="0" coveredmethods="0"/>
        <line num="1" count="1" type="stmt"/>
        <line num="18" count="1" type="stmt"/>
      </file>
      <file name="window.js" path="/Users/slavek/seznam/IMA.js/ui-atoms/src/mocks/window.js">
        <metrics statements="5" coveredstatements="5" conditionals="0" coveredconditionals="0" methods="2" coveredmethods="2"/>
        <line num="1" count="5" type="stmt"/>
        <line num="2" count="5" type="stmt"/>
        <line num="4" count="5" type="stmt"/>
        <line num="6" count="20" type="stmt"/>
        <line num="11" count="17" type="stmt"/>
      </file>
    </package>
    <package name="src.paragraph">
      <metrics statements="13" coveredstatements="3" conditionals="10" coveredconditionals="3" methods="6" coveredmethods="1"/>
      <file name="Paragraph.jsx" path="/Users/slavek/seznam/IMA.js/ui-atoms/src/paragraph/Paragraph.jsx">
        <metrics statements="13" coveredstatements="3" conditionals="10" coveredconditionals="3" methods="6" coveredmethods="1"/>
        <line num="1" count="2" type="stmt"/>
        <line num="2" count="2" type="cond" truecount="3" falsecount="5"/>
        <line num="13" count="0" type="stmt"/>
        <line num="17" count="0" type="stmt"/>
        <line num="27" count="0" type="stmt"/>
        <line num="28" count="0" type="stmt"/>
        <line num="29" count="0" type="stmt"/>
        <line num="30" count="0" type="stmt"/>
        <line num="39" count="0" type="cond" truecount="0" falsecount="2"/>
        <line num="40" count="0" type="stmt"/>
        <line num="50" count="0" type="stmt"/>
        <line num="61" count="0" type="stmt"/>
        <line num="62" count="2" type="stmt"/>
      </file>
    </package>
    <package name="src.sizer">
      <metrics statements="7" coveredstatements="6" conditionals="8" coveredconditionals="4" methods="6" coveredmethods="4"/>
      <file name="Sizer.jsx" path="/Users/slavek/seznam/IMA.js/ui-atoms/src/sizer/Sizer.jsx">
        <metrics statements="7" coveredstatements="6" conditionals="8" coveredconditionals="4" methods="6" coveredmethods="4"/>
        <line num="1" count="3" type="stmt"/>
        <line num="2" count="3" type="cond" truecount="4" falsecount="4"/>
        <line num="12" count="0" type="stmt"/>
        <line num="16" count="10" type="stmt"/>
        <line num="25" count="5" type="stmt"/>
        <line num="27" count="5" type="stmt"/>
        <line num="42" count="3" type="stmt"/>
      </file>
    </package>
    <package name="src.video">
      <metrics statements="60" coveredstatements="38" conditionals="66" coveredconditionals="35" methods="24" coveredmethods="16"/>
      <file name="AmpVideo.jsx" path="/Users/slavek/seznam/IMA.js/ui-atoms/src/video/AmpVideo.jsx">
        <metrics statements="7" coveredstatements="3" conditionals="8" coveredconditionals="3" methods="5" coveredmethods="1"/>
        <line num="1" count="2" type="stmt"/>
        <line num="2" count="2" type="cond" truecount="3" falsecount="5"/>
        <line num="15" count="0" type="stmt"/>
        <line num="19" count="0" type="stmt"/>
        <line num="32" count="0" type="stmt"/>
        <line num="34" count="0" type="stmt"/>
        <line num="54" count="2" type="stmt"/>
      </file>
      <file name="HtmlVideo.jsx" path="/Users/slavek/seznam/IMA.js/ui-atoms/src/video/HtmlVideo.jsx">
        <metrics statements="43" coveredstatements="26" conditionals="52" coveredconditionals="27" methods="15" coveredmethods="11"/>
        <line num="1" count="2" type="stmt"/>
        <line num="2" count="2" type="stmt"/>
        <line num="3" count="4" type="cond" truecount="5" falsecount="3"/>
        <line num="5" count="2" type="stmt"/>
        <line num="16" count="15" type="stmt"/>
        <line num="20" count="5" type="stmt"/>
        <line num="22" count="5" type="stmt"/>
        <line num="26" count="5" type="stmt"/>
        <line num="27" count="5" type="stmt"/>
        <line num="29" count="5" type="stmt"/>
        <line num="31" count="5" type="stmt"/>
        <line num="33" count="5" type="stmt"/>
        <line num="35" count="5" type="stmt"/>
        <line num="36" count="5" type="stmt"/>
        <line num="40" count="5" type="cond" truecount="1" falsecount="1"/>
        <line num="46" count="5" type="cond" truecount="2" falsecount="0"/>
        <line num="52" count="5" type="stmt"/>
        <line num="122" count="5" type="stmt"/>
        <line num="124" count="5" type="cond" truecount="1" falsecount="1"/>
        <line num="125" count="5" type="stmt"/>
        <line num="130" count="5" type="stmt"/>
        <line num="131" count="5" type="stmt"/>
        <line num="135" count="0" type="cond" truecount="0" falsecount="4"/>
        <line num="136" count="0" type="cond" truecount="0" falsecount="2"/>
        <line num="137" count="0" type="stmt"/>
        <line num="138" count="0" type="stmt"/>
        <line num="139" count="0" type="stmt"/>
        <line num="144" count="5" type="cond" truecount="1" falsecount="1"/>
        <line num="145" count="0" type="stmt"/>
        <line num="146" count="0" type="stmt"/>
        <line num="151" count="5" type="stmt"/>
        <line num="157" count="5" type="stmt"/>
        <line num="169" count="0" type="cond" truecount="0" falsecount="2"/>
        <line num="170" count="0" type="stmt"/>
        <line num="173" count="0" type="stmt"/>
        <line num="176" count="0" type="stmt"/>
        <line num="177" count="0" type="stmt"/>
        <line num="178" count="0" type="stmt"/>
        <line num="179" count="0" type="stmt"/>
        <line num="180" count="0" type="stmt"/>
        <line num="183" count="0" type="cond" truecount="0" falsecount="2"/>
        <line num="184" count="0" type="stmt"/>
        <line num="189" count="2" type="stmt"/>
      </file>
      <file name="Video.jsx" path="/Users/slavek/seznam/IMA.js/ui-atoms/src/video/Video.jsx">
        <metrics statements="10" coveredstatements="9" conditionals="6" coveredconditionals="5" methods="4" coveredmethods="4"/>
        <line num="1" count="2" type="stmt"/>
        <line num="2" count="2" type="stmt"/>
        <line num="3" count="2" type="stmt"/>
        <line num="4" count="6" type="cond" truecount="4" falsecount="0"/>
        <line num="15" count="15" type="stmt"/>
        <line num="19" count="10" type="stmt"/>
        <line num="35" count="5" type="cond" truecount="1" falsecount="1"/>
        <line num="36" count="0" type="stmt"/>
        <line num="38" count="5" type="stmt"/>
        <line num="40" count="2" type="stmt"/>
      </file>
    </package>
  </project>
</coverage>
