{"/Users/slavek/seznam/IMA.js/ui-atoms/src/ComponentPositions.js": {"path":"/Users/slavek/seznam/IMA.js/ui-atoms/src/ComponentPositions.js","statementMap":{"0":{"start":{"line":1,"column":13},"end":{"line":1,"column":75}},"1":{"start":{"line":1,"column":75},"end":{"line":1,"column":100}},"2":{"start":{"line":6,"column":4},"end":{"line":6,"column":23}},"3":{"start":{"line":19,"column":4},"end":{"line":19,"column":26}},"4":{"start":{"line":29,"column":17},"end":{"line":29,"column":18}},"5":{"start":{"line":31,"column":4},"end":{"line":35,"column":5}},"6":{"start":{"line":32,"column":6},"end":{"line":32,"column":36}},"7":{"start":{"line":34,"column":6},"end":{"line":34,"column":17}},"8":{"start":{"line":37,"column":4},"end":{"line":37,"column":18}},"9":{"start":{"line":47,"column":4},"end":{"line":53,"column":5}},"10":{"start":{"line":48,"column":6},"end":{"line":51,"column":57}},"11":{"start":{"line":55,"column":4},"end":{"line":57,"column":5}},"12":{"start":{"line":56,"column":6},"end":{"line":56,"column":15}},"13":{"start":{"line":59,"column":29},"end":{"line":59,"column":57}},"14":{"start":{"line":61,"column":27},"end":{"line":63,"column":12}},"15":{"start":{"line":66,"column":4},"end":{"line":68,"column":7}},"16":{"start":{"line":70,"column":4},"end":{"line":70,"column":40}},"17":{"start":{"line":81,"column":14},"end":{"line":81,"column":73}},"18":{"start":{"line":82,"column":15},"end":{"line":82,"column":75}},"19":{"start":{"line":83,"column":17},"end":{"line":86,"column":17}},"20":{"start":{"line":88,"column":16},"end":{"line":91,"column":16}},"21":{"start":{"line":93,"column":16},"end":{"line":93,"column":28}},"22":{"start":{"line":94,"column":17},"end":{"line":94,"column":29}},"23":{"start":{"line":96,"column":4},"end":{"line":96,"column":40}},"24":{"start":{"line":109,"column":4},"end":{"line":109,"column":48}},"25":{"start":{"line":118,"column":14},"end":{"line":118,"column":38}},"26":{"start":{"line":119,"column":14},"end":{"line":119,"column":15}},"27":{"start":{"line":120,"column":15},"end":{"line":120,"column":16}},"28":{"start":{"line":121,"column":16},"end":{"line":121,"column":17}},"29":{"start":{"line":122,"column":17},"end":{"line":122,"column":18}},"30":{"start":{"line":124,"column":4},"end":{"line":127,"column":5}},"31":{"start":{"line":125,"column":6},"end":{"line":125,"column":29}},"32":{"start":{"line":126,"column":6},"end":{"line":126,"column":31}},"33":{"start":{"line":129,"column":4},"end":{"line":129,"column":40}},"34":{"start":{"line":138,"column":15},"end":{"line":138,"column":58}},"35":{"start":{"line":139,"column":14},"end":{"line":139,"column":57}},"36":{"start":{"line":141,"column":4},"end":{"line":141,"column":25}},"37":{"start":{"line":158,"column":4},"end":{"line":163,"column":5}},"38":{"start":{"line":159,"column":6},"end":{"line":161,"column":29}},"39":{"start":{"line":165,"column":23},"end":{"line":165,"column":54}},"40":{"start":{"line":167,"column":4},"end":{"line":170,"column":27}},"41":{"start":{"line":172,"column":4},"end":{"line":176,"column":5}},"42":{"start":{"line":173,"column":43},"end":{"line":173,"column":53}},"43":{"start":{"line":175,"column":6},"end":{"line":175,"column":42}},"44":{"start":{"line":178,"column":23},"end":{"line":182,"column":78}},"45":{"start":{"line":185,"column":4},"end":{"line":185,"column":24}},"46":{"start":{"line":186,"column":4},"end":{"line":186,"column":41}}},"fnMap":{"0":{"name":"(anonymous_0)","decl":{"start":{"line":5,"column":2},"end":{"line":5,"column":3}},"loc":{"start":{"line":5,"column":29},"end":{"line":7,"column":3}},"line":5},"1":{"name":"(anonymous_1)","decl":{"start":{"line":14,"column":2},"end":{"line":14,"column":3}},"loc":{"start":{"line":14,"column":22},"end":{"line":20,"column":3}},"line":14},"2":{"name":"(anonymous_2)","decl":{"start":{"line":28,"column":2},"end":{"line":28,"column":3}},"loc":{"start":{"line":28,"column":26},"end":{"line":38,"column":3}},"line":28},"3":{"name":"(anonymous_3)","decl":{"start":{"line":46,"column":2},"end":{"line":46,"column":3}},"loc":{"start":{"line":46,"column":34},"end":{"line":71,"column":3}},"line":46},"4":{"name":"(anonymous_4)","decl":{"start":{"line":80,"column":2},"end":{"line":80,"column":3}},"loc":{"start":{"line":80,"column":37},"end":{"line":97,"column":3}},"line":80},"5":{"name":"(anonymous_5)","decl":{"start":{"line":108,"column":2},"end":{"line":108,"column":3}},"loc":{"start":{"line":108,"column":39},"end":{"line":110,"column":3}},"line":108},"6":{"name":"(anonymous_6)","decl":{"start":{"line":117,"column":2},"end":{"line":117,"column":3}},"loc":{"start":{"line":117,"column":26},"end":{"line":130,"column":3}},"line":117},"7":{"name":"(anonymous_7)","decl":{"start":{"line":137,"column":2},"end":{"line":137,"column":3}},"loc":{"start":{"line":137,"column":28},"end":{"line":142,"column":3}},"line":137},"8":{"name":"(anonymous_8)","decl":{"start":{"line":153,"column":2},"end":{"line":153,"column":3}},"loc":{"start":{"line":157,"column":2},"end":{"line":186,"column":3}},"line":157}},"branchMap":{"0":{"loc":{"start":{"line":47,"column":4},"end":{"line":53,"column":5}},"type":"if","locations":[{"start":{"line":47,"column":4},"end":{"line":53,"column":5}},{"start":{"line":47,"column":4},"end":{"line":53,"column":5}}],"line":47},"1":{"loc":{"start":{"line":55,"column":4},"end":{"line":57,"column":5}},"type":"if","locations":[{"start":{"line":55,"column":4},"end":{"line":57,"column":5}},{"start":{"line":55,"column":4},"end":{"line":57,"column":5}}],"line":55},"2":{"loc":{"start":{"line":70,"column":11},"end":{"line":70,"column":39}},"type":"cond-expr","locations":[{"start":{"line":70,"column":28},"end":{"line":70,"column":29}},{"start":{"line":70,"column":32},"end":{"line":70,"column":39}}],"line":70},"3":{"loc":{"start":{"line":124,"column":4},"end":{"line":127,"column":5}},"type":"if","locations":[{"start":{"line":124,"column":4},"end":{"line":127,"column":5}},{"start":{"line":124,"column":4},"end":{"line":127,"column":5}}],"line":124},"4":{"loc":{"start":{"line":138,"column":15},"end":{"line":138,"column":58}},"type":"cond-expr","locations":[{"start":{"line":138,"column":36},"end":{"line":138,"column":54}},{"start":{"line":138,"column":57},"end":{"line":138,"column":58}}],"line":138},"5":{"loc":{"start":{"line":139,"column":14},"end":{"line":139,"column":57}},"type":"cond-expr","locations":[{"start":{"line":139,"column":35},"end":{"line":139,"column":53}},{"start":{"line":139,"column":56},"end":{"line":139,"column":57}}],"line":139},"6":{"loc":{"start":{"line":155,"column":2},"end":{"line":155,"column":45}},"type":"default-arg","locations":[{"start":{"line":155,"column":22},"end":{"line":155,"column":45}}],"line":155},"7":{"loc":{"start":{"line":156,"column":2},"end":{"line":156,"column":14}},"type":"default-arg","locations":[{"start":{"line":156,"column":13},"end":{"line":156,"column":14}}],"line":156},"8":{"loc":{"start":{"line":158,"column":4},"end":{"line":163,"column":5}},"type":"if","locations":[{"start":{"line":158,"column":4},"end":{"line":163,"column":5}},{"start":{"line":158,"column":4},"end":{"line":163,"column":5}}],"line":158},"9":{"loc":{"start":{"line":158,"column":8},"end":{"line":158,"column":71}},"type":"binary-expr","locations":[{"start":{"line":158,"column":8},"end":{"line":158,"column":16}},{"start":{"line":158,"column":20},"end":{"line":158,"column":71}}],"line":158},"10":{"loc":{"start":{"line":167,"column":4},"end":{"line":170,"column":27}},"type":"binary-expr","locations":[{"start":{"line":167,"column":4},"end":{"line":167,"column":24}},{"start":{"line":168,"column":4},"end":{"line":168,"column":25}},{"start":{"line":169,"column":4},"end":{"line":169,"column":26}},{"start":{"line":170,"column":4},"end":{"line":170,"column":27}}],"line":167},"11":{"loc":{"start":{"line":172,"column":4},"end":{"line":176,"column":5}},"type":"if","locations":[{"start":{"line":172,"column":4},"end":{"line":176,"column":5}},{"start":{"line":172,"column":4},"end":{"line":176,"column":5}}],"line":172},"12":{"loc":{"start":{"line":182,"column":15},"end":{"line":182,"column":60}},"type":"binary-expr","locations":[{"start":{"line":182,"column":15},"end":{"line":182,"column":32}},{"start":{"line":182,"column":36},"end":{"line":182,"column":42}},{"start":{"line":182,"column":46},"end":{"line":182,"column":55}},{"start":{"line":182,"column":59},"end":{"line":182,"column":60}}],"line":182}},"s":{"0":5,"1":5,"2":0,"3":10,"4":0,"5":0,"6":0,"7":0,"8":0,"9":1,"10":0,"11":1,"12":0,"13":1,"14":1,"15":1,"16":1,"17":2,"18":2,"19":2,"20":2,"21":2,"22":2,"23":2,"24":11,"25":1,"26":1,"27":1,"28":1,"29":1,"30":1,"31":1,"32":1,"33":1,"34":0,"35":0,"36":0,"37":4,"38":2,"39":2,"40":2,"41":2,"42":1,"43":1,"44":1,"45":1,"46":5},"f":{"0":0,"1":10,"2":0,"3":1,"4":2,"5":11,"6":1,"7":0,"8":4},"b":{"0":[0,1],"1":[0,1],"2":[0,1],"3":[1,0],"4":[0,0],"5":[0,0],"6":[2],"7":[2],"8":[2,2],"9":[4,3],"10":[2,1,1,1],"11":[1,1],"12":[1,0,0,0]},"_coverageSchema":"43e27e138ebf9cfc5966b082cf9a028302ed4184","hash":"07d7eddcf8c6acf00866268f4e3dcf176a8bd6b1"}
,"/Users/slavek/seznam/IMA.js/ui-atoms/src/UIComponentHelper.js": {"path":"/Users/slavek/seznam/IMA.js/ui-atoms/src/UIComponentHelper.js","statementMap":{"0":{"start":{"line":1,"column":13},"end":{"line":1,"column":75}},"1":{"start":{"line":1,"column":75},"end":{"line":1,"column":100}},"2":{"start":{"line":1,"column":126},"end":{"line":1,"column":181}},"3":{"start":{"line":2,"column":18},"end":{"line":2,"column":65}},"4":{"start":{"line":3,"column":22},"end":{"line":3,"column":48}},"5":{"start":{"line":3,"column":87},"end":{"line":3,"column":141}},"6":{"start":{"line":10,"column":4},"end":{"line":16,"column":19}},"7":{"start":{"line":43,"column":4},"end":{"line":43,"column":26}},"8":{"start":{"line":50,"column":4},"end":{"line":50,"column":26}},"9":{"start":{"line":57,"column":4},"end":{"line":57,"column":50}},"10":{"start":{"line":64,"column":4},"end":{"line":64,"column":34}},"11":{"start":{"line":71,"column":4},"end":{"line":71,"column":30}},"12":{"start":{"line":76,"column":4},"end":{"line":76,"column":56}},"13":{"start":{"line":83,"column":4},"end":{"line":83,"column":48}},"14":{"start":{"line":92,"column":4},"end":{"line":92,"column":28}},"15":{"start":{"line":101,"column":4},"end":{"line":101,"column":26}},"16":{"start":{"line":110,"column":4},"end":{"line":110,"column":36}},"17":{"start":{"line":119,"column":19},"end":{"line":119,"column":23}},"18":{"start":{"line":121,"column":4},"end":{"line":125,"column":5}},"19":{"start":{"line":122,"column":6},"end":{"line":122,"column":63}},"20":{"start":{"line":124,"column":6},"end":{"line":124,"column":23}},"21":{"start":{"line":127,"column":4},"end":{"line":127,"column":49}},"22":{"start":{"line":138,"column":20},"end":{"line":138,"column":22}},"23":{"start":{"line":140,"column":4},"end":{"line":144,"column":5}},"24":{"start":{"line":141,"column":6},"end":{"line":143,"column":7}},"25":{"start":{"line":142,"column":8},"end":{"line":142,"column":54}},"26":{"start":{"line":146,"column":4},"end":{"line":146,"column":21}},"27":{"start":{"line":157,"column":20},"end":{"line":157,"column":22}},"28":{"start":{"line":159,"column":4},"end":{"line":163,"column":5}},"29":{"start":{"line":160,"column":6},"end":{"line":162,"column":7}},"30":{"start":{"line":161,"column":8},"end":{"line":161,"column":54}},"31":{"start":{"line":165,"column":4},"end":{"line":165,"column":21}},"32":{"start":{"line":175,"column":4},"end":{"line":177,"column":11}},"33":{"start":{"line":176,"column":6},"end":{"line":176,"column":49}},"34":{"start":{"line":194,"column":4},"end":{"line":194,"column":59}},"35":{"start":{"line":203,"column":4},"end":{"line":211,"column":5}},"36":{"start":{"line":208,"column":6},"end":{"line":208,"column":56}},"37":{"start":{"line":210,"column":6},"end":{"line":210,"column":47}},"38":{"start":{"line":220,"column":17},"end":{"line":220,"column":21}},"39":{"start":{"line":222,"column":4},"end":{"line":230,"column":6}},"40":{"start":{"line":223,"column":24},"end":{"line":226,"column":30}},"41":{"start":{"line":229,"column":6},"end":{"line":229,"column":74}},"42":{"start":{"line":239,"column":17},"end":{"line":239,"column":21}},"43":{"start":{"line":240,"column":27},"end":{"line":242,"column":43}},"44":{"start":{"line":244,"column":36},"end":{"line":244,"column":40}},"45":{"start":{"line":245,"column":36},"end":{"line":245,"column":41}},"46":{"start":{"line":247,"column":19},"end":{"line":250,"column":22}},"47":{"start":{"line":248,"column":6},"end":{"line":248,"column":45}},"48":{"start":{"line":249,"column":6},"end":{"line":249,"column":80}},"49":{"start":{"line":251,"column":4},"end":{"line":251,"column":30}},"50":{"start":{"line":253,"column":4},"end":{"line":260,"column":6}},"51":{"start":{"line":254,"column":6},"end":{"line":257,"column":7}},"52":{"start":{"line":255,"column":8},"end":{"line":255,"column":41}},"53":{"start":{"line":256,"column":8},"end":{"line":256,"column":77}},"54":{"start":{"line":259,"column":6},"end":{"line":259,"column":53}},"55":{"start":{"line":268,"column":4},"end":{"line":293,"column":6}},"56":{"start":{"line":269,"column":24},"end":{"line":269,"column":35}},"57":{"start":{"line":271,"column":6},"end":{"line":292,"column":7}},"58":{"start":{"line":276,"column":63},"end":{"line":276,"column":70}},"59":{"start":{"line":278,"column":8},"end":{"line":278,"column":61}},"60":{"start":{"line":280,"column":8},"end":{"line":282,"column":18}},"61":{"start":{"line":284,"column":13},"end":{"line":292,"column":7}},"62":{"start":{"line":289,"column":8},"end":{"line":289,"column":60}},"63":{"start":{"line":291,"column":8},"end":{"line":291,"column":31}},"64":{"start":{"line":294,"column":4},"end":{"line":294,"column":40}}},"fnMap":{"0":{"name":"_interopRequireDefault","decl":{"start":{"line":3,"column":58},"end":{"line":3,"column":80}},"loc":{"start":{"line":3,"column":86},"end":{"line":3,"column":142}},"line":3},"1":{"name":"(anonymous_1)","decl":{"start":{"line":9,"column":2},"end":{"line":9,"column":3}},"loc":{"start":{"line":9,"column":29},"end":{"line":18,"column":3}},"line":9},"2":{"name":"(anonymous_2)","decl":{"start":{"line":30,"column":2},"end":{"line":30,"column":3}},"loc":{"start":{"line":37,"column":2},"end":{"line":77,"column":3}},"line":37},"3":{"name":"(anonymous_3)","decl":{"start":{"line":82,"column":2},"end":{"line":82,"column":3}},"loc":{"start":{"line":82,"column":9},"end":{"line":84,"column":3}},"line":82},"4":{"name":"(anonymous_4)","decl":{"start":{"line":91,"column":2},"end":{"line":91,"column":3}},"loc":{"start":{"line":91,"column":19},"end":{"line":93,"column":3}},"line":91},"5":{"name":"(anonymous_5)","decl":{"start":{"line":100,"column":2},"end":{"line":100,"column":3}},"loc":{"start":{"line":100,"column":17},"end":{"line":102,"column":3}},"line":100},"6":{"name":"(anonymous_6)","decl":{"start":{"line":109,"column":2},"end":{"line":109,"column":3}},"loc":{"start":{"line":109,"column":27},"end":{"line":111,"column":3}},"line":109},"7":{"name":"(anonymous_7)","decl":{"start":{"line":118,"column":2},"end":{"line":118,"column":3}},"loc":{"start":{"line":118,"column":10},"end":{"line":128,"column":3}},"line":118},"8":{"name":"(anonymous_8)","decl":{"start":{"line":137,"column":2},"end":{"line":137,"column":3}},"loc":{"start":{"line":137,"column":22},"end":{"line":147,"column":3}},"line":137},"9":{"name":"(anonymous_9)","decl":{"start":{"line":156,"column":2},"end":{"line":156,"column":3}},"loc":{"start":{"line":156,"column":22},"end":{"line":166,"column":3}},"line":156},"10":{"name":"(anonymous_10)","decl":{"start":{"line":174,"column":2},"end":{"line":174,"column":3}},"loc":{"start":{"line":174,"column":41},"end":{"line":178,"column":3}},"line":174},"11":{"name":"(anonymous_11)","decl":{"start":{"line":175,"column":38},"end":{"line":175,"column":39}},"loc":{"start":{"line":175,"column":55},"end":{"line":177,"column":5}},"line":175},"12":{"name":"(anonymous_12)","decl":{"start":{"line":193,"column":2},"end":{"line":193,"column":3}},"loc":{"start":{"line":193,"column":33},"end":{"line":195,"column":3}},"line":193},"13":{"name":"(anonymous_13)","decl":{"start":{"line":202,"column":2},"end":{"line":202,"column":3}},"loc":{"start":{"line":202,"column":40},"end":{"line":212,"column":3}},"line":202},"14":{"name":"(anonymous_14)","decl":{"start":{"line":219,"column":2},"end":{"line":219,"column":3}},"loc":{"start":{"line":219,"column":31},"end":{"line":231,"column":3}},"line":219},"15":{"name":"readVisibility","decl":{"start":{"line":222,"column":20},"end":{"line":222,"column":34}},"loc":{"start":{"line":222,"column":37},"end":{"line":230,"column":5}},"line":222},"16":{"name":"(anonymous_16)","decl":{"start":{"line":238,"column":2},"end":{"line":238,"column":3}},"loc":{"start":{"line":238,"column":40},"end":{"line":261,"column":3}},"line":238},"17":{"name":"(anonymous_17)","decl":{"start":{"line":247,"column":44},"end":{"line":247,"column":45}},"loc":{"start":{"line":247,"column":55},"end":{"line":250,"column":5}},"line":247},"18":{"name":"readVisibility","decl":{"start":{"line":253,"column":20},"end":{"line":253,"column":34}},"loc":{"start":{"line":253,"column":37},"end":{"line":260,"column":5}},"line":253},"19":{"name":"(anonymous_19)","decl":{"start":{"line":267,"column":2},"end":{"line":267,"column":3}},"loc":{"start":{"line":267,"column":31},"end":{"line":294,"column":3}},"line":267},"20":{"name":"parsePayload","decl":{"start":{"line":268,"column":20},"end":{"line":268,"column":32}},"loc":{"start":{"line":268,"column":46},"end":{"line":293,"column":5}},"line":268}},"branchMap":{"0":{"loc":{"start":{"line":3,"column":94},"end":{"line":3,"column":140}},"type":"cond-expr","locations":[{"start":{"line":3,"column":118},"end":{"line":3,"column":121}},{"start":{"line":3,"column":124},"end":{"line":3,"column":140}}],"line":3},"1":{"loc":{"start":{"line":3,"column":94},"end":{"line":3,"column":115}},"type":"binary-expr","locations":[{"start":{"line":3,"column":94},"end":{"line":3,"column":97}},{"start":{"line":3,"column":101},"end":{"line":3,"column":115}}],"line":3},"2":{"loc":{"start":{"line":127,"column":11},"end":{"line":127,"column":48}},"type":"binary-expr","locations":[{"start":{"line":127,"column":11},"end":{"line":127,"column":28}},{"start":{"line":127,"column":32},"end":{"line":127,"column":48}}],"line":127},"3":{"loc":{"start":{"line":141,"column":6},"end":{"line":143,"column":7}},"type":"if","locations":[{"start":{"line":141,"column":6},"end":{"line":143,"column":7}},{"start":{"line":141,"column":6},"end":{"line":143,"column":7}}],"line":141},"4":{"loc":{"start":{"line":160,"column":6},"end":{"line":162,"column":7}},"type":"if","locations":[{"start":{"line":160,"column":6},"end":{"line":162,"column":7}},{"start":{"line":160,"column":6},"end":{"line":162,"column":7}}],"line":160},"5":{"loc":{"start":{"line":174,"column":28},"end":{"line":174,"column":39}},"type":"default-arg","locations":[{"start":{"line":174,"column":37},"end":{"line":174,"column":39}}],"line":174},"6":{"loc":{"start":{"line":203,"column":4},"end":{"line":211,"column":5}},"type":"if","locations":[{"start":{"line":203,"column":4},"end":{"line":211,"column":5}},{"start":{"line":203,"column":4},"end":{"line":211,"column":5}}],"line":203},"7":{"loc":{"start":{"line":204,"column":4},"end":{"line":206,"column":49}},"type":"binary-expr","locations":[{"start":{"line":204,"column":4},"end":{"line":204,"column":35}},{"start":{"line":205,"column":4},"end":{"line":205,"column":27}},{"start":{"line":206,"column":4},"end":{"line":206,"column":49}}],"line":204},"8":{"loc":{"start":{"line":242,"column":17},"end":{"line":242,"column":41}},"type":"binary-expr","locations":[{"start":{"line":242,"column":17},"end":{"line":242,"column":34}},{"start":{"line":242,"column":38},"end":{"line":242,"column":41}}],"line":242},"9":{"loc":{"start":{"line":254,"column":6},"end":{"line":257,"column":7}},"type":"if","locations":[{"start":{"line":254,"column":6},"end":{"line":257,"column":7}},{"start":{"line":254,"column":6},"end":{"line":257,"column":7}}],"line":254},"10":{"loc":{"start":{"line":271,"column":6},"end":{"line":292,"column":7}},"type":"if","locations":[{"start":{"line":271,"column":6},"end":{"line":292,"column":7}},{"start":{"line":271,"column":6},"end":{"line":292,"column":7}}],"line":271},"11":{"loc":{"start":{"line":272,"column":6},"end":{"line":274,"column":39}},"type":"binary-expr","locations":[{"start":{"line":272,"column":6},"end":{"line":272,"column":33}},{"start":{"line":273,"column":6},"end":{"line":273,"column":22}},{"start":{"line":274,"column":6},"end":{"line":274,"column":39}}],"line":272},"12":{"loc":{"start":{"line":278,"column":8},"end":{"line":278,"column":61}},"type":"binary-expr","locations":[{"start":{"line":278,"column":8},"end":{"line":278,"column":37}},{"start":{"line":278,"column":41},"end":{"line":278,"column":61}}],"line":278},"13":{"loc":{"start":{"line":281,"column":8},"end":{"line":281,"column":67}},"type":"cond-expr","locations":[{"start":{"line":281,"column":32},"end":{"line":281,"column":61}},{"start":{"line":281,"column":64},"end":{"line":281,"column":67}}],"line":281},"14":{"loc":{"start":{"line":284,"column":13},"end":{"line":292,"column":7}},"type":"if","locations":[{"start":{"line":284,"column":13},"end":{"line":292,"column":7}},{"start":{"line":284,"column":13},"end":{"line":292,"column":7}}],"line":284},"15":{"loc":{"start":{"line":285,"column":6},"end":{"line":287,"column":24}},"type":"binary-expr","locations":[{"start":{"line":285,"column":6},"end":{"line":285,"column":33}},{"start":{"line":286,"column":6},"end":{"line":286,"column":22}},{"start":{"line":287,"column":6},"end":{"line":287,"column":24}}],"line":285}},"s":{"0":4,"1":4,"2":4,"3":4,"4":4,"5":8,"6":0,"7":19,"8":19,"9":19,"10":19,"11":19,"12":19,"13":0,"14":15,"15":0,"16":15,"17":19,"18":19,"19":19,"20":0,"21":19,"22":21,"23":21,"24":227,"25":12,"26":21,"27":7,"28":7,"29":84,"30":2,"31":7,"32":7,"33":2,"34":29,"35":16,"36":0,"37":16,"38":16,"39":16,"40":0,"41":0,"42":0,"43":0,"44":0,"45":0,"46":0,"47":0,"48":0,"49":0,"50":0,"51":0,"52":0,"53":0,"54":0,"55":19,"56":4,"57":4,"58":3,"59":3,"60":3,"61":1,"62":0,"63":1,"64":4},"f":{"0":8,"1":0,"2":19,"3":0,"4":15,"5":0,"6":15,"7":19,"8":21,"9":7,"10":7,"11":2,"12":29,"13":16,"14":16,"15":0,"16":0,"17":0,"18":0,"19":19,"20":4},"b":{"0":[8,0],"1":[8,8],"2":[19,18],"3":[12,215],"4":[2,82],"5":[0],"6":[0,16],"7":[16,15,15],"8":[0,0],"9":[0,0],"10":[3,1],"11":[4,3,3],"12":[3,2],"13":[2,1],"14":[0,1],"15":[1,0,0]},"_coverageSchema":"43e27e138ebf9cfc5966b082cf9a028302ed4184","hash":"09867123ca7b489974a78b8c25d6e2f6d96de4f4"}
,"/Users/slavek/seznam/IMA.js/ui-atoms/src/Visibility.js": {"path":"/Users/slavek/seznam/IMA.js/ui-atoms/src/Visibility.js","statementMap":{"0":{"start":{"line":1,"column":13},"end":{"line":1,"column":75}},"1":{"start":{"line":1,"column":75},"end":{"line":1,"column":100}},"2":{"start":{"line":1,"column":112},"end":{"line":1,"column":132}},"3":{"start":{"line":2,"column":22},"end":{"line":2,"column":48}},"4":{"start":{"line":20,"column":4},"end":{"line":20,"column":38}},"5":{"start":{"line":28,"column":4},"end":{"line":28,"column":26}},"6":{"start":{"line":34,"column":4},"end":{"line":34,"column":34}},"7":{"start":{"line":40,"column":4},"end":{"line":40,"column":49}},"8":{"start":{"line":49,"column":4},"end":{"line":51,"column":60}},"9":{"start":{"line":50,"column":24},"end":{"line":50,"column":52}},"10":{"start":{"line":51,"column":26},"end":{"line":51,"column":56}},"11":{"start":{"line":64,"column":4},"end":{"line":67,"column":53}},"12":{"start":{"line":77,"column":4},"end":{"line":77,"column":31}},"13":{"start":{"line":92,"column":14},"end":{"line":92,"column":38}},"14":{"start":{"line":93,"column":4},"end":{"line":93,"column":29}},"15":{"start":{"line":94,"column":19},"end":{"line":94,"column":20}},"16":{"start":{"line":95,"column":24},"end":{"line":95,"column":28}},"17":{"start":{"line":97,"column":4},"end":{"line":99,"column":5}},"18":{"start":{"line":98,"column":6},"end":{"line":98,"column":48}},"19":{"start":{"line":101,"column":4},"end":{"line":103,"column":5}},"20":{"start":{"line":102,"column":6},"end":{"line":102,"column":26}},"21":{"start":{"line":106,"column":6},"end":{"line":111,"column":7}},"22":{"start":{"line":107,"column":8},"end":{"line":107,"column":21}},"23":{"start":{"line":108,"column":8},"end":{"line":108,"column":39}},"24":{"start":{"line":110,"column":8},"end":{"line":110,"column":49}},"25":{"start":{"line":114,"column":4},"end":{"line":121,"column":6}},"26":{"start":{"line":115,"column":6},"end":{"line":115,"column":27}},"27":{"start":{"line":117,"column":6},"end":{"line":120,"column":7}},"28":{"start":{"line":118,"column":8},"end":{"line":118,"column":41}},"29":{"start":{"line":119,"column":8},"end":{"line":119,"column":24}},"30":{"start":{"line":130,"column":4},"end":{"line":130,"column":32}},"31":{"start":{"line":139,"column":4},"end":{"line":142,"column":10}},"32":{"start":{"line":144,"column":4},"end":{"line":144,"column":79}},"33":{"start":{"line":145,"column":4},"end":{"line":145,"column":79}},"34":{"start":{"line":154,"column":4},"end":{"line":157,"column":10}},"35":{"start":{"line":159,"column":4},"end":{"line":162,"column":12}},"36":{"start":{"line":164,"column":4},"end":{"line":167,"column":12}},"37":{"start":{"line":177,"column":20},"end":{"line":179,"column":14}},"38":{"start":{"line":182,"column":4},"end":{"line":182,"column":25}},"39":{"start":{"line":183,"column":4},"end":{"line":183,"column":33}}},"fnMap":{"0":{"name":"(anonymous_0)","decl":{"start":{"line":19,"column":2},"end":{"line":19,"column":3}},"loc":{"start":{"line":19,"column":29},"end":{"line":21,"column":3}},"line":19},"1":{"name":"(anonymous_1)","decl":{"start":{"line":23,"column":2},"end":{"line":23,"column":3}},"loc":{"start":{"line":23,"column":34},"end":{"line":41,"column":3}},"line":23},"2":{"name":"(anonymous_2)","decl":{"start":{"line":48,"column":2},"end":{"line":48,"column":3}},"loc":{"start":{"line":48,"column":28},"end":{"line":53,"column":3}},"line":48},"3":{"name":"(anonymous_3)","decl":{"start":{"line":50,"column":14},"end":{"line":50,"column":15}},"loc":{"start":{"line":50,"column":24},"end":{"line":50,"column":52}},"line":50},"4":{"name":"(anonymous_4)","decl":{"start":{"line":51,"column":16},"end":{"line":51,"column":17}},"loc":{"start":{"line":51,"column":26},"end":{"line":51,"column":56}},"line":51},"5":{"name":"(anonymous_5)","decl":{"start":{"line":63,"column":2},"end":{"line":63,"column":3}},"loc":{"start":{"line":63,"column":60},"end":{"line":69,"column":3}},"line":63},"6":{"name":"(anonymous_6)","decl":{"start":{"line":76,"column":2},"end":{"line":76,"column":3}},"loc":{"start":{"line":76,"column":17},"end":{"line":78,"column":3}},"line":76},"7":{"name":"(anonymous_7)","decl":{"start":{"line":91,"column":2},"end":{"line":91,"column":3}},"loc":{"start":{"line":91,"column":44},"end":{"line":122,"column":3}},"line":91},"8":{"name":"suspendAction","decl":{"start":{"line":105,"column":13},"end":{"line":105,"column":26}},"loc":{"start":{"line":105,"column":29},"end":{"line":112,"column":5}},"line":105},"9":{"name":"throttle","decl":{"start":{"line":114,"column":20},"end":{"line":114,"column":28}},"loc":{"start":{"line":114,"column":38},"end":{"line":121,"column":5}},"line":114},"10":{"name":"(anonymous_10)","decl":{"start":{"line":129,"column":2},"end":{"line":129,"column":3}},"loc":{"start":{"line":129,"column":18},"end":{"line":131,"column":3}},"line":129},"11":{"name":"(anonymous_11)","decl":{"start":{"line":138,"column":2},"end":{"line":138,"column":3}},"loc":{"start":{"line":138,"column":26},"end":{"line":146,"column":3}},"line":138},"12":{"name":"(anonymous_12)","decl":{"start":{"line":153,"column":2},"end":{"line":153,"column":3}},"loc":{"start":{"line":153,"column":28},"end":{"line":169,"column":3}},"line":153},"13":{"name":"(anonymous_13)","decl":{"start":{"line":176,"column":2},"end":{"line":176,"column":3}},"loc":{"start":{"line":176,"column":31},"end":{"line":183,"column":3}},"line":176}},"branchMap":{"0":{"loc":{"start":{"line":63,"column":24},"end":{"line":63,"column":58}},"type":"default-arg","locations":[{"start":{"line":63,"column":31},"end":{"line":63,"column":58}}],"line":63},"1":{"loc":{"start":{"line":93,"column":15},"end":{"line":93,"column":28}},"type":"binary-expr","locations":[{"start":{"line":93,"column":15},"end":{"line":93,"column":23}},{"start":{"line":93,"column":27},"end":{"line":93,"column":28}}],"line":93},"2":{"loc":{"start":{"line":97,"column":4},"end":{"line":99,"column":5}},"type":"if","locations":[{"start":{"line":97,"column":4},"end":{"line":99,"column":5}},{"start":{"line":97,"column":4},"end":{"line":99,"column":5}}],"line":97},"3":{"loc":{"start":{"line":101,"column":4},"end":{"line":103,"column":5}},"type":"if","locations":[{"start":{"line":101,"column":4},"end":{"line":103,"column":5}},{"start":{"line":101,"column":4},"end":{"line":103,"column":5}}],"line":101},"4":{"loc":{"start":{"line":106,"column":6},"end":{"line":111,"column":7}},"type":"if","locations":[{"start":{"line":106,"column":6},"end":{"line":111,"column":7}},{"start":{"line":106,"column":6},"end":{"line":111,"column":7}}],"line":106},"5":{"loc":{"start":{"line":106,"column":10},"end":{"line":106,"column":62}},"type":"binary-expr","locations":[{"start":{"line":106,"column":10},"end":{"line":106,"column":32}},{"start":{"line":106,"column":36},"end":{"line":106,"column":62}}],"line":106},"6":{"loc":{"start":{"line":117,"column":6},"end":{"line":120,"column":7}},"type":"if","locations":[{"start":{"line":117,"column":6},"end":{"line":120,"column":7}},{"start":{"line":117,"column":6},"end":{"line":120,"column":7}}],"line":117}},"s":{"0":5,"1":5,"2":5,"3":5,"4":0,"5":3,"6":3,"7":3,"8":3,"9":3,"10":1,"11":3,"12":1,"13":0,"14":0,"15":0,"16":0,"17":0,"18":0,"19":0,"20":0,"21":0,"22":0,"23":0,"24":0,"25":0,"26":0,"27":0,"28":0,"29":0,"30":0,"31":2,"32":2,"33":2,"34":0,"35":0,"36":0,"37":0,"38":0,"39":5},"f":{"0":0,"1":3,"2":3,"3":3,"4":1,"5":3,"6":1,"7":0,"8":0,"9":0,"10":0,"11":2,"12":0,"13":0},"b":{"0":[0],"1":[0,0],"2":[0,0],"3":[0,0],"4":[0,0],"5":[0,0],"6":[0,0]},"_coverageSchema":"43e27e138ebf9cfc5966b082cf9a028302ed4184","hash":"cf4896534bfbdd99ae4fa17d66b6cde8e04a78f5"}
,"/Users/slavek/seznam/IMA.js/ui-atoms/src/main.js": {"path":"/Users/slavek/seznam/IMA.js/ui-atoms/src/main.js","statementMap":{"0":{"start":{"line":1,"column":13},"end":{"line":1,"column":75}},"1":{"start":{"line":1,"column":75},"end":{"line":1,"column":193}},"2":{"start":{"line":1,"column":156},"end":{"line":1,"column":188}},"3":{"start":{"line":1,"column":193},"end":{"line":1,"column":307}},"4":{"start":{"line":1,"column":272},"end":{"line":1,"column":302}},"5":{"start":{"line":1,"column":307},"end":{"line":1,"column":417}},"6":{"start":{"line":1,"column":384},"end":{"line":1,"column":412}},"7":{"start":{"line":1,"column":417},"end":{"line":1,"column":546}},"8":{"start":{"line":1,"column":507},"end":{"line":1,"column":541}},"9":{"start":{"line":1,"column":546},"end":{"line":1,"column":677}},"10":{"start":{"line":1,"column":637},"end":{"line":1,"column":672}},"11":{"start":{"line":1,"column":677},"end":{"line":1,"column":792}},"12":{"start":{"line":1,"column":760},"end":{"line":1,"column":787}},"13":{"start":{"line":1,"column":792},"end":{"line":1,"column":903}},"14":{"start":{"line":1,"column":873},"end":{"line":1,"column":898}},"15":{"start":{"line":1,"column":903},"end":{"line":1,"column":1016}},"16":{"start":{"line":1,"column":985},"end":{"line":1,"column":1011}},"17":{"start":{"line":1,"column":1016},"end":{"line":1,"column":1122}},"18":{"start":{"line":1,"column":1091},"end":{"line":1,"column":1117}},"19":{"start":{"line":1,"column":1122},"end":{"line":1,"column":1235}},"20":{"start":{"line":1,"column":1204},"end":{"line":1,"column":1230}},"21":{"start":{"line":1,"column":1235},"end":{"line":1,"column":1341}},"22":{"start":{"line":1,"column":1310},"end":{"line":1,"column":1336}},"23":{"start":{"line":1,"column":1341},"end":{"line":1,"column":1454}},"24":{"start":{"line":1,"column":1423},"end":{"line":1,"column":1449}},"25":{"start":{"line":1,"column":1454},"end":{"line":1,"column":1560}},"26":{"start":{"line":1,"column":1529},"end":{"line":1,"column":1555}},"27":{"start":{"line":1,"column":1560},"end":{"line":1,"column":1673}},"28":{"start":{"line":1,"column":1642},"end":{"line":1,"column":1668}},"29":{"start":{"line":1,"column":1673},"end":{"line":1,"column":1779}},"30":{"start":{"line":1,"column":1748},"end":{"line":1,"column":1774}},"31":{"start":{"line":1,"column":1779},"end":{"line":1,"column":1892}},"32":{"start":{"line":1,"column":1861},"end":{"line":1,"column":1887}},"33":{"start":{"line":1,"column":1892},"end":{"line":1,"column":1998}},"34":{"start":{"line":1,"column":1967},"end":{"line":1,"column":1993}},"35":{"start":{"line":1,"column":1998},"end":{"line":1,"column":2111}},"36":{"start":{"line":1,"column":2080},"end":{"line":1,"column":2106}},"37":{"start":{"line":1,"column":2111},"end":{"line":1,"column":2217}},"38":{"start":{"line":1,"column":2186},"end":{"line":1,"column":2212}},"39":{"start":{"line":1,"column":2217},"end":{"line":1,"column":2324}},"40":{"start":{"line":1,"column":2296},"end":{"line":1,"column":2319}},"41":{"start":{"line":1,"column":2324},"end":{"line":1,"column":2429}},"42":{"start":{"line":1,"column":2402},"end":{"line":1,"column":2424}},"43":{"start":{"line":1,"column":2429},"end":{"line":1,"column":2532}},"44":{"start":{"line":1,"column":2505},"end":{"line":1,"column":2527}},"45":{"start":{"line":1,"column":2532},"end":{"line":1,"column":2635}},"46":{"start":{"line":1,"column":2609},"end":{"line":1,"column":2630}},"47":{"start":{"line":1,"column":2635},"end":{"line":1,"column":2735}},"48":{"start":{"line":1,"column":2709},"end":{"line":1,"column":2730}},"49":{"start":{"line":1,"column":2735},"end":{"line":1,"column":2838}},"50":{"start":{"line":1,"column":2812},"end":{"line":1,"column":2833}},"51":{"start":{"line":1,"column":2838},"end":{"line":1,"column":2955}},"52":{"start":{"line":1,"column":2922},"end":{"line":1,"column":2950}},"53":{"start":{"line":1,"column":2955},"end":{"line":1,"column":3063}},"54":{"start":{"line":1,"column":3030},"end":{"line":1,"column":3058}},"55":{"start":{"line":1,"column":3063},"end":{"line":1,"column":3184}},"56":{"start":{"line":1,"column":3149},"end":{"line":1,"column":3179}},"57":{"start":{"line":1,"column":3184},"end":{"line":1,"column":3294}},"58":{"start":{"line":1,"column":3259},"end":{"line":1,"column":3289}},"59":{"start":{"line":1,"column":3294},"end":{"line":1,"column":3405}},"60":{"start":{"line":1,"column":3375},"end":{"line":1,"column":3400}},"61":{"start":{"line":1,"column":3405},"end":{"line":1,"column":3510}},"62":{"start":{"line":1,"column":3480},"end":{"line":1,"column":3505}},"63":{"start":{"line":1,"column":3510},"end":{"line":1,"column":3617}},"64":{"start":{"line":1,"column":3589},"end":{"line":1,"column":3612}},"65":{"start":{"line":1,"column":3617},"end":{"line":1,"column":3730}},"66":{"start":{"line":1,"column":3699},"end":{"line":1,"column":3725}},"67":{"start":{"line":1,"column":3730},"end":{"line":1,"column":3835}},"68":{"start":{"line":1,"column":3804},"end":{"line":1,"column":3830}},"69":{"start":{"line":1,"column":3835},"end":{"line":1,"column":3940}},"70":{"start":{"line":1,"column":3913},"end":{"line":1,"column":3935}},"71":{"start":{"line":1,"column":3940},"end":{"line":1,"column":4045}},"72":{"start":{"line":1,"column":4018},"end":{"line":1,"column":4040}},"73":{"start":{"line":1,"column":4045},"end":{"line":1,"column":4176}},"74":{"start":{"line":1,"column":4188},"end":{"line":1,"column":4208}},"75":{"start":{"line":2,"column":22},"end":{"line":2,"column":48}},"76":{"start":{"line":4,"column":25},"end":{"line":4,"column":79}},"77":{"start":{"line":5,"column":26},"end":{"line":5,"column":81}},"78":{"start":{"line":6,"column":18},"end":{"line":6,"column":65}},"79":{"start":{"line":8,"column":16},"end":{"line":8,"column":70}},"80":{"start":{"line":9,"column":17},"end":{"line":9,"column":72}},"81":{"start":{"line":10,"column":17},"end":{"line":10,"column":72}},"82":{"start":{"line":11,"column":17},"end":{"line":11,"column":72}},"83":{"start":{"line":12,"column":17},"end":{"line":12,"column":72}},"84":{"start":{"line":13,"column":17},"end":{"line":13,"column":72}},"85":{"start":{"line":14,"column":17},"end":{"line":14,"column":72}},"86":{"start":{"line":16,"column":14},"end":{"line":16,"column":64}},"87":{"start":{"line":18,"column":13},"end":{"line":18,"column":61}},"88":{"start":{"line":20,"column":12},"end":{"line":20,"column":58}},"89":{"start":{"line":22,"column":12},"end":{"line":22,"column":58}},"90":{"start":{"line":23,"column":19},"end":{"line":23,"column":72}},"91":{"start":{"line":24,"column":21},"end":{"line":24,"column":76}},"92":{"start":{"line":25,"column":16},"end":{"line":25,"column":66}},"93":{"start":{"line":27,"column":14},"end":{"line":27,"column":64}},"94":{"start":{"line":29,"column":17},"end":{"line":29,"column":73}},"95":{"start":{"line":31,"column":13},"end":{"line":31,"column":61}},"96":{"start":{"line":33,"column":13},"end":{"line":33,"column":61}},"97":{"start":{"line":33,"column":100},"end":{"line":33,"column":154}},"98":{"start":{"line":35,"column":28},"end":{"line":35,"column":89}},"99":{"start":{"line":35,"column":90},"end":{"line":35,"column":140}},"100":{"start":{"line":37,"column":27},"end":{"line":94,"column":1}},"101":{"start":{"line":38,"column":2},"end":{"line":38,"column":30}},"102":{"start":{"line":39,"column":2},"end":{"line":39,"column":39}},"103":{"start":{"line":40,"column":2},"end":{"line":40,"column":37}},"104":{"start":{"line":41,"column":2},"end":{"line":41,"column":36}},"105":{"start":{"line":42,"column":2},"end":{"line":42,"column":35}},"106":{"start":{"line":43,"column":2},"end":{"line":43,"column":35}},"107":{"start":{"line":44,"column":2},"end":{"line":44,"column":37}},"108":{"start":{"line":45,"column":2},"end":{"line":45,"column":40}},"109":{"start":{"line":46,"column":2},"end":{"line":46,"column":36}},"110":{"start":{"line":47,"column":2},"end":{"line":47,"column":36}},"111":{"start":{"line":49,"column":21},"end":{"line":49,"column":44}},"112":{"start":{"line":50,"column":2},"end":{"line":50,"column":42}},"113":{"start":{"line":51,"column":2},"end":{"line":51,"column":44}},"114":{"start":{"line":52,"column":2},"end":{"line":52,"column":44}},"115":{"start":{"line":53,"column":2},"end":{"line":53,"column":44}},"116":{"start":{"line":54,"column":2},"end":{"line":54,"column":44}},"117":{"start":{"line":55,"column":2},"end":{"line":55,"column":44}},"118":{"start":{"line":56,"column":2},"end":{"line":56,"column":44}},"119":{"start":{"line":57,"column":2},"end":{"line":57,"column":37}},"120":{"start":{"line":58,"column":2},"end":{"line":58,"column":37}},"121":{"start":{"line":59,"column":2},"end":{"line":59,"column":37}},"122":{"start":{"line":60,"column":2},"end":{"line":60,"column":37}},"123":{"start":{"line":61,"column":2},"end":{"line":61,"column":37}},"124":{"start":{"line":62,"column":2},"end":{"line":62,"column":37}},"125":{"start":{"line":64,"column":2},"end":{"line":64,"column":49}},"126":{"start":{"line":66,"column":2},"end":{"line":66,"column":46}},"127":{"start":{"line":67,"column":2},"end":{"line":67,"column":44}},"128":{"start":{"line":69,"column":2},"end":{"line":69,"column":43}},"129":{"start":{"line":70,"column":2},"end":{"line":70,"column":40}},"130":{"start":{"line":72,"column":17},"end":{"line":72,"column":36}},"131":{"start":{"line":73,"column":2},"end":{"line":73,"column":30}},"132":{"start":{"line":74,"column":2},"end":{"line":74,"column":38}},"133":{"start":{"line":75,"column":2},"end":{"line":75,"column":44}},"134":{"start":{"line":76,"column":2},"end":{"line":76,"column":48}},"135":{"start":{"line":77,"column":2},"end":{"line":77,"column":32}},"136":{"start":{"line":78,"column":2},"end":{"line":78,"column":35}},"137":{"start":{"line":79,"column":2},"end":{"line":79,"column":37}},"138":{"start":{"line":81,"column":2},"end":{"line":81,"column":49}},"139":{"start":{"line":83,"column":2},"end":{"line":83,"column":58}},"140":{"start":{"line":84,"column":2},"end":{"line":84,"column":50}},"141":{"start":{"line":86,"column":2},"end":{"line":86,"column":46}},"142":{"start":{"line":88,"column":2},"end":{"line":88,"column":46}},"143":{"start":{"line":90,"column":2},"end":{"line":90,"column":64}},"144":{"start":{"line":91,"column":2},"end":{"line":91,"column":50}},"145":{"start":{"line":92,"column":2},"end":{"line":92,"column":66}},"146":{"start":{"line":93,"column":2},"end":{"line":93,"column":59}},"147":{"start":{"line":94,"column":2},"end":{"line":94,"column":50}},"148":{"start":{"line":96,"column":17},"end":{"line":99,"column":1}},"149":{"start":{"line":97,"column":2},"end":{"line":97,"column":42}},"150":{"start":{"line":99,"column":2},"end":{"line":99,"column":30}},"151":{"start":{"line":101,"column":21},"end":{"line":109,"column":1}},"152":{"start":{"line":102,"column":2},"end":{"line":102,"column":44}},"153":{"start":{"line":104,"column":2},"end":{"line":107,"column":23}},"154":{"start":{"line":109,"column":2},"end":{"line":109,"column":38}},"155":{"start":{"line":111,"column":21},"end":{"line":130,"column":1}},"156":{"start":{"line":112,"column":2},"end":{"line":124,"column":36}},"157":{"start":{"line":130,"column":2},"end":{"line":130,"column":38}}},"fnMap":{"0":{"name":"(anonymous_0)","decl":{"start":{"line":1,"column":143},"end":{"line":1,"column":144}},"loc":{"start":{"line":1,"column":155},"end":{"line":1,"column":189}},"line":1},"1":{"name":"(anonymous_1)","decl":{"start":{"line":1,"column":259},"end":{"line":1,"column":260}},"loc":{"start":{"line":1,"column":271},"end":{"line":1,"column":303}},"line":1},"2":{"name":"(anonymous_2)","decl":{"start":{"line":1,"column":371},"end":{"line":1,"column":372}},"loc":{"start":{"line":1,"column":383},"end":{"line":1,"column":413}},"line":1},"3":{"name":"(anonymous_3)","decl":{"start":{"line":1,"column":494},"end":{"line":1,"column":495}},"loc":{"start":{"line":1,"column":506},"end":{"line":1,"column":542}},"line":1},"4":{"name":"(anonymous_4)","decl":{"start":{"line":1,"column":624},"end":{"line":1,"column":625}},"loc":{"start":{"line":1,"column":636},"end":{"line":1,"column":673}},"line":1},"5":{"name":"(anonymous_5)","decl":{"start":{"line":1,"column":747},"end":{"line":1,"column":748}},"loc":{"start":{"line":1,"column":759},"end":{"line":1,"column":788}},"line":1},"6":{"name":"(anonymous_6)","decl":{"start":{"line":1,"column":860},"end":{"line":1,"column":861}},"loc":{"start":{"line":1,"column":872},"end":{"line":1,"column":899}},"line":1},"7":{"name":"(anonymous_7)","decl":{"start":{"line":1,"column":972},"end":{"line":1,"column":973}},"loc":{"start":{"line":1,"column":984},"end":{"line":1,"column":1012}},"line":1},"8":{"name":"(anonymous_8)","decl":{"start":{"line":1,"column":1078},"end":{"line":1,"column":1079}},"loc":{"start":{"line":1,"column":1090},"end":{"line":1,"column":1118}},"line":1},"9":{"name":"(anonymous_9)","decl":{"start":{"line":1,"column":1191},"end":{"line":1,"column":1192}},"loc":{"start":{"line":1,"column":1203},"end":{"line":1,"column":1231}},"line":1},"10":{"name":"(anonymous_10)","decl":{"start":{"line":1,"column":1297},"end":{"line":1,"column":1298}},"loc":{"start":{"line":1,"column":1309},"end":{"line":1,"column":1337}},"line":1},"11":{"name":"(anonymous_11)","decl":{"start":{"line":1,"column":1410},"end":{"line":1,"column":1411}},"loc":{"start":{"line":1,"column":1422},"end":{"line":1,"column":1450}},"line":1},"12":{"name":"(anonymous_12)","decl":{"start":{"line":1,"column":1516},"end":{"line":1,"column":1517}},"loc":{"start":{"line":1,"column":1528},"end":{"line":1,"column":1556}},"line":1},"13":{"name":"(anonymous_13)","decl":{"start":{"line":1,"column":1629},"end":{"line":1,"column":1630}},"loc":{"start":{"line":1,"column":1641},"end":{"line":1,"column":1669}},"line":1},"14":{"name":"(anonymous_14)","decl":{"start":{"line":1,"column":1735},"end":{"line":1,"column":1736}},"loc":{"start":{"line":1,"column":1747},"end":{"line":1,"column":1775}},"line":1},"15":{"name":"(anonymous_15)","decl":{"start":{"line":1,"column":1848},"end":{"line":1,"column":1849}},"loc":{"start":{"line":1,"column":1860},"end":{"line":1,"column":1888}},"line":1},"16":{"name":"(anonymous_16)","decl":{"start":{"line":1,"column":1954},"end":{"line":1,"column":1955}},"loc":{"start":{"line":1,"column":1966},"end":{"line":1,"column":1994}},"line":1},"17":{"name":"(anonymous_17)","decl":{"start":{"line":1,"column":2067},"end":{"line":1,"column":2068}},"loc":{"start":{"line":1,"column":2079},"end":{"line":1,"column":2107}},"line":1},"18":{"name":"(anonymous_18)","decl":{"start":{"line":1,"column":2173},"end":{"line":1,"column":2174}},"loc":{"start":{"line":1,"column":2185},"end":{"line":1,"column":2213}},"line":1},"19":{"name":"(anonymous_19)","decl":{"start":{"line":1,"column":2283},"end":{"line":1,"column":2284}},"loc":{"start":{"line":1,"column":2295},"end":{"line":1,"column":2320}},"line":1},"20":{"name":"(anonymous_20)","decl":{"start":{"line":1,"column":2389},"end":{"line":1,"column":2390}},"loc":{"start":{"line":1,"column":2401},"end":{"line":1,"column":2425}},"line":1},"21":{"name":"(anonymous_21)","decl":{"start":{"line":1,"column":2492},"end":{"line":1,"column":2493}},"loc":{"start":{"line":1,"column":2504},"end":{"line":1,"column":2528}},"line":1},"22":{"name":"(anonymous_22)","decl":{"start":{"line":1,"column":2596},"end":{"line":1,"column":2597}},"loc":{"start":{"line":1,"column":2608},"end":{"line":1,"column":2631}},"line":1},"23":{"name":"(anonymous_23)","decl":{"start":{"line":1,"column":2696},"end":{"line":1,"column":2697}},"loc":{"start":{"line":1,"column":2708},"end":{"line":1,"column":2731}},"line":1},"24":{"name":"(anonymous_24)","decl":{"start":{"line":1,"column":2799},"end":{"line":1,"column":2800}},"loc":{"start":{"line":1,"column":2811},"end":{"line":1,"column":2834}},"line":1},"25":{"name":"(anonymous_25)","decl":{"start":{"line":1,"column":2909},"end":{"line":1,"column":2910}},"loc":{"start":{"line":1,"column":2921},"end":{"line":1,"column":2951}},"line":1},"26":{"name":"(anonymous_26)","decl":{"start":{"line":1,"column":3017},"end":{"line":1,"column":3018}},"loc":{"start":{"line":1,"column":3029},"end":{"line":1,"column":3059}},"line":1},"27":{"name":"(anonymous_27)","decl":{"start":{"line":1,"column":3136},"end":{"line":1,"column":3137}},"loc":{"start":{"line":1,"column":3148},"end":{"line":1,"column":3180}},"line":1},"28":{"name":"(anonymous_28)","decl":{"start":{"line":1,"column":3246},"end":{"line":1,"column":3247}},"loc":{"start":{"line":1,"column":3258},"end":{"line":1,"column":3290}},"line":1},"29":{"name":"(anonymous_29)","decl":{"start":{"line":1,"column":3362},"end":{"line":1,"column":3363}},"loc":{"start":{"line":1,"column":3374},"end":{"line":1,"column":3401}},"line":1},"30":{"name":"(anonymous_30)","decl":{"start":{"line":1,"column":3467},"end":{"line":1,"column":3468}},"loc":{"start":{"line":1,"column":3479},"end":{"line":1,"column":3506}},"line":1},"31":{"name":"(anonymous_31)","decl":{"start":{"line":1,"column":3576},"end":{"line":1,"column":3577}},"loc":{"start":{"line":1,"column":3588},"end":{"line":1,"column":3613}},"line":1},"32":{"name":"(anonymous_32)","decl":{"start":{"line":1,"column":3686},"end":{"line":1,"column":3687}},"loc":{"start":{"line":1,"column":3698},"end":{"line":1,"column":3726}},"line":1},"33":{"name":"(anonymous_33)","decl":{"start":{"line":1,"column":3791},"end":{"line":1,"column":3792}},"loc":{"start":{"line":1,"column":3803},"end":{"line":1,"column":3831}},"line":1},"34":{"name":"(anonymous_34)","decl":{"start":{"line":1,"column":3900},"end":{"line":1,"column":3901}},"loc":{"start":{"line":1,"column":3912},"end":{"line":1,"column":3936}},"line":1},"35":{"name":"(anonymous_35)","decl":{"start":{"line":1,"column":4005},"end":{"line":1,"column":4006}},"loc":{"start":{"line":1,"column":4017},"end":{"line":1,"column":4041}},"line":1},"36":{"name":"_interopRequireDefault","decl":{"start":{"line":33,"column":71},"end":{"line":33,"column":93}},"loc":{"start":{"line":33,"column":99},"end":{"line":33,"column":155}},"line":33},"37":{"name":"(anonymous_37)","decl":{"start":{"line":37,"column":27},"end":{"line":37,"column":28}},"loc":{"start":{"line":37,"column":33},"end":{"line":94,"column":1}},"line":37},"38":{"name":"(anonymous_38)","decl":{"start":{"line":96,"column":17},"end":{"line":96,"column":18}},"loc":{"start":{"line":96,"column":29},"end":{"line":99,"column":1}},"line":96},"39":{"name":"(anonymous_39)","decl":{"start":{"line":101,"column":21},"end":{"line":101,"column":22}},"loc":{"start":{"line":101,"column":33},"end":{"line":109,"column":1}},"line":101},"40":{"name":"(anonymous_40)","decl":{"start":{"line":111,"column":21},"end":{"line":111,"column":22}},"loc":{"start":{"line":111,"column":27},"end":{"line":130,"column":1}},"line":111}},"branchMap":{"0":{"loc":{"start":{"line":33,"column":107},"end":{"line":33,"column":153}},"type":"cond-expr","locations":[{"start":{"line":33,"column":131},"end":{"line":33,"column":134}},{"start":{"line":33,"column":137},"end":{"line":33,"column":153}}],"line":33},"1":{"loc":{"start":{"line":33,"column":107},"end":{"line":33,"column":128}},"type":"binary-expr","locations":[{"start":{"line":33,"column":107},"end":{"line":33,"column":110}},{"start":{"line":33,"column":114},"end":{"line":33,"column":128}}],"line":33}},"s":{"0":2,"1":2,"2":0,"3":2,"4":0,"5":2,"6":0,"7":2,"8":0,"9":2,"10":0,"11":2,"12":0,"13":2,"14":1,"15":2,"16":1,"17":2,"18":1,"19":2,"20":0,"21":2,"22":0,"23":2,"24":0,"25":2,"26":0,"27":2,"28":0,"29":2,"30":0,"31":2,"32":0,"33":2,"34":0,"35":2,"36":0,"37":2,"38":0,"39":2,"40":6,"41":2,"42":6,"43":2,"44":1,"45":2,"46":1,"47":2,"48":1,"49":2,"50":1,"51":2,"52":0,"53":2,"54":0,"55":2,"56":1,"57":2,"58":1,"59":2,"60":1,"61":2,"62":1,"63":2,"64":1,"65":2,"66":1,"67":2,"68":1,"69":2,"70":1,"71":2,"72":6,"73":2,"74":2,"75":2,"76":2,"77":2,"78":2,"79":2,"80":2,"81":2,"82":2,"83":2,"84":2,"85":2,"86":2,"87":2,"88":2,"89":2,"90":2,"91":2,"92":2,"93":2,"94":2,"95":2,"96":2,"97":42,"98":2,"99":2,"100":2,"101":1,"102":1,"103":1,"104":1,"105":1,"106":1,"107":1,"108":1,"109":1,"110":1,"111":1,"112":1,"113":1,"114":1,"115":1,"116":1,"117":1,"118":1,"119":1,"120":1,"121":1,"122":1,"123":1,"124":1,"125":1,"126":1,"127":1,"128":1,"129":1,"130":1,"131":1,"132":1,"133":1,"134":1,"135":1,"136":1,"137":1,"138":1,"139":1,"140":1,"141":1,"142":1,"143":1,"144":1,"145":1,"146":1,"147":2,"148":2,"149":0,"150":2,"151":2,"152":0,"153":0,"154":2,"155":2,"156":0,"157":2},"f":{"0":0,"1":0,"2":0,"3":0,"4":0,"5":0,"6":1,"7":1,"8":1,"9":0,"10":0,"11":0,"12":0,"13":0,"14":0,"15":0,"16":0,"17":0,"18":0,"19":6,"20":6,"21":1,"22":1,"23":1,"24":1,"25":0,"26":0,"27":1,"28":1,"29":1,"30":1,"31":1,"32":1,"33":1,"34":1,"35":6,"36":42,"37":1,"38":0,"39":0,"40":0},"b":{"0":[42,0],"1":[42,42]},"_coverageSchema":"43e27e138ebf9cfc5966b082cf9a028302ed4184","hash":"a0c8d8756dc669e9bf32296fcdf1a0c11f37754a"}
,"/Users/slavek/seznam/IMA.js/ui-atoms/src/headline/Headline.jsx": {"path":"/Users/slavek/seznam/IMA.js/ui-atoms/src/headline/Headline.jsx","statementMap":{"0":{"start":{"line":1,"column":13},"end":{"line":1,"column":75}},"1":{"start":{"line":1,"column":75},"end":{"line":1,"column":100}},"2":{"start":{"line":1,"column":112},"end":{"line":1,"column":132}},"3":{"start":{"line":2,"column":13},"end":{"line":2,"column":53}},"4":{"start":{"line":2,"column":92},"end":{"line":2,"column":146}},"5":{"start":{"line":2,"column":168},"end":{"line":2,"column":411}},"6":{"start":{"line":2,"column":215},"end":{"line":2,"column":395}},"7":{"start":{"line":2,"column":228},"end":{"line":2,"column":229}},"8":{"start":{"line":2,"column":272},"end":{"line":2,"column":284}},"9":{"start":{"line":2,"column":285},"end":{"line":2,"column":394}},"10":{"start":{"line":2,"column":310},"end":{"line":2,"column":393}},"11":{"start":{"line":2,"column":366},"end":{"line":2,"column":392}},"12":{"start":{"line":2,"column":395},"end":{"line":2,"column":409}},"13":{"start":{"line":2,"column":411},"end":{"line":2,"column":450}},"14":{"start":{"line":12,"column":4},"end":{"line":12,"column":29}},"15":{"start":{"line":16,"column":4},"end":{"line":23,"column":25}},"16":{"start":{"line":28,"column":19},"end":{"line":28,"column":23}},"17":{"start":{"line":29,"column":69},"end":{"line":29,"column":79}},"18":{"start":{"line":30,"column":17},"end":{"line":30,"column":55}},"19":{"start":{"line":31,"column":28},"end":{"line":37,"column":14}},"20":{"start":{"line":40,"column":4},"end":{"line":62,"column":5}},"21":{"start":{"line":41,"column":6},"end":{"line":48,"column":16}},"22":{"start":{"line":52,"column":6},"end":{"line":59,"column":54}},"23":{"start":{"line":64,"column":4},"end":{"line":64,"column":20}},"24":{"start":{"line":65,"column":4},"end":{"line":65,"column":31}}},"fnMap":{"0":{"name":"_interopRequireDefault","decl":{"start":{"line":2,"column":63},"end":{"line":2,"column":85}},"loc":{"start":{"line":2,"column":91},"end":{"line":2,"column":147}},"line":2},"1":{"name":"_extends","decl":{"start":{"line":2,"column":156},"end":{"line":2,"column":164}},"loc":{"start":{"line":2,"column":167},"end":{"line":2,"column":451}},"line":2},"2":{"name":"(anonymous_2)","decl":{"start":{"line":2,"column":196},"end":{"line":2,"column":197}},"loc":{"start":{"line":2,"column":214},"end":{"line":2,"column":410}},"line":2},"3":{"name":"(anonymous_3)","decl":{"start":{"line":11,"column":2},"end":{"line":11,"column":3}},"loc":{"start":{"line":11,"column":27},"end":{"line":13,"column":3}},"line":11},"4":{"name":"(anonymous_4)","decl":{"start":{"line":15,"column":2},"end":{"line":15,"column":3}},"loc":{"start":{"line":15,"column":28},"end":{"line":25,"column":3}},"line":15},"5":{"name":"(anonymous_5)","decl":{"start":{"line":27,"column":2},"end":{"line":27,"column":3}},"loc":{"start":{"line":27,"column":11},"end":{"line":65,"column":3}},"line":27}},"branchMap":{"0":{"loc":{"start":{"line":2,"column":99},"end":{"line":2,"column":145}},"type":"cond-expr","locations":[{"start":{"line":2,"column":123},"end":{"line":2,"column":126}},{"start":{"line":2,"column":129},"end":{"line":2,"column":145}}],"line":2},"1":{"loc":{"start":{"line":2,"column":99},"end":{"line":2,"column":120}},"type":"binary-expr","locations":[{"start":{"line":2,"column":99},"end":{"line":2,"column":102}},{"start":{"line":2,"column":106},"end":{"line":2,"column":120}}],"line":2},"2":{"loc":{"start":{"line":2,"column":179},"end":{"line":2,"column":410}},"type":"binary-expr","locations":[{"start":{"line":2,"column":179},"end":{"line":2,"column":192}},{"start":{"line":2,"column":196},"end":{"line":2,"column":410}}],"line":2},"3":{"loc":{"start":{"line":2,"column":310},"end":{"line":2,"column":393}},"type":"if","locations":[{"start":{"line":2,"column":310},"end":{"line":2,"column":393}},{"start":{"line":2,"column":310},"end":{"line":2,"column":393}}],"line":2},"4":{"loc":{"start":{"line":40,"column":4},"end":{"line":62,"column":5}},"type":"if","locations":[{"start":{"line":40,"column":4},"end":{"line":62,"column":5}},{"start":{"line":40,"column":4},"end":{"line":62,"column":5}}],"line":40}},"s":{"0":2,"1":2,"2":2,"3":2,"4":2,"5":0,"6":0,"7":0,"8":0,"9":0,"10":0,"11":0,"12":0,"13":0,"14":0,"15":0,"16":0,"17":0,"18":0,"19":0,"20":0,"21":0,"22":0,"23":0,"24":2},"f":{"0":2,"1":0,"2":0,"3":0,"4":0,"5":0},"b":{"0":[0,2],"1":[2,2],"2":[0,0],"3":[0,0],"4":[0,0]},"_coverageSchema":"43e27e138ebf9cfc5966b082cf9a028302ed4184","hash":"1418437fff6084c26943134a92277934fa85dab0"}
,"/Users/slavek/seznam/IMA.js/ui-atoms/src/headline/Headline1.jsx": {"path":"/Users/slavek/seznam/IMA.js/ui-atoms/src/headline/Headline1.jsx","statementMap":{"0":{"start":{"line":1,"column":13},"end":{"line":1,"column":75}},"1":{"start":{"line":1,"column":75},"end":{"line":1,"column":100}},"2":{"start":{"line":1,"column":113},"end":{"line":1,"column":153}},"3":{"start":{"line":2,"column":16},"end":{"line":2,"column":61}},"4":{"start":{"line":2,"column":100},"end":{"line":2,"column":154}},"5":{"start":{"line":2,"column":176},"end":{"line":2,"column":419}},"6":{"start":{"line":2,"column":223},"end":{"line":2,"column":403}},"7":{"start":{"line":2,"column":236},"end":{"line":2,"column":237}},"8":{"start":{"line":2,"column":280},"end":{"line":2,"column":292}},"9":{"start":{"line":2,"column":293},"end":{"line":2,"column":402}},"10":{"start":{"line":2,"column":318},"end":{"line":2,"column":401}},"11":{"start":{"line":2,"column":374},"end":{"line":2,"column":400}},"12":{"start":{"line":2,"column":403},"end":{"line":2,"column":417}},"13":{"start":{"line":2,"column":419},"end":{"line":2,"column":458}},"14":{"start":{"line":12,"column":4},"end":{"line":12,"column":101}},"15":{"start":{"line":13,"column":4},"end":{"line":13,"column":32}}},"fnMap":{"0":{"name":"_interopRequireDefault","decl":{"start":{"line":2,"column":71},"end":{"line":2,"column":93}},"loc":{"start":{"line":2,"column":99},"end":{"line":2,"column":155}},"line":2},"1":{"name":"_extends","decl":{"start":{"line":2,"column":164},"end":{"line":2,"column":172}},"loc":{"start":{"line":2,"column":175},"end":{"line":2,"column":459}},"line":2},"2":{"name":"(anonymous_2)","decl":{"start":{"line":2,"column":204},"end":{"line":2,"column":205}},"loc":{"start":{"line":2,"column":222},"end":{"line":2,"column":418}},"line":2},"3":{"name":"(anonymous_3)","decl":{"start":{"line":11,"column":2},"end":{"line":11,"column":3}},"loc":{"start":{"line":11,"column":11},"end":{"line":13,"column":3}},"line":11}},"branchMap":{"0":{"loc":{"start":{"line":2,"column":107},"end":{"line":2,"column":153}},"type":"cond-expr","locations":[{"start":{"line":2,"column":131},"end":{"line":2,"column":134}},{"start":{"line":2,"column":137},"end":{"line":2,"column":153}}],"line":2},"1":{"loc":{"start":{"line":2,"column":107},"end":{"line":2,"column":128}},"type":"binary-expr","locations":[{"start":{"line":2,"column":107},"end":{"line":2,"column":110}},{"start":{"line":2,"column":114},"end":{"line":2,"column":128}}],"line":2},"2":{"loc":{"start":{"line":2,"column":187},"end":{"line":2,"column":418}},"type":"binary-expr","locations":[{"start":{"line":2,"column":187},"end":{"line":2,"column":200}},{"start":{"line":2,"column":204},"end":{"line":2,"column":418}}],"line":2},"3":{"loc":{"start":{"line":2,"column":318},"end":{"line":2,"column":401}},"type":"if","locations":[{"start":{"line":2,"column":318},"end":{"line":2,"column":401}},{"start":{"line":2,"column":318},"end":{"line":2,"column":401}}],"line":2}},"s":{"0":2,"1":2,"2":2,"3":2,"4":4,"5":0,"6":0,"7":0,"8":0,"9":0,"10":0,"11":0,"12":0,"13":0,"14":0,"15":2},"f":{"0":4,"1":0,"2":0,"3":0},"b":{"0":[2,2],"1":[4,4],"2":[0,0],"3":[0,0]},"_coverageSchema":"43e27e138ebf9cfc5966b082cf9a028302ed4184","hash":"2c6c1801d9a964c643d58e8c4a4047ddf1e7d6c9"}
,"/Users/slavek/seznam/IMA.js/ui-atoms/src/headline/Headline2.jsx": {"path":"/Users/slavek/seznam/IMA.js/ui-atoms/src/headline/Headline2.jsx","statementMap":{"0":{"start":{"line":1,"column":13},"end":{"line":1,"column":75}},"1":{"start":{"line":1,"column":75},"end":{"line":1,"column":100}},"2":{"start":{"line":1,"column":113},"end":{"line":1,"column":153}},"3":{"start":{"line":2,"column":16},"end":{"line":2,"column":61}},"4":{"start":{"line":2,"column":100},"end":{"line":2,"column":154}},"5":{"start":{"line":2,"column":176},"end":{"line":2,"column":419}},"6":{"start":{"line":2,"column":223},"end":{"line":2,"column":403}},"7":{"start":{"line":2,"column":236},"end":{"line":2,"column":237}},"8":{"start":{"line":2,"column":280},"end":{"line":2,"column":292}},"9":{"start":{"line":2,"column":293},"end":{"line":2,"column":402}},"10":{"start":{"line":2,"column":318},"end":{"line":2,"column":401}},"11":{"start":{"line":2,"column":374},"end":{"line":2,"column":400}},"12":{"start":{"line":2,"column":403},"end":{"line":2,"column":417}},"13":{"start":{"line":2,"column":419},"end":{"line":2,"column":458}},"14":{"start":{"line":12,"column":4},"end":{"line":12,"column":101}},"15":{"start":{"line":13,"column":4},"end":{"line":13,"column":32}}},"fnMap":{"0":{"name":"_interopRequireDefault","decl":{"start":{"line":2,"column":71},"end":{"line":2,"column":93}},"loc":{"start":{"line":2,"column":99},"end":{"line":2,"column":155}},"line":2},"1":{"name":"_extends","decl":{"start":{"line":2,"column":164},"end":{"line":2,"column":172}},"loc":{"start":{"line":2,"column":175},"end":{"line":2,"column":459}},"line":2},"2":{"name":"(anonymous_2)","decl":{"start":{"line":2,"column":204},"end":{"line":2,"column":205}},"loc":{"start":{"line":2,"column":222},"end":{"line":2,"column":418}},"line":2},"3":{"name":"(anonymous_3)","decl":{"start":{"line":11,"column":2},"end":{"line":11,"column":3}},"loc":{"start":{"line":11,"column":11},"end":{"line":13,"column":3}},"line":11}},"branchMap":{"0":{"loc":{"start":{"line":2,"column":107},"end":{"line":2,"column":153}},"type":"cond-expr","locations":[{"start":{"line":2,"column":131},"end":{"line":2,"column":134}},{"start":{"line":2,"column":137},"end":{"line":2,"column":153}}],"line":2},"1":{"loc":{"start":{"line":2,"column":107},"end":{"line":2,"column":128}},"type":"binary-expr","locations":[{"start":{"line":2,"column":107},"end":{"line":2,"column":110}},{"start":{"line":2,"column":114},"end":{"line":2,"column":128}}],"line":2},"2":{"loc":{"start":{"line":2,"column":187},"end":{"line":2,"column":418}},"type":"binary-expr","locations":[{"start":{"line":2,"column":187},"end":{"line":2,"column":200}},{"start":{"line":2,"column":204},"end":{"line":2,"column":418}}],"line":2},"3":{"loc":{"start":{"line":2,"column":318},"end":{"line":2,"column":401}},"type":"if","locations":[{"start":{"line":2,"column":318},"end":{"line":2,"column":401}},{"start":{"line":2,"column":318},"end":{"line":2,"column":401}}],"line":2}},"s":{"0":2,"1":2,"2":2,"3":2,"4":4,"5":0,"6":0,"7":0,"8":0,"9":0,"10":0,"11":0,"12":0,"13":0,"14":0,"15":2},"f":{"0":4,"1":0,"2":0,"3":0},"b":{"0":[2,2],"1":[4,4],"2":[0,0],"3":[0,0]},"_coverageSchema":"43e27e138ebf9cfc5966b082cf9a028302ed4184","hash":"445c97d167fa102983e767a0423b0d81e0ce3203"}
,"/Users/slavek/seznam/IMA.js/ui-atoms/src/headline/Headline3.jsx": {"path":"/Users/slavek/seznam/IMA.js/ui-atoms/src/headline/Headline3.jsx","statementMap":{"0":{"start":{"line":1,"column":13},"end":{"line":1,"column":75}},"1":{"start":{"line":1,"column":75},"end":{"line":1,"column":100}},"2":{"start":{"line":1,"column":113},"end":{"line":1,"column":153}},"3":{"start":{"line":2,"column":16},"end":{"line":2,"column":61}},"4":{"start":{"line":2,"column":100},"end":{"line":2,"column":154}},"5":{"start":{"line":2,"column":176},"end":{"line":2,"column":419}},"6":{"start":{"line":2,"column":223},"end":{"line":2,"column":403}},"7":{"start":{"line":2,"column":236},"end":{"line":2,"column":237}},"8":{"start":{"line":2,"column":280},"end":{"line":2,"column":292}},"9":{"start":{"line":2,"column":293},"end":{"line":2,"column":402}},"10":{"start":{"line":2,"column":318},"end":{"line":2,"column":401}},"11":{"start":{"line":2,"column":374},"end":{"line":2,"column":400}},"12":{"start":{"line":2,"column":403},"end":{"line":2,"column":417}},"13":{"start":{"line":2,"column":419},"end":{"line":2,"column":458}},"14":{"start":{"line":12,"column":4},"end":{"line":12,"column":101}},"15":{"start":{"line":13,"column":4},"end":{"line":13,"column":32}}},"fnMap":{"0":{"name":"_interopRequireDefault","decl":{"start":{"line":2,"column":71},"end":{"line":2,"column":93}},"loc":{"start":{"line":2,"column":99},"end":{"line":2,"column":155}},"line":2},"1":{"name":"_extends","decl":{"start":{"line":2,"column":164},"end":{"line":2,"column":172}},"loc":{"start":{"line":2,"column":175},"end":{"line":2,"column":459}},"line":2},"2":{"name":"(anonymous_2)","decl":{"start":{"line":2,"column":204},"end":{"line":2,"column":205}},"loc":{"start":{"line":2,"column":222},"end":{"line":2,"column":418}},"line":2},"3":{"name":"(anonymous_3)","decl":{"start":{"line":11,"column":2},"end":{"line":11,"column":3}},"loc":{"start":{"line":11,"column":11},"end":{"line":13,"column":3}},"line":11}},"branchMap":{"0":{"loc":{"start":{"line":2,"column":107},"end":{"line":2,"column":153}},"type":"cond-expr","locations":[{"start":{"line":2,"column":131},"end":{"line":2,"column":134}},{"start":{"line":2,"column":137},"end":{"line":2,"column":153}}],"line":2},"1":{"loc":{"start":{"line":2,"column":107},"end":{"line":2,"column":128}},"type":"binary-expr","locations":[{"start":{"line":2,"column":107},"end":{"line":2,"column":110}},{"start":{"line":2,"column":114},"end":{"line":2,"column":128}}],"line":2},"2":{"loc":{"start":{"line":2,"column":187},"end":{"line":2,"column":418}},"type":"binary-expr","locations":[{"start":{"line":2,"column":187},"end":{"line":2,"column":200}},{"start":{"line":2,"column":204},"end":{"line":2,"column":418}}],"line":2},"3":{"loc":{"start":{"line":2,"column":318},"end":{"line":2,"column":401}},"type":"if","locations":[{"start":{"line":2,"column":318},"end":{"line":2,"column":401}},{"start":{"line":2,"column":318},"end":{"line":2,"column":401}}],"line":2}},"s":{"0":2,"1":2,"2":2,"3":2,"4":4,"5":0,"6":0,"7":0,"8":0,"9":0,"10":0,"11":0,"12":0,"13":0,"14":0,"15":2},"f":{"0":4,"1":0,"2":0,"3":0},"b":{"0":[2,2],"1":[4,4],"2":[0,0],"3":[0,0]},"_coverageSchema":"43e27e138ebf9cfc5966b082cf9a028302ed4184","hash":"3a4ced13bf8d0bd932f390215abf2b3382f85a6f"}
,"/Users/slavek/seznam/IMA.js/ui-atoms/src/headline/Headline4.jsx": {"path":"/Users/slavek/seznam/IMA.js/ui-atoms/src/headline/Headline4.jsx","statementMap":{"0":{"start":{"line":1,"column":13},"end":{"line":1,"column":75}},"1":{"start":{"line":1,"column":75},"end":{"line":1,"column":100}},"2":{"start":{"line":1,"column":113},"end":{"line":1,"column":153}},"3":{"start":{"line":2,"column":16},"end":{"line":2,"column":61}},"4":{"start":{"line":2,"column":100},"end":{"line":2,"column":154}},"5":{"start":{"line":2,"column":176},"end":{"line":2,"column":419}},"6":{"start":{"line":2,"column":223},"end":{"line":2,"column":403}},"7":{"start":{"line":2,"column":236},"end":{"line":2,"column":237}},"8":{"start":{"line":2,"column":280},"end":{"line":2,"column":292}},"9":{"start":{"line":2,"column":293},"end":{"line":2,"column":402}},"10":{"start":{"line":2,"column":318},"end":{"line":2,"column":401}},"11":{"start":{"line":2,"column":374},"end":{"line":2,"column":400}},"12":{"start":{"line":2,"column":403},"end":{"line":2,"column":417}},"13":{"start":{"line":2,"column":419},"end":{"line":2,"column":458}},"14":{"start":{"line":12,"column":4},"end":{"line":12,"column":101}},"15":{"start":{"line":13,"column":4},"end":{"line":13,"column":32}}},"fnMap":{"0":{"name":"_interopRequireDefault","decl":{"start":{"line":2,"column":71},"end":{"line":2,"column":93}},"loc":{"start":{"line":2,"column":99},"end":{"line":2,"column":155}},"line":2},"1":{"name":"_extends","decl":{"start":{"line":2,"column":164},"end":{"line":2,"column":172}},"loc":{"start":{"line":2,"column":175},"end":{"line":2,"column":459}},"line":2},"2":{"name":"(anonymous_2)","decl":{"start":{"line":2,"column":204},"end":{"line":2,"column":205}},"loc":{"start":{"line":2,"column":222},"end":{"line":2,"column":418}},"line":2},"3":{"name":"(anonymous_3)","decl":{"start":{"line":11,"column":2},"end":{"line":11,"column":3}},"loc":{"start":{"line":11,"column":11},"end":{"line":13,"column":3}},"line":11}},"branchMap":{"0":{"loc":{"start":{"line":2,"column":107},"end":{"line":2,"column":153}},"type":"cond-expr","locations":[{"start":{"line":2,"column":131},"end":{"line":2,"column":134}},{"start":{"line":2,"column":137},"end":{"line":2,"column":153}}],"line":2},"1":{"loc":{"start":{"line":2,"column":107},"end":{"line":2,"column":128}},"type":"binary-expr","locations":[{"start":{"line":2,"column":107},"end":{"line":2,"column":110}},{"start":{"line":2,"column":114},"end":{"line":2,"column":128}}],"line":2},"2":{"loc":{"start":{"line":2,"column":187},"end":{"line":2,"column":418}},"type":"binary-expr","locations":[{"start":{"line":2,"column":187},"end":{"line":2,"column":200}},{"start":{"line":2,"column":204},"end":{"line":2,"column":418}}],"line":2},"3":{"loc":{"start":{"line":2,"column":318},"end":{"line":2,"column":401}},"type":"if","locations":[{"start":{"line":2,"column":318},"end":{"line":2,"column":401}},{"start":{"line":2,"column":318},"end":{"line":2,"column":401}}],"line":2}},"s":{"0":2,"1":2,"2":2,"3":2,"4":4,"5":0,"6":0,"7":0,"8":0,"9":0,"10":0,"11":0,"12":0,"13":0,"14":0,"15":2},"f":{"0":4,"1":0,"2":0,"3":0},"b":{"0":[2,2],"1":[4,4],"2":[0,0],"3":[0,0]},"_coverageSchema":"43e27e138ebf9cfc5966b082cf9a028302ed4184","hash":"9eeb52b4afc7efc5c4f4123a2fac65798c14597a"}
,"/Users/slavek/seznam/IMA.js/ui-atoms/src/headline/Headline5.jsx": {"path":"/Users/slavek/seznam/IMA.js/ui-atoms/src/headline/Headline5.jsx","statementMap":{"0":{"start":{"line":1,"column":13},"end":{"line":1,"column":75}},"1":{"start":{"line":1,"column":75},"end":{"line":1,"column":100}},"2":{"start":{"line":1,"column":113},"end":{"line":1,"column":153}},"3":{"start":{"line":2,"column":16},"end":{"line":2,"column":61}},"4":{"start":{"line":2,"column":100},"end":{"line":2,"column":154}},"5":{"start":{"line":2,"column":176},"end":{"line":2,"column":419}},"6":{"start":{"line":2,"column":223},"end":{"line":2,"column":403}},"7":{"start":{"line":2,"column":236},"end":{"line":2,"column":237}},"8":{"start":{"line":2,"column":280},"end":{"line":2,"column":292}},"9":{"start":{"line":2,"column":293},"end":{"line":2,"column":402}},"10":{"start":{"line":2,"column":318},"end":{"line":2,"column":401}},"11":{"start":{"line":2,"column":374},"end":{"line":2,"column":400}},"12":{"start":{"line":2,"column":403},"end":{"line":2,"column":417}},"13":{"start":{"line":2,"column":419},"end":{"line":2,"column":458}},"14":{"start":{"line":12,"column":4},"end":{"line":12,"column":101}},"15":{"start":{"line":13,"column":4},"end":{"line":13,"column":32}}},"fnMap":{"0":{"name":"_interopRequireDefault","decl":{"start":{"line":2,"column":71},"end":{"line":2,"column":93}},"loc":{"start":{"line":2,"column":99},"end":{"line":2,"column":155}},"line":2},"1":{"name":"_extends","decl":{"start":{"line":2,"column":164},"end":{"line":2,"column":172}},"loc":{"start":{"line":2,"column":175},"end":{"line":2,"column":459}},"line":2},"2":{"name":"(anonymous_2)","decl":{"start":{"line":2,"column":204},"end":{"line":2,"column":205}},"loc":{"start":{"line":2,"column":222},"end":{"line":2,"column":418}},"line":2},"3":{"name":"(anonymous_3)","decl":{"start":{"line":11,"column":2},"end":{"line":11,"column":3}},"loc":{"start":{"line":11,"column":11},"end":{"line":13,"column":3}},"line":11}},"branchMap":{"0":{"loc":{"start":{"line":2,"column":107},"end":{"line":2,"column":153}},"type":"cond-expr","locations":[{"start":{"line":2,"column":131},"end":{"line":2,"column":134}},{"start":{"line":2,"column":137},"end":{"line":2,"column":153}}],"line":2},"1":{"loc":{"start":{"line":2,"column":107},"end":{"line":2,"column":128}},"type":"binary-expr","locations":[{"start":{"line":2,"column":107},"end":{"line":2,"column":110}},{"start":{"line":2,"column":114},"end":{"line":2,"column":128}}],"line":2},"2":{"loc":{"start":{"line":2,"column":187},"end":{"line":2,"column":418}},"type":"binary-expr","locations":[{"start":{"line":2,"column":187},"end":{"line":2,"column":200}},{"start":{"line":2,"column":204},"end":{"line":2,"column":418}}],"line":2},"3":{"loc":{"start":{"line":2,"column":318},"end":{"line":2,"column":401}},"type":"if","locations":[{"start":{"line":2,"column":318},"end":{"line":2,"column":401}},{"start":{"line":2,"column":318},"end":{"line":2,"column":401}}],"line":2}},"s":{"0":2,"1":2,"2":2,"3":2,"4":4,"5":0,"6":0,"7":0,"8":0,"9":0,"10":0,"11":0,"12":0,"13":0,"14":0,"15":2},"f":{"0":4,"1":0,"2":0,"3":0},"b":{"0":[2,2],"1":[4,4],"2":[0,0],"3":[0,0]},"_coverageSchema":"43e27e138ebf9cfc5966b082cf9a028302ed4184","hash":"02c7255eee994d5ce623ff3c7f19b6ee42cbf978"}
,"/Users/slavek/seznam/IMA.js/ui-atoms/src/headline/Headline6.jsx": {"path":"/Users/slavek/seznam/IMA.js/ui-atoms/src/headline/Headline6.jsx","statementMap":{"0":{"start":{"line":1,"column":13},"end":{"line":1,"column":75}},"1":{"start":{"line":1,"column":75},"end":{"line":1,"column":100}},"2":{"start":{"line":1,"column":113},"end":{"line":1,"column":153}},"3":{"start":{"line":2,"column":16},"end":{"line":2,"column":61}},"4":{"start":{"line":2,"column":100},"end":{"line":2,"column":154}},"5":{"start":{"line":2,"column":176},"end":{"line":2,"column":419}},"6":{"start":{"line":2,"column":223},"end":{"line":2,"column":403}},"7":{"start":{"line":2,"column":236},"end":{"line":2,"column":237}},"8":{"start":{"line":2,"column":280},"end":{"line":2,"column":292}},"9":{"start":{"line":2,"column":293},"end":{"line":2,"column":402}},"10":{"start":{"line":2,"column":318},"end":{"line":2,"column":401}},"11":{"start":{"line":2,"column":374},"end":{"line":2,"column":400}},"12":{"start":{"line":2,"column":403},"end":{"line":2,"column":417}},"13":{"start":{"line":2,"column":419},"end":{"line":2,"column":458}},"14":{"start":{"line":12,"column":4},"end":{"line":12,"column":101}},"15":{"start":{"line":13,"column":4},"end":{"line":13,"column":32}}},"fnMap":{"0":{"name":"_interopRequireDefault","decl":{"start":{"line":2,"column":71},"end":{"line":2,"column":93}},"loc":{"start":{"line":2,"column":99},"end":{"line":2,"column":155}},"line":2},"1":{"name":"_extends","decl":{"start":{"line":2,"column":164},"end":{"line":2,"column":172}},"loc":{"start":{"line":2,"column":175},"end":{"line":2,"column":459}},"line":2},"2":{"name":"(anonymous_2)","decl":{"start":{"line":2,"column":204},"end":{"line":2,"column":205}},"loc":{"start":{"line":2,"column":222},"end":{"line":2,"column":418}},"line":2},"3":{"name":"(anonymous_3)","decl":{"start":{"line":11,"column":2},"end":{"line":11,"column":3}},"loc":{"start":{"line":11,"column":11},"end":{"line":13,"column":3}},"line":11}},"branchMap":{"0":{"loc":{"start":{"line":2,"column":107},"end":{"line":2,"column":153}},"type":"cond-expr","locations":[{"start":{"line":2,"column":131},"end":{"line":2,"column":134}},{"start":{"line":2,"column":137},"end":{"line":2,"column":153}}],"line":2},"1":{"loc":{"start":{"line":2,"column":107},"end":{"line":2,"column":128}},"type":"binary-expr","locations":[{"start":{"line":2,"column":107},"end":{"line":2,"column":110}},{"start":{"line":2,"column":114},"end":{"line":2,"column":128}}],"line":2},"2":{"loc":{"start":{"line":2,"column":187},"end":{"line":2,"column":418}},"type":"binary-expr","locations":[{"start":{"line":2,"column":187},"end":{"line":2,"column":200}},{"start":{"line":2,"column":204},"end":{"line":2,"column":418}}],"line":2},"3":{"loc":{"start":{"line":2,"column":318},"end":{"line":2,"column":401}},"type":"if","locations":[{"start":{"line":2,"column":318},"end":{"line":2,"column":401}},{"start":{"line":2,"column":318},"end":{"line":2,"column":401}}],"line":2}},"s":{"0":2,"1":2,"2":2,"3":2,"4":4,"5":0,"6":0,"7":0,"8":0,"9":0,"10":0,"11":0,"12":0,"13":0,"14":0,"15":2},"f":{"0":4,"1":0,"2":0,"3":0},"b":{"0":[2,2],"1":[4,4],"2":[0,0],"3":[0,0]},"_coverageSchema":"43e27e138ebf9cfc5966b082cf9a028302ed4184","hash":"63812b880c632e041a467b45d6b28030f110c13d"}
,"/Users/slavek/seznam/IMA.js/ui-atoms/src/iframe/AmpIframe.jsx": {"path":"/Users/slavek/seznam/IMA.js/ui-atoms/src/iframe/AmpIframe.jsx","statementMap":{"0":{"start":{"line":1,"column":13},"end":{"line":1,"column":75}},"1":{"start":{"line":1,"column":75},"end":{"line":1,"column":100}},"2":{"start":{"line":1,"column":112},"end":{"line":1,"column":132}},"3":{"start":{"line":2,"column":13},"end":{"line":2,"column":53}},"4":{"start":{"line":2,"column":92},"end":{"line":2,"column":146}},"5":{"start":{"line":2,"column":168},"end":{"line":2,"column":411}},"6":{"start":{"line":2,"column":215},"end":{"line":2,"column":395}},"7":{"start":{"line":2,"column":228},"end":{"line":2,"column":229}},"8":{"start":{"line":2,"column":272},"end":{"line":2,"column":284}},"9":{"start":{"line":2,"column":285},"end":{"line":2,"column":394}},"10":{"start":{"line":2,"column":310},"end":{"line":2,"column":393}},"11":{"start":{"line":2,"column":366},"end":{"line":2,"column":392}},"12":{"start":{"line":2,"column":395},"end":{"line":2,"column":409}},"13":{"start":{"line":2,"column":411},"end":{"line":2,"column":450}},"14":{"start":{"line":15,"column":4},"end":{"line":15,"column":29}},"15":{"start":{"line":19,"column":17},"end":{"line":19,"column":55}},"16":{"start":{"line":34,"column":4},"end":{"line":34,"column":14}},"17":{"start":{"line":35,"column":16},"end":{"line":46,"column":43}},"18":{"start":{"line":49,"column":4},"end":{"line":51,"column":5}},"19":{"start":{"line":50,"column":6},"end":{"line":50,"column":33}},"20":{"start":{"line":53,"column":4},"end":{"line":55,"column":5}},"21":{"start":{"line":54,"column":6},"end":{"line":54,"column":27}},"22":{"start":{"line":57,"column":4},"end":{"line":62,"column":88}},"23":{"start":{"line":67,"column":1},"end":{"line":67,"column":29}}},"fnMap":{"0":{"name":"_interopRequireDefault","decl":{"start":{"line":2,"column":63},"end":{"line":2,"column":85}},"loc":{"start":{"line":2,"column":91},"end":{"line":2,"column":147}},"line":2},"1":{"name":"_extends","decl":{"start":{"line":2,"column":156},"end":{"line":2,"column":164}},"loc":{"start":{"line":2,"column":167},"end":{"line":2,"column":451}},"line":2},"2":{"name":"(anonymous_2)","decl":{"start":{"line":2,"column":196},"end":{"line":2,"column":197}},"loc":{"start":{"line":2,"column":214},"end":{"line":2,"column":410}},"line":2},"3":{"name":"(anonymous_3)","decl":{"start":{"line":14,"column":2},"end":{"line":14,"column":3}},"loc":{"start":{"line":14,"column":27},"end":{"line":16,"column":3}},"line":14},"4":{"name":"(anonymous_4)","decl":{"start":{"line":18,"column":2},"end":{"line":18,"column":3}},"loc":{"start":{"line":18,"column":11},"end":{"line":65,"column":3}},"line":18}},"branchMap":{"0":{"loc":{"start":{"line":2,"column":99},"end":{"line":2,"column":145}},"type":"cond-expr","locations":[{"start":{"line":2,"column":123},"end":{"line":2,"column":126}},{"start":{"line":2,"column":129},"end":{"line":2,"column":145}}],"line":2},"1":{"loc":{"start":{"line":2,"column":99},"end":{"line":2,"column":120}},"type":"binary-expr","locations":[{"start":{"line":2,"column":99},"end":{"line":2,"column":102}},{"start":{"line":2,"column":106},"end":{"line":2,"column":120}}],"line":2},"2":{"loc":{"start":{"line":2,"column":179},"end":{"line":2,"column":410}},"type":"binary-expr","locations":[{"start":{"line":2,"column":179},"end":{"line":2,"column":192}},{"start":{"line":2,"column":196},"end":{"line":2,"column":410}}],"line":2},"3":{"loc":{"start":{"line":2,"column":310},"end":{"line":2,"column":393}},"type":"if","locations":[{"start":{"line":2,"column":310},"end":{"line":2,"column":393}},{"start":{"line":2,"column":310},"end":{"line":2,"column":393}}],"line":2},"4":{"loc":{"start":{"line":49,"column":4},"end":{"line":51,"column":5}},"type":"if","locations":[{"start":{"line":49,"column":4},"end":{"line":51,"column":5}},{"start":{"line":49,"column":4},"end":{"line":51,"column":5}}],"line":49},"5":{"loc":{"start":{"line":53,"column":4},"end":{"line":55,"column":5}},"type":"if","locations":[{"start":{"line":53,"column":4},"end":{"line":55,"column":5}},{"start":{"line":53,"column":4},"end":{"line":55,"column":5}}],"line":53},"6":{"loc":{"start":{"line":62,"column":6},"end":{"line":62,"column":85}},"type":"binary-expr","locations":[{"start":{"line":62,"column":6},"end":{"line":62,"column":25}},{"start":{"line":62,"column":29},"end":{"line":62,"column":85}}],"line":62}},"s":{"0":2,"1":2,"2":2,"3":2,"4":2,"5":0,"6":0,"7":0,"8":0,"9":0,"10":0,"11":0,"12":0,"13":0,"14":0,"15":0,"16":0,"17":0,"18":0,"19":0,"20":0,"21":0,"22":0,"23":2},"f":{"0":2,"1":0,"2":0,"3":0,"4":0},"b":{"0":[0,2],"1":[2,2],"2":[0,0],"3":[0,0],"4":[0,0],"5":[0,0],"6":[0,0]},"_coverageSchema":"43e27e138ebf9cfc5966b082cf9a028302ed4184","hash":"d3ee950ce16d0f569ec438fbd9cc13f31e2becc3"}
[...]
":{"line":2,"column":92},"end":{"line":2,"column":146}},"5":{"start":{"line":2,"column":168},"end":{"line":2,"column":411}},"6":{"start":{"line":2,"column":215},"end":{"line":2,"column":395}},"7":{"start":{"line":2,"column":228},"end":{"line":2,"column":229}},"8":{"start":{"line":2,"column":272},"end":{"line":2,"column":284}},"9":{"start":{"line":2,"column":285},"end":{"line":2,"column":394}},"10":{"start":{"line":2,"column":310},"end":{"line":2,"column":393}},"11":{"start":{"line":2,"column":366},"end":{"line":2,"column":392}},"12":{"start":{"line":2,"column":395},"end":{"line":2,"column":409}},"13":{"start":{"line":2,"column":411},"end":{"line":2,"column":450}},"14":{"start":{"line":15,"column":4},"end":{"line":15,"column":29}},"15":{"start":{"line":19,"column":17},"end":{"line":19,"column":55}},"16":{"start":{"line":32,"column":4},"end":{"line":32,"column":14}},"17":{"start":{"line":34,"column":4},"end":{"line":49,"column":17}},"18":{"start":{"line":54,"column":1},"end":{"line":54,"column":28}}},"fnMap":{"0":{"name":"_interopRequireDefault","decl":{"start":{"line":2,"column":63},"end":{"line":2,"column":85}},"loc":{"start":{"line":2,"column":91},"end":{"line":2,"column":147}},"line":2},"1":{"name":"_extends","decl":{"start":{"line":2,"column":156},"end":{"line":2,"column":164}},"loc":{"start":{"line":2,"column":167},"end":{"line":2,"column":451}},"line":2},"2":{"name":"(anonymous_2)","decl":{"start":{"line":2,"column":196},"end":{"line":2,"column":197}},"loc":{"start":{"line":2,"column":214},"end":{"line":2,"column":410}},"line":2},"3":{"name":"(anonymous_3)","decl":{"start":{"line":14,"column":2},"end":{"line":14,"column":3}},"loc":{"start":{"line":14,"column":27},"end":{"line":16,"column":3}},"line":14},"4":{"name":"(anonymous_4)","decl":{"start":{"line":18,"column":2},"end":{"line":18,"column":3}},"loc":{"start":{"line":18,"column":11},"end":{"line":52,"column":3}},"line":18}},"branchMap":{"0":{"loc":{"start":{"line":2,"column":99},"end":{"line":2,"column":145}},"type":"cond-expr","locations":[{"start":{"line":2,"column":123},"end":{"line":2,"column":126}},{"start":{"line":2,"column":129},"end":{"line":2,"column":145}}],"line":2},"1":{"loc":{"start":{"line":2,"column":99},"end":{"line":2,"column":120}},"type":"binary-expr","locations":[{"start":{"line":2,"column":99},"end":{"line":2,"column":102}},{"start":{"line":2,"column":106},"end":{"line":2,"column":120}}],"line":2},"2":{"loc":{"start":{"line":2,"column":179},"end":{"line":2,"column":410}},"type":"binary-expr","locations":[{"start":{"line":2,"column":179},"end":{"line":2,"column":192}},{"start":{"line":2,"column":196},"end":{"line":2,"column":410}}],"line":2},"3":{"loc":{"start":{"line":2,"column":310},"end":{"line":2,"column":393}},"type":"if","locations":[{"start":{"line":2,"column":310},"end":{"line":2,"column":393}},{"start":{"line":2,"column":310},"end":{"line":2,"column":393}}],"line":2}},"s":{"0":2,"1":2,"2":2,"3":2,"4":2,"5":0,"6":0,"7":0,"8":0,"9":0,"10":0,"11":0,"12":0,"13":0,"14":0,"15":0,"16":0,"17":0,"18":2},"f":{"0":2,"1":0,"2":0,"3":0,"4":0},"b":{"0":[0,2],"1":[2,2],"2":[0,0],"3":[0,0]},"_coverageSchema":"43e27e138ebf9cfc5966b082cf9a028302ed4184","hash":"983e2bf15521f2d79b7d516cfd7b6fab15772474"}
,"/Users/slavek/seznam/IMA.js/ui-atoms/src/video/HtmlVideo.jsx": {"path":"/Users/slavek/seznam/IMA.js/ui-atoms/src/video/HtmlVideo.jsx","statementMap":{"0":{"start":{"line":1,"column":13},"end":{"line":1,"column":75}},"1":{"start":{"line":1,"column":75},"end":{"line":1,"column":100}},"2":{"start":{"line":1,"column":112},"end":{"line":1,"column":132}},"3":{"start":{"line":2,"column":13},"end":{"line":2,"column":53}},"4":{"start":{"line":3,"column":13},"end":{"line":3,"column":62}},"5":{"start":{"line":3,"column":101},"end":{"line":3,"column":155}},"6":{"start":{"line":3,"column":177},"end":{"line":3,"column":420}},"7":{"start":{"line":3,"column":224},"end":{"line":3,"column":404}},"8":{"start":{"line":3,"column":237},"end":{"line":3,"column":238}},"9":{"start":{"line":3,"column":281},"end":{"line":3,"column":293}},"10":{"start":{"line":3,"column":294},"end":{"line":3,"column":403}},"11":{"start":{"line":3,"column":319},"end":{"line":3,"column":402}},"12":{"start":{"line":3,"column":375},"end":{"line":3,"column":401}},"13":{"start":{"line":3,"column":404},"end":{"line":3,"column":418}},"14":{"start":{"line":3,"column":420},"end":{"line":3,"column":459}},"15":{"start":{"line":5,"column":25},"end":{"line":5,"column":28}},"16":{"start":{"line":16,"column":4},"end":{"line":16,"column":29}},"17":{"start":{"line":20,"column":4},"end":{"line":20,"column":26}},"18":{"start":{"line":22,"column":4},"end":{"line":23,"column":44}},"19":{"start":{"line":26,"column":4},"end":{"line":26,"column":26}},"20":{"start":{"line":27,"column":4},"end":{"line":27,"column":36}},"21":{"start":{"line":29,"column":4},"end":{"line":29,"column":40}},"22":{"start":{"line":31,"column":4},"end":{"line":31,"column":66}},"23":{"start":{"line":33,"column":4},"end":{"line":33,"column":51}},"24":{"start":{"line":35,"column":4},"end":{"line":35,"column":58}},"25":{"start":{"line":36,"column":4},"end":{"line":36,"column":51}},"26":{"start":{"line":40,"column":4},"end":{"line":42,"column":65}},"27":{"start":{"line":46,"column":4},"end":{"line":48,"column":57}},"28":{"start":{"line":52,"column":4},"end":{"line":113,"column":29}},"29":{"start":{"line":122,"column":4},"end":{"line":122,"column":25}},"30":{"start":{"line":124,"column":4},"end":{"line":126,"column":5}},"31":{"start":{"line":125,"column":6},"end":{"line":125,"column":43}},"32":{"start":{"line":130,"column":4},"end":{"line":130,"column":26}},"33":{"start":{"line":131,"column":4},"end":{"line":131,"column":43}},"34":{"start":{"line":135,"column":4},"end":{"line":140,"column":5}},"35":{"start":{"line":136,"column":6},"end":{"line":136,"column":40}},"36":{"start":{"line":137,"column":6},"end":{"line":137,"column":37}},"37":{"start":{"line":138,"column":6},"end":{"line":138,"column":45}},"38":{"start":{"line":139,"column":6},"end":{"line":139,"column":33}},"39":{"start":{"line":144,"column":4},"end":{"line":147,"column":5}},"40":{"start":{"line":145,"column":6},"end":{"line":145,"column":71}},"41":{"start":{"line":146,"column":6},"end":{"line":146,"column":42}},"42":{"start":{"line":151,"column":26},"end":{"line":155,"column":21}},"43":{"start":{"line":157,"column":4},"end":{"line":164,"column":65}},"44":{"start":{"line":169,"column":4},"end":{"line":174,"column":5}},"45":{"start":{"line":170,"column":6},"end":{"line":171,"column":27}},"46":{"start":{"line":173,"column":6},"end":{"line":173,"column":13}},"47":{"start":{"line":176,"column":28},"end":{"line":176,"column":32}},"48":{"start":{"line":177,"column":16},"end":{"line":177,"column":27}},"49":{"start":{"line":178,"column":4},"end":{"line":178,"column":38}},"50":{"start":{"line":179,"column":4},"end":{"line":179,"column":39}},"51":{"start":{"line":180,"column":4},"end":{"line":180,"column":34}},"52":{"start":{"line":183,"column":6},"end":{"line":187,"column":7}},"53":{"start":{"line":184,"column":8},"end":{"line":185,"column":29}},"54":{"start":{"line":189,"column":4},"end":{"line":189,"column":32}}},"fnMap":{"0":{"name":"_interopRequireDefault","decl":{"start":{"line":3,"column":72},"end":{"line":3,"column":94}},"loc":{"start":{"line":3,"column":100},"end":{"line":3,"column":156}},"line":3},"1":{"name":"_extends","decl":{"start":{"line":3,"column":165},"end":{"line":3,"column":173}},"loc":{"start":{"line":3,"column":176},"end":{"line":3,"column":460}},"line":3},"2":{"name":"(anonymous_2)","decl":{"start":{"line":3,"column":205},"end":{"line":3,"column":206}},"loc":{"start":{"line":3,"column":223},"end":{"line":3,"column":419}},"line":3},"3":{"name":"(anonymous_3)","decl":{"start":{"line":15,"column":2},"end":{"line":15,"column":3}},"loc":{"start":{"line":15,"column":27},"end":{"line":17,"column":3}},"line":15},"4":{"name":"(anonymous_4)","decl":{"start":{"line":19,"column":2},"end":{"line":19,"column":3}},"loc":{"start":{"line":19,"column":30},"end":{"line":37,"column":3}},"line":19},"5":{"name":"(anonymous_5)","decl":{"start":{"line":39,"column":2},"end":{"line":39,"column":3}},"loc":{"start":{"line":39,"column":32},"end":{"line":43,"column":3}},"line":39},"6":{"name":"(anonymous_6)","decl":{"start":{"line":45,"column":2},"end":{"line":45,"column":3}},"loc":{"start":{"line":45,"column":24},"end":{"line":49,"column":3}},"line":45},"7":{"name":"(anonymous_7)","decl":{"start":{"line":51,"column":2},"end":{"line":51,"column":3}},"loc":{"start":{"line":51,"column":11},"end":{"line":119,"column":3}},"line":51},"8":{"name":"(anonymous_8)","decl":{"start":{"line":121,"column":2},"end":{"line":121,"column":3}},"loc":{"start":{"line":121,"column":22},"end":{"line":127,"column":3}},"line":121},"9":{"name":"(anonymous_9)","decl":{"start":{"line":129,"column":2},"end":{"line":129,"column":3}},"loc":{"start":{"line":129,"column":25},"end":{"line":132,"column":3}},"line":129},"10":{"name":"(anonymous_10)","decl":{"start":{"line":134,"column":2},"end":{"line":134,"column":3}},"loc":{"start":{"line":134,"column":43},"end":{"line":141,"column":3}},"line":134},"11":{"name":"(anonymous_11)","decl":{"start":{"line":143,"column":2},"end":{"line":143,"column":3}},"loc":{"start":{"line":143,"column":36},"end":{"line":148,"column":3}},"line":143},"12":{"name":"(anonymous_12)","decl":{"start":{"line":150,"column":2},"end":{"line":150,"column":3}},"loc":{"start":{"line":150,"column":34},"end":{"line":166,"column":3}},"line":150},"13":{"name":"(anonymous_13)","decl":{"start":{"line":168,"column":2},"end":{"line":168,"column":3}},"loc":{"start":{"line":168,"column":24},"end":{"line":189,"column":3}},"line":168},"14":{"name":"onLoadingCompleted","decl":{"start":{"line":182,"column":13},"end":{"line":182,"column":31}},"loc":{"start":{"line":182,"column":34},"end":{"line":188,"column":5}},"line":182}},"branchMap":{"0":{"loc":{"start":{"line":3,"column":108},"end":{"line":3,"column":154}},"type":"cond-expr","locations":[{"start":{"line":3,"column":132},"end":{"line":3,"column":135}},{"start":{"line":3,"column":138},"end":{"line":3,"column":154}}],"line":3},"1":{"loc":{"start":{"line":3,"column":108},"end":{"line":3,"column":129}},"type":"binary-expr","locations":[{"start":{"line":3,"column":108},"end":{"line":3,"column":111}},{"start":{"line":3,"column":115},"end":{"line":3,"column":129}}],"line":3},"2":{"loc":{"start":{"line":3,"column":188},"end":{"line":3,"column":419}},"type":"binary-expr","locations":[{"start":{"line":3,"column":188},"end":{"line":3,"column":201}},{"start":{"line":3,"column":205},"end":{"line":3,"column":419}}],"line":3},"3":{"loc":{"start":{"line":3,"column":319},"end":{"line":3,"column":402}},"type":"if","locations":[{"start":{"line":3,"column":319},"end":{"line":3,"column":402}},{"start":{"line":3,"column":319},"end":{"line":3,"column":402}}],"line":3},"4":{"loc":{"start":{"line":23,"column":17},"end":{"line":23,"column":41}},"type":"binary-expr","locations":[{"start":{"line":23,"column":17},"end":{"line":23,"column":32}},{"start":{"line":23,"column":36},"end":{"line":23,"column":41}}],"line":23},"5":{"loc":{"start":{"line":40,"column":11},"end":{"line":42,"column":64}},"type":"cond-expr","locations":[{"start":{"line":41,"column":4},"end":{"line":41,"column":38}},{"start":{"line":42,"column":4},"end":{"line":42,"column":64}}],"line":40},"6":{"loc":{"start":{"line":46,"column":11},"end":{"line":48,"column":56}},"type":"cond-expr","locations":[{"start":{"line":47,"column":4},"end":{"line":47,"column":30}},{"start":{"line":48,"column":4},"end":{"line":48,"column":56}}],"line":46},"7":{"loc":{"start":{"line":66,"column":8},"end":{"line":70,"column":47}},"type":"cond-expr","locations":[{"start":{"line":67,"column":8},"end":{"line":67,"column":10}},{"start":{"line":68,"column":8},"end":{"line":70,"column":47}}],"line":66},"8":{"loc":{"start":{"line":69,"column":17},"end":{"line":69,"column":43}},"type":"binary-expr","locations":[{"start":{"line":69,"column":17},"end":{"line":69,"column":33}},{"start":{"line":69,"column":37},"end":{"line":69,"column":43}}],"line":69},"9":{"loc":{"start":{"line":70,"column":18},"end":{"line":70,"column":45}},"type":"binary-expr","locations":[{"start":{"line":70,"column":18},"end":{"line":70,"column":35}},{"start":{"line":70,"column":39},"end":{"line":70,"column":45}}],"line":70},"10":{"loc":{"start":{"line":74,"column":6},"end":{"line":80,"column":10}},"type":"cond-expr","locations":[{"start":{"line":75,"column":6},"end":{"line":78,"column":45}},{"start":{"line":80,"column":6},"end":{"line":80,"column":10}}],"line":74},"11":{"loc":{"start":{"line":81,"column":6},"end":{"line":99,"column":10}},"type":"cond-expr","locations":[{"start":{"line":82,"column":6},"end":{"line":97,"column":26}},{"start":{"line":99,"column":6},"end":{"line":99,"column":10}}],"line":81},"12":{"loc":{"start":{"line":93,"column":24},"end":{"line":93,"column":71}},"type":"binary-expr","locations":[{"start":{"line":93,"column":24},"end":{"line":93,"column":44}},{"start":{"line":93,"column":48},"end":{"line":93,"column":71}}],"line":93},"13":{"loc":{"start":{"line":100,"column":6},"end":{"line":113,"column":26}},"type":"binary-expr","locations":[{"start":{"line":100,"column":6},"end":{"line":100,"column":27}},{"start":{"line":101,"column":6},"end":{"line":113,"column":26}}],"line":100},"14":{"loc":{"start":{"line":104,"column":15},"end":{"line":104,"column":35}},"type":"binary-expr","locations":[{"start":{"line":104,"column":15},"end":{"line":104,"column":29}},{"start":{"line":104,"column":33},"end":{"line":104,"column":35}}],"line":104},"15":{"loc":{"start":{"line":105,"column":18},"end":{"line":105,"column":38}},"type":"binary-expr","locations":[{"start":{"line":105,"column":18},"end":{"line":105,"column":32}},{"start":{"line":105,"column":36},"end":{"line":105,"column":38}}],"line":105},"16":{"loc":{"start":{"line":107,"column":10},"end":{"line":107,"column":47}},"type":"cond-expr","locations":[{"start":{"line":107,"column":32},"end":{"line":107,"column":42}},{"start":{"line":107,"column":45},"end":{"line":107,"column":47}}],"line":107},"17":{"loc":{"start":{"line":108,"column":10},"end":{"line":108,"column":39}},"type":"cond-expr","locations":[{"start":{"line":108,"column":28},"end":{"line":108,"column":34}},{"start":{"line":108,"column":37},"end":{"line":108,"column":39}}],"line":108},"18":{"loc":{"start":{"line":109,"column":10},"end":{"line":109,"column":41}},"type":"cond-expr","locations":[{"start":{"line":109,"column":29},"end":{"line":109,"column":36}},{"start":{"line":109,"column":39},"end":{"line":109,"column":41}}],"line":109},"19":{"loc":{"start":{"line":124,"column":4},"end":{"line":126,"column":5}},"type":"if","locations":[{"start":{"line":124,"column":4},"end":{"line":126,"column":5}},{"start":{"line":124,"column":4},"end":{"line":126,"column":5}}],"line":124},"20":{"loc":{"start":{"line":135,"column":4},"end":{"line":140,"column":5}},"type":"if","locations":[{"start":{"line":135,"column":4},"end":{"line":140,"column":5}},{"start":{"line":135,"column":4},"end":{"line":140,"column":5}}],"line":135},"21":{"loc":{"start":{"line":135,"column":8},"end":{"line":135,"column":59}},"type":"binary-expr","locations":[{"start":{"line":135,"column":8},"end":{"line":135,"column":41}},{"start":{"line":135,"column":45},"end":{"line":135,"column":59}}],"line":135},"22":{"loc":{"start":{"line":136,"column":6},"end":{"line":136,"column":39}},"type":"binary-expr","locations":[{"start":{"line":136,"column":6},"end":{"line":136,"column":14}},{"start":{"line":136,"column":18},"end":{"line":136,"column":39}}],"line":136},"23":{"loc":{"start":{"line":144,"column":4},"end":{"line":147,"column":5}},"type":"if","locations":[{"start":{"line":144,"column":4},"end":{"line":147,"column":5}},{"start":{"line":144,"column":4},"end":{"line":147,"column":5}}],"line":144},"24":{"loc":{"start":{"line":169,"column":4},"end":{"line":174,"column":5}},"type":"if","locations":[{"start":{"line":169,"column":4},"end":{"line":174,"column":5}},{"start":{"line":169,"column":4},"end":{"line":174,"column":5}}],"line":169},"25":{"loc":{"start":{"line":183,"column":6},"end":{"line":187,"column":7}},"type":"if","locations":[{"start":{"line":183,"column":6},"end":{"line":187,"column":7}},{"start":{"line":183,"column":6},"end":{"line":187,"column":7}}],"line":183}},"s":{"0":2,"1":2,"2":2,"3":2,"4":2,"5":4,"6":1,"7":0,"8":0,"9":0,"10":0,"11":0,"12":0,"13":0,"14":1,"15":2,"16":15,"17":5,"18":5,"19":5,"20":5,"21":5,"22":5,"23":5,"24":5,"25":5,"26":5,"27":5,"28":5,"29":5,"30":5,"31":5,"32":5,"33":5,"34":0,"35":0,"36":0,"37":0,"38":0,"39":5,"40":0,"41":0,"42":5,"43":5,"44":0,"45":0,"46":0,"47":0,"48":0,"49":0,"50":0,"51":0,"52":0,"53":0,"54":2},"f":{"0":4,"1":1,"2":0,"3":15,"4":5,"5":5,"6":5,"7":5,"8":5,"9":5,"10":0,"11":5,"12":5,"13":0,"14":0},"b":{"0":[2,2],"1":[4,4],"2":[1,0],"3":[0,0],"4":[5,5],"5":[0,5],"6":[3,2],"7":[0,5],"8":[5,5],"9":[5,5],"10":[0,5],"11":[0,5],"12":[0,0],"13":[5,2],"14":[2,0],"15":[2,2],"16":[0,2],"17":[0,2],"18":[0,2],"19":[5,0],"20":[0,0],"21":[0,0],"22":[0,0],"23":[0,5],"24":[0,0],"25":[0,0]},"_coverageSchema":"43e27e138ebf9cfc5966b082cf9a028302ed4184","hash":"7022533146ce762eaa5ccd4a0aa5e99868533216"}
,"/Users/slavek/seznam/IMA.js/ui-atoms/src/video/Video.jsx": {"path":"/Users/slavek/seznam/IMA.js/ui-atoms/src/video/Video.jsx","statementMap":{"0":{"start":{"line":1,"column":13},"end":{"line":1,"column":75}},"1":{"start":{"line":1,"column":75},"end":{"line":1,"column":100}},"2":{"start":{"line":1,"column":112},"end":{"line":1,"column":132}},"3":{"start":{"line":2,"column":13},"end":{"line":2,"column":53}},"4":{"start":{"line":3,"column":16},"end":{"line":3,"column":61}},"5":{"start":{"line":4,"column":17},"end":{"line":4,"column":63}},"6":{"start":{"line":4,"column":102},"end":{"line":4,"column":156}},"7":{"start":{"line":15,"column":4},"end":{"line":15,"column":29}},"8":{"start":{"line":19,"column":4},"end":{"line":30,"column":25}},"9":{"start":{"line":35,"column":4},"end":{"line":39,"column":5}},"10":{"start":{"line":36,"column":6},"end":{"line":36,"column":73}},"11":{"start":{"line":38,"column":6},"end":{"line":38,"column":74}},"12":{"start":{"line":40,"column":4},"end":{"line":40,"column":28}}},"fnMap":{"0":{"name":"_interopRequireDefault","decl":{"start":{"line":4,"column":73},"end":{"line":4,"column":95}},"loc":{"start":{"line":4,"column":101},"end":{"line":4,"column":157}},"line":4},"1":{"name":"(anonymous_1)","decl":{"start":{"line":14,"column":2},"end":{"line":14,"column":3}},"loc":{"start":{"line":14,"column":27},"end":{"line":16,"column":3}},"line":14},"2":{"name":"(anonymous_2)","decl":{"start":{"line":18,"column":2},"end":{"line":18,"column":3}},"loc":{"start":{"line":18,"column":28},"end":{"line":32,"column":3}},"line":18},"3":{"name":"(anonymous_3)","decl":{"start":{"line":34,"column":2},"end":{"line":34,"column":3}},"loc":{"start":{"line":34,"column":11},"end":{"line":40,"column":3}},"line":34}},"branchMap":{"0":{"loc":{"start":{"line":4,"column":109},"end":{"line":4,"column":155}},"type":"cond-expr","locations":[{"start":{"line":4,"column":133},"end":{"line":4,"column":136}},{"start":{"line":4,"column":139},"end":{"line":4,"column":155}}],"line":4},"1":{"loc":{"start":{"line":4,"column":109},"end":{"line":4,"column":130}},"type":"binary-expr","locations":[{"start":{"line":4,"column":109},"end":{"line":4,"column":112}},{"start":{"line":4,"column":116},"end":{"line":4,"column":130}}],"line":4},"2":{"loc":{"start":{"line":35,"column":4},"end":{"line":39,"column":5}},"type":"if","locations":[{"start":{"line":35,"column":4},"end":{"line":39,"column":5}},{"start":{"line":35,"column":4},"end":{"line":39,"column":5}}],"line":35}},"s":{"0":2,"1":2,"2":2,"3":2,"4":2,"5":2,"6":6,"7":15,"8":10,"9":5,"10":0,"11":5,"12":2},"f":{"0":6,"1":15,"2":10,"3":5},"b":{"0":[4,2],"1":[6,6],"2":[0,5]},"_coverageSchema":"43e27e138ebf9cfc5966b082cf9a028302ed4184","hash":"2796950fc004f3f9ea8c567115e761269f7c67a7"}
}
