TN:
SF:/Users/slavek/seznam/IMA.js/ui-atoms/src/ComponentPositions.js
FN:5,(anonymous_0)
FN:14,(anonymous_1)
FN:28,(anonymous_2)
FN:46,(anonymous_3)
FN:80,(anonymous_4)
FN:108,(anonymous_5)
FN:117,(anonymous_6)
FN:137,(anonymous_7)
FN:153,(anonymous_8)
FNF:9
FNH:6
FNDA:0,(anonymous_0)
FNDA:10,(anonymous_1)
FNDA:0,(anonymous_2)
FNDA:1,(anonymous_3)
FNDA:2,(anonymous_4)
FNDA:11,(anonymous_5)
FNDA:1,(anonymous_6)
FNDA:0,(anonymous_7)
FNDA:4,(anonymous_8)
DA:1,5
DA:6,0
DA:19,10
DA:29,0
DA:31,0
DA:32,0
DA:34,0
DA:37,0
DA:47,1
DA:48,0
DA:55,1
DA:56,0
DA:59,1
DA:61,1
DA:66,1
DA:70,1
DA:81,2
DA:82,2
DA:83,2
DA:88,2
DA:93,2
DA:94,2
DA:96,2
DA:109,11
DA:118,1
DA:119,1
DA:120,1
DA:121,1
DA:122,1
DA:124,1
DA:125,1
DA:126,1
DA:129,1
DA:138,0
DA:139,0
DA:141,0
DA:158,4
DA:159,2
DA:165,2
DA:167,2
DA:172,2
DA:173,1
DA:175,1
DA:178,1
DA:185,1
DA:186,5
LF:46
LH:35
BRDA:47,0,0,0
BRDA:47,0,1,1
BRDA:55,1,0,0
BRDA:55,1,1,1
BRDA:70,2,0,0
BRDA:70,2,1,1
BRDA:124,3,0,1
BRDA:124,3,1,0
BRDA:138,4,0,0
BRDA:138,4,1,0
BRDA:139,5,0,0
BRDA:139,5,1,0
BRDA:155,6,0,2
BRDA:156,7,0,2
BRDA:158,8,0,2
BRDA:158,8,1,2
BRDA:158,9,0,4
BRDA:158,9,1,3
BRDA:167,10,0,2
BRDA:167,10,1,1
BRDA:167,10,2,1
BRDA:167,10,3,1
BRDA:172,11,0,1
BRDA:172,11,1,1
BRDA:182,12,0,1
BRDA:182,12,1,0
BRDA:182,12,2,0
BRDA:182,12,3,0
BRF:28
BRH:17
end_of_record
TN:
SF:/Users/slavek/seznam/IMA.js/ui-atoms/src/UIComponentHelper.js
FN:3,_interopRequireDefault
FN:9,(anonymous_1)
FN:30,(anonymous_2)
FN:82,(anonymous_3)
FN:91,(anonymous_4)
FN:100,(anonymous_5)
FN:109,(anonymous_6)
FN:118,(anonymous_7)
FN:137,(anonymous_8)
FN:156,(anonymous_9)
FN:174,(anonymous_10)
FN:175,(anonymous_11)
FN:193,(anonymous_12)
FN:202,(anonymous_13)
FN:219,(anonymous_14)
FN:222,readVisibility
FN:238,(anonymous_16)
FN:247,(anonymous_17)
FN:253,readVisibility
FN:267,(anonymous_19)
FN:268,parsePayload
FNF:21
FNH:14
FNDA:8,_interopRequireDefault
FNDA:0,(anonymous_1)
FNDA:19,(anonymous_2)
FNDA:0,(anonymous_3)
FNDA:15,(anonymous_4)
FNDA:0,(anonymous_5)
FNDA:15,(anonymous_6)
FNDA:19,(anonymous_7)
FNDA:21,(anonymous_8)
FNDA:7,(anonymous_9)
FNDA:7,(anonymous_10)
FNDA:2,(anonymous_11)
FNDA:29,(anonymous_12)
FNDA:16,(anonymous_13)
FNDA:16,(anonymous_14)
FNDA:0,readVisibility
FNDA:0,(anonymous_16)
FNDA:0,(anonymous_17)
FNDA:0,readVisibility
FNDA:19,(anonymous_19)
FNDA:4,parsePayload
DA:1,4
DA:2,4
DA:3,8
DA:10,0
DA:43,19
DA:50,19
DA:57,19
DA:64,19
DA:71,19
DA:76,19
DA:83,0
DA:92,15
DA:101,0
DA:110,15
DA:119,19
DA:121,19
DA:122,19
DA:124,0
DA:127,19
DA:138,21
DA:140,21
DA:141,227
DA:142,12
DA:146,21
DA:157,7
DA:159,7
DA:160,84
DA:161,2
DA:165,7
DA:175,7
DA:176,2
DA:194,29
DA:203,16
DA:208,0
DA:210,16
DA:220,16
DA:222,16
DA:223,0
DA:229,0
DA:239,0
DA:240,0
DA:244,0
DA:245,0
DA:247,0
DA:248,0
DA:249,0
DA:251,0
DA:253,0
DA:254,0
DA:255,0
DA:256,0
DA:259,0
DA:268,19
DA:269,4
DA:271,4
DA:276,3
DA:278,3
DA:280,3
DA:284,1
DA:289,0
DA:291,1
DA:294,4
LF:62
LH:41
BRDA:3,0,0,8
BRDA:3,0,1,0
BRDA:3,1,0,8
BRDA:3,1,1,8
BRDA:127,2,0,19
BRDA:127,2,1,18
BRDA:141,3,0,12
BRDA:141,3,1,215
BRDA:160,4,0,2
BRDA:160,4,1,82
BRDA:174,5,0,0
BRDA:203,6,0,0
BRDA:203,6,1,16
BRDA:204,7,0,16
BRDA:204,7,1,15
BRDA:204,7,2,15
BRDA:242,8,0,0
BRDA:242,8,1,0
BRDA:254,9,0,0
BRDA:254,9,1,0
BRDA:271,10,0,3
BRDA:271,10,1,1
BRDA:272,11,0,4
BRDA:272,11,1,3
BRDA:272,11,2,3
BRDA:278,12,0,3
BRDA:278,12,1,2
BRDA:281,13,0,2
BRDA:281,13,1,1
BRDA:284,14,0,0
BRDA:284,14,1,1
BRDA:285,15,0,1
BRDA:285,15,1,0
BRDA:285,15,2,0
BRF:34
BRH:24
end_of_record
TN:
SF:/Users/slavek/seznam/IMA.js/ui-atoms/src/Visibility.js
FN:19,(anonymous_0)
FN:23,(anonymous_1)
FN:48,(anonymous_2)
FN:50,(anonymous_3)
FN:51,(anonymous_4)
FN:63,(anonymous_5)
FN:76,(anonymous_6)
FN:91,(anonymous_7)
FN:105,suspendAction
FN:114,throttle
FN:129,(anonymous_10)
FN:138,(anonymous_11)
FN:153,(anonymous_12)
FN:176,(anonymous_13)
FNF:14
FNH:7
FNDA:0,(anonymous_0)
FNDA:3,(anonymous_1)
FNDA:3,(anonymous_2)
FNDA:3,(anonymous_3)
FNDA:1,(anonymous_4)
FNDA:3,(anonymous_5)
FNDA:1,(anonymous_6)
FNDA:0,(anonymous_7)
FNDA:0,suspendAction
FNDA:0,throttle
FNDA:0,(anonymous_10)
FNDA:2,(anonymous_11)
FNDA:0,(anonymous_12)
FNDA:0,(anonymous_13)
DA:1,5
DA:2,5
DA:20,0
DA:28,3
DA:34,3
DA:40,3
DA:49,3
DA:50,3
DA:51,1
DA:64,3
DA:77,1
DA:92,0
DA:93,0
DA:94,0
DA:95,0
DA:97,0
DA:98,0
DA:101,0
DA:102,0
DA:106,0
DA:107,0
DA:108,0
DA:110,0
DA:114,0
DA:115,0
DA:117,0
DA:118,0
DA:119,0
DA:130,0
DA:139,2
DA:144,2
DA:145,2
DA:154,0
DA:159,0
DA:164,0
DA:177,0
DA:182,0
DA:183,5
LF:38
LH:14
BRDA:63,0,0,0
BRDA:93,1,0,0
BRDA:93,1,1,0
BRDA:97,2,0,0
BRDA:97,2,1,0
BRDA:101,3,0,0
BRDA:101,3,1,0
BRDA:106,4,0,0
BRDA:106,4,1,0
BRDA:106,5,0,0
BRDA:106,5,1,0
BRDA:117,6,0,0
BRDA:117,6,1,0
BRF:13
BRH:0
end_of_record
TN:
SF:/Users/slavek/seznam/IMA.js/ui-atoms/src/main.js
FN:1,(anonymous_0)
FN:1,(anonymous_1)
FN:1,(anonymous_2)
FN:1,(anonymous_3)
FN:1,(anonymous_4)
FN:1,(anonymous_5)
FN:1,(anonymous_6)
FN:1,(anonymous_7)
FN:1,(anonymous_8)
FN:1,(anonymous_9)
FN:1,(anonymous_10)
FN:1,(anonymous_11)
FN:1,(anonymous_12)
FN:1,(anonymous_13)
FN:1,(anonymous_14)
FN:1,(anonymous_15)
FN:1,(anonymous_16)
FN:1,(anonymous_17)
FN:1,(anonymous_18)
FN:1,(anonymous_19)
FN:1,(anonymous_20)
FN:1,(anonymous_21)
FN:1,(anonymous_22)
FN:1,(anonymous_23)
FN:1,(anonymous_24)
FN:1,(anonymous_25)
FN:1,(anonymous_26)
FN:1,(anonymous_27)
FN:1,(anonymous_28)
FN:1,(anonymous_29)
FN:1,(anonymous_30)
FN:1,(anonymous_31)
FN:1,(anonymous_32)
FN:1,(anonymous_33)
FN:1,(anonymous_34)
FN:1,(anonymous_35)
FN:33,_interopRequireDefault
FN:37,(anonymous_37)
FN:96,(anonymous_38)
FN:101,(anonymous_39)
FN:111,(anonymous_40)
FNF:41
FNH:20
FNDA:0,(anonymous_0)
FNDA:0,(anonymous_1)
FNDA:0,(anonymous_2)
FNDA:0,(anonymous_3)
FNDA:0,(anonymous_4)
FNDA:0,(anonymous_5)
FNDA:1,(anonymous_6)
FNDA:1,(anonymous_7)
FNDA:1,(anonymous_8)
FNDA:0,(anonymous_9)
FNDA:0,(anonymous_10)
FNDA:0,(anonymous_11)
FNDA:0,(anonymous_12)
FNDA:0,(anonymous_13)
FNDA:0,(anonymous_14)
FNDA:0,(anonymous_15)
FNDA:0,(anonymous_16)
FNDA:0,(anonymous_17)
FNDA:0,(anonymous_18)
FNDA:6,(anonymous_19)
FNDA:6,(anonymous_20)
FNDA:1,(anonymous_21)
FNDA:1,(anonymous_22)
FNDA:1,(anonymous_23)
FNDA:1,(anonymous_24)
FNDA:0,(anonymous_25)
FNDA:0,(anonymous_26)
FNDA:1,(anonymous_27)
FNDA:1,(anonymous_28)
FNDA:1,(anonymous_29)
FNDA:1,(anonymous_30)
FNDA:1,(anonymous_31)
FNDA:1,(anonymous_32)
FNDA:1,(anonymous_33)
FNDA:1,(anonymous_34)
FNDA:6,(anonymous_35)
FNDA:42,_interopRequireDefault
FNDA:1,(anonymous_37)
FNDA:0,(anonymous_38)
FNDA:0,(anonymous_39)
FNDA:0,(anonymous_40)
DA:1,6
DA:2,2
DA:4,2
DA:5,2
DA:6,2
DA:8,2
DA:9,2
DA:10,2
DA:11,2
DA:12,2
DA:13,2
DA:14,2
DA:16,2
DA:18,2
DA:20,2
DA:22,2
DA:23,2
DA:24,2
DA:25,2
DA:27,2
DA:29,2
DA:31,2
DA:33,42
DA:35,2
DA:37,2
DA:38,1
DA:39,1
DA:40,1
DA:41,1
DA:42,1
DA:43,1
DA:44,1
DA:45,1
DA:46,1
DA:47,1
DA:49,1
DA:50,1
DA:51,1
DA:52,1
DA:53,1
DA:54,1
DA:55,1
DA:56,1
DA:57,1
DA:58,1
DA:59,1
DA:60,1
DA:61,1
DA:62,1
DA:64,1
DA:66,1
DA:67,1
DA:69,1
DA:70,1
DA:72,1
DA:73,1
DA:74,1
DA:75,1
DA:76,1
DA:77,1
DA:78,1
DA:79,1
DA:81,1
DA:83,1
DA:84,1
DA:86,1
DA:88,1
DA:90,1
DA:91,1
DA:92,1
DA:93,1
DA:94,2
DA:96,2
DA:97,0
DA:99,2
DA:101,2
DA:102,0
DA:104,0
DA:109,2
DA:111,2
DA:112,0
DA:130,2
LF:82
LH:78
BRDA:33,0,0,42
BRDA:33,0,1,0
BRDA:33,1,0,42
BRDA:33,1,1,42
BRF:4
BRH:3
end_of_record
TN:
SF:/Users/slavek/seznam/IMA.js/ui-atoms/src/headline/Headline.jsx
FN:2,_interopRequireDefault
FN:2,_extends
FN:2,(anonymous_2)
FN:11,(anonymous_3)
FN:15,(anonymous_4)
FN:27,(anonymous_5)
FNF:6
FNH:1
FNDA:2,_interopRequireDefault
FNDA:0,_extends
FNDA:0,(anonymous_2)
FNDA:0,(anonymous_3)
FNDA:0,(anonymous_4)
FNDA:0,(anonymous_5)
DA:1,2
DA:2,2
DA:12,0
DA:16,0
DA:28,0
DA:29,0
DA:30,0
DA:31,0
DA:40,0
DA:41,0
DA:52,0
DA:64,0
DA:65,2
LF:13
LH:3
BRDA:2,0,0,0
BRDA:2,0,1,2
BRDA:2,1,0,2
BRDA:2,1,1,2
BRDA:2,2,0,0
BRDA:2,2,1,0
BRDA:2,3,0,0
BRDA:2,3,1,0
BRDA:40,4,0,0
BRDA:40,4,1,0
BRF:10
BRH:3
end_of_record
TN:
SF:/Users/slavek/seznam/IMA.js/ui-atoms/src/headline/Headline1.jsx
FN:2,_interopRequireDefault
FN:2,_extends
FN:2,(anonymous_2)
FN:11,(anonymous_3)
FNF:4
FNH:1
FNDA:4,_interopRequireDefault
FNDA:0,_extends
FNDA:0,(anonymous_2)
FNDA:0,(anonymous_3)
DA:1,2
DA:2,4
DA:12,0
DA:13,2
LF:4
LH:3
BRDA:2,0,0,2
BRDA:2,0,1,2
BRDA:2,1,0,4
BRDA:2,1,1,4
BRDA:2,2,0,0
BRDA:2,2,1,0
BRDA:2,3,0,0
BRDA:2,3,1,0
BRF:8
BRH:4
end_of_record
TN:
SF:/Users/slavek/seznam/IMA.js/ui-atoms/src/headline/Headline2.jsx
FN:2,_interopRequireDefault
FN:2,_extends
FN:2,(anonymous_2)
FN:11,(anonymous_3)
FNF:4
FNH:1
FNDA:4,_interopRequireDefault
FNDA:0,_extends
FNDA:0,(anonymous_2)
FNDA:0,(anonymous_3)
DA:1,2
DA:2,4
DA:12,0
DA:13,2
LF:4
LH:3
BRDA:2,0,0,2
BRDA:2,0,1,2
BRDA:2,1,0,4
BRDA:2,1,1,4
BRDA:2,2,0,0
BRDA:2,2,1,0
BRDA:2,3,0,0
BRDA:2,3,1,0
BRF:8
BRH:4
end_of_record
TN:
SF:/Users/slavek/seznam/IMA.js/ui-atoms/src/headline/Headline3.jsx
FN:2,_interopRequireDefault
FN:2,_extends
FN:2,(anonymous_2)
FN:11,(anonymous_3)
FNF:4
FNH:1
FNDA:4,_interopRequireDefault
FNDA:0,_extends
FNDA:0,(anonymous_2)
FNDA:0,(anonymous_3)
DA:1,2
DA:2,4
DA:12,0
DA:13,2
LF:4
LH:3
BRDA:2,0,0,2
BRDA:2,0,1,2
BRDA:2,1,0,4
BRDA:2,1,1,4
BRDA:2,2,0,0
BRDA:2,2,1,0
BRDA:2,3,0,0
BRDA:2,3,1,0
BRF:8
BRH:4
end_of_record
TN:
SF:/Users/slavek/seznam/IMA.js/ui-atoms/src/headline/Headline4.jsx
FN:2,_interopRequireDefault
FN:2,_extends
FN:2,(anonymous_2)
FN:11,(anonymous_3)
FNF:4
FNH:1
FNDA:4,_interopRequireDefault
FNDA:0,_extends
FNDA:0,(anonymous_2)
FNDA:0,(anonymous_3)
DA:1,2
DA:2,4
DA:12,0
DA:13,2
LF:4
LH:3
BRDA:2,0,0,2
BRDA:2,0,1,2
BRDA:2,1,0,4
BRDA:2,1,1,4
BRDA:2,2,0,0
BRDA:2,2,1,0
BRDA:2,3,0,0
BRDA:2,3,1,0
BRF:8
BRH:4
end_of_record
TN:
SF:/Users/slavek/seznam/IMA.js/ui-atoms/src/headline/Headline5.jsx
FN:2,_interopRequireDefault
FN:2,_extends
FN:2,(anonymous_2)
FN:11,(anonymous_3)
FNF:4
FNH:1
FNDA:4,_interopRequireDefault
FNDA:0,_extends
FNDA:0,(anonymous_2)
FNDA:0,(anonymous_3)
DA:1,2
DA:2,4
DA:12,0
DA:13,2
LF:4
LH:3
BRDA:2,0,0,2
BRDA:2,0,1,2
BRDA:2,1,0,4
BRDA:2,1,1,4
BRDA:2,2,0,0
BRDA:2,2,1,0
BRDA:2,3,0,0
BRDA:2,3,1,0
BRF:8
BRH:4
end_of_record
TN:
SF:/Users/slavek/seznam/IMA.js/ui-atoms/src/headline/Headline6.jsx
FN:2,_interopRequireDefault
FN:2,_extends
FN:2,(anonymous_2)
FN:11,(anonymous_3)
FNF:4
FNH:1
FNDA:4,_interopRequireDefault
FNDA:0,_extends
FNDA:0,(anonymous_2)
FNDA:0,(anonymous_3)
DA:1,2
DA:2,4
DA:12,0
DA:13,2
LF:4
LH:3
BRDA:2,0,0,2
BRDA:2,0,1,2
BRDA:2,1,0,4
BRDA:2,1,1,4
BRDA:2,2,0,0
BRDA:2,2,1,0
BRDA:2,3,0,0
BRDA:2,3,1,0
BRF:8
BRH:4
end_of_record
TN:
SF:/Users/slavek/seznam/IMA.js/ui-atoms/src/iframe/AmpIframe.jsx
FN:2,_interopRequireDefault
FN:2,_extends
FN:2,(anonymous_2)
FN:14,(anonymous_3)
FN:18,(anonymous_4)
FNF:5
FNH:1
FNDA:2,_interopRequireDefault
FNDA:0,_extends
FNDA:0,(anonymous_2)
FNDA:0,(anonymous_3)
FNDA:0,(anonymous_4)
DA:1,2
DA:2,2
DA:15,0
DA:19,0
DA:34,0
DA:35,0
DA:49,0
DA:50,0
DA:53,0
DA:54,0
DA:57,0
DA:67,2
LF:12
LH:3
BRDA:2,0,0,0
BRDA:2,0,1,2
BRDA:2,1,0,2
BRDA:2,1,1,2
BRDA:2,2,0,0
BRDA:2,2,1,0
BRDA:2,3,0,0
BRDA:2,3,1,0
BRDA:49,4,0,0
BRDA:49,4,1,0
BRDA:53,5,0,0
BRDA:53,5,1,0
BRDA:62,6,0,0
BRDA:62,6,1,0
BRF:14
BRH:3
end_of_record
TN:
SF:/Users/slavek/seznam/IMA.js/ui-atoms/src/iframe/HtmlIframe.jsx
FN:3,_interopRequireDefault
FN:3,_extends
FN:3,(anonymous_2)
FN:15,(anonymous_3)
FN:19,(anonymous_4)
FN:26,(anonymous_5)
FN:41,(anonymous_6)
FN:47,(anonymous_7)
FN:53,(anonymous_8)
FN:59,(anonymous_9)
FN:63,(anonymous_10)
FN:162,(anonymous_11)
FN:173,(anonymous_12)
FN:180,(anonymous_13)
FNF:14
FNH:12
FNDA:4,_interopRequireDefault
FNDA:1,_extends
FNDA:0,(anonymous_2)
FNDA:15,(anonymous_3)
FNDA:5,(anonymous_4)
FNDA:5,(anonymous_5)
FNDA:5,(anonymous_6)
FNDA:5,(anonymous_7)
FNDA:5,(anonymous_8)
FNDA:5,(anonymous_9)
FNDA:5,(anonymous_10)
FNDA:0,(anonymous_11)
FNDA:5,(anonymous_12)
FNDA:5,(anonymous_13)
DA:1,2
DA:2,2
DA:3,4
DA:5,2
DA:16,15
DA:20,5
DA:27,5
DA:29,5
DA:31,5
DA:33,5
DA:35,5
DA:37,5
DA:38,5
DA:42,5
DA:48,5
DA:54,5
DA:55,5
DA:60,5
DA:64,5
DA:163,0
DA:164,0
DA:165,0
DA:167,0
DA:168,0
DA:174,5
DA:175,0
DA:176,0
DA:181,5
DA:186,5
DA:195,2
LF:30
LH:23
BRDA:3,0,0,2
BRDA:3,0,1,2
BRDA:3,1,0,4
BRDA:3,1,1,4
BRDA:3,2,0,1
BRDA:3,2,1,0
BRDA:3,3,0,0
BRDA:3,3,1,0
BRDA:22,4,0,5
BRDA:22,4,1,5
BRDA:22,4,2,5
BRDA:42,5,0,0
BRDA:42,5,1,5
BRDA:48,6,0,3
BRDA:48,6,1,2
BRDA:54,7,0,5
BRDA:54,7,1,0
BRDA:78,8,0,0
BRDA:78,8,1,5
BRDA:81,9,0,5
BRDA:81,9,1,5
BRDA:82,10,0,5
BRDA:82,10,1,5
BRDA:86,11,0,0
BRDA:86,11,1,5
BRDA:93,12,0,0
BRDA:93,12,1,5
BRDA:114,13,0,5
BRDA:114,13,1,2
BRDA:119,14,0,2
BRDA:119,14,1,2
BRDA:120,15,0,2
BRDA:120,15,1,2
BRDA:126,16,0,0
BRDA:126,16,1,2
BRDA:130,17,0,2
BRDA:130,17,1,2
BRDA:131,18,0,2
BRDA:131,18,1,2
BRDA:132,19,0,0
BRDA:132,19,1,2
BRDA:133,20,0,2
BRDA:133,20,1,0
BRDA:134,21,0,2
BRDA:134,21,1,0
BRDA:136,22,0,0
BRDA:136,22,1,2
BRDA:140,23,0,2
BRDA:140,23,1,2
BRDA:142,24,0,0
BRDA:142,24,1,2
BRDA:147,25,0,0
BRDA:147,25,1,2
BRDA:163,26,0,0
BRDA:163,26,1,0
BRDA:164,27,0,0
BRDA:164,27,1,0
BRDA:167,28,0,0
BRDA:167,28,1,0
BRDA:174,29,0,0
BRDA:174,29,1,5
BRF:61
BRH:39
end_of_record
TN:
SF:/Users/slavek/seznam/IMA.js/ui-atoms/src/iframe/Iframe.jsx
FN:4,_interopRequireDefault
FN:13,(anonymous_1)
FN:17,(anonymous_2)
FN:39,(anonymous_3)
FNF:4
FNH:4
FNDA:6,_interopRequireDefault
FNDA:15,(anonymous_1)
FNDA:10,(anonymous_2)
FNDA:5,(anonymous_3)
DA:1,2
DA:2,2
DA:3,2
DA:4,6
DA:14,15
DA:18,10
DA:40,5
DA:41,0
DA:43,5
DA:45,2
LF:10
LH:9
BRDA:4,0,0,4
BRDA:4,0,1,2
BRDA:4,1,0,6
BRDA:4,1,1,6
BRDA:40,2,0,0
BRDA:40,2,1,5
BRF:6
BRH:5
end_of_record
TN:
SF:/Users/slavek/seznam/IMA.js/ui-atoms/src/image/AmpImage.jsx
FN:2,_interopRequireDefault
FN:2,_extends
FN:2,(anonymous_2)
FN:14,(anonymous_3)
FN:18,(anonymous_4)
FNF:5
FNH:1
FNDA:2,_interopRequireDefault
FNDA:0,_extends
FNDA:0,(anonymous_2)
FNDA:0,(anonymous_3)
FNDA:0,(anonymous_4)
DA:1,2
DA:2,2
DA:15,0
DA:19,0
DA:30,0
DA:32,0
DA:49,2
LF:7
LH:3
BRDA:2,0,0,0
BRDA:2,0,1,2
BRDA:2,1,0,2
BRDA:2,1,1,2
BRDA:2,2,0,0
BRDA:2,2,1,0
BRDA:2,3,0,0
BRDA:2,3,1,0
BRDA:41,4,0,0
BRDA:41,4,1,0
BRF:10
BRH:3
end_of_record
TN:
SF:/Users/slavek/seznam/IMA.js/ui-atoms/src/image/HtmlImage.jsx
FN:4,_interopRequireDefault
FN:4,_extends
FN:4,(anonymous_2)
FN:17,(anonymous_3)
FN:21,(anonymous_4)
FN:39,(anonymous_5)
FN:58,(anonymous_6)
FN:64,(anonymous_7)
FN:70,(anonymous_8)
FN:78,(anonymous_9)
FN:83,(anonymous_10)
FN:97,(anonymous_11)
FN:164,(anonymous_12)
FN:173,(anonymous_13)
FN:180,(anonymous_14)
FN:201,(anonymous_15)
FN:202,(anonymous_16)
FN:207,(anonymous_17)
FN:210,(anonymous_18)
FN:230,(anonymous_19)
FN:243,(anonymous_20)
FNF:21
FNH:12
FNDA:6,_interopRequireDefault
FNDA:1,_extends
FNDA:0,(anonymous_2)
FNDA:15,(anonymous_3)
FNDA:5,(anonymous_4)
FNDA:5,(anonymous_5)
FNDA:5,(anonymous_6)
FNDA:5,(anonymous_7)
FNDA:5,(anonymous_8)
FNDA:5,(anonymous_9)
FNDA:0,(anonymous_10)
FNDA:5,(anonymous_11)
FNDA:0,(anonymous_12)
FNDA:5,(anonymous_13)
FNDA:5,(anonymous_14)
FNDA:0,(anonymous_15)
FNDA:0,(anonymous_16)
FNDA:0,(anonymous_17)
FNDA:0,(anonymous_18)
FNDA:0,(anonymous_19)
FNDA:0,(anonymous_20)
DA:1,2
DA:2,2
DA:3,2
DA:4,6
DA:6,2
DA:7,2
DA:18,15
DA:22,5
DA:27,5
DA:36,0
DA:40,5
DA:42,5
DA:44,5
DA:45,5
DA:46,5
DA:48,5
DA:50,5
DA:52,5
DA:54,5
DA:55,5
DA:59,5
DA:65,5
DA:71,5
DA:73,5
DA:74,5
DA:79,5
DA:80,5
DA:84,0
DA:89,0
DA:91,0
DA:92,0
DA:98,5
DA:165,0
DA:166,0
DA:167,0
DA:168,0
DA:169,0
DA:174,5
DA:175,0
DA:176,0
DA:182,5
DA:190,5
DA:202,0
DA:203,0
DA:206,0
DA:207,0
DA:208,0
DA:210,0
DA:211,0
DA:213,0
DA:215,0
DA:216,0
DA:217,0
DA:220,0
DA:221,0
DA:222,0
DA:225,0
DA:226,0
DA:231,0
DA:232,0
DA:235,0
DA:236,0
DA:238,0
DA:239,0
DA:244,0
DA:245,2
LF:66
LH:31
BRDA:4,0,0,4
BRDA:4,0,1,2
BRDA:4,1,0,6
BRDA:4,1,1,6
BRDA:4,2,0,1
BRDA:4,2,1,0
BRDA:4,3,0,0
BRDA:4,3,1,0
BRDA:22,4,0,5
BRDA:22,4,1,0
BRDA:23,5,0,5
BRDA:23,5,1,0
BRDA:23,5,2,0
BRDA:28,6,0,5
BRDA:28,6,1,5
BRDA:32,7,0,5
BRDA:32,7,1,5
BRDA:32,7,2,5
BRDA:59,8,0,0
BRDA:59,8,1,5
BRDA:65,9,0,3
BRDA:65,9,1,2
BRDA:73,10,0,5
BRDA:73,10,1,0
BRDA:84,11,0,0
BRDA:84,11,1,0
BRDA:85,12,0,0
BRDA:85,12,1,0
BRDA:85,12,2,0
BRDA:91,13,0,0
BRDA:91,13,1,0
BRDA:91,14,0,0
BRDA:91,14,1,0
BRDA:112,15,0,0
BRDA:112,15,1,5
BRDA:115,16,0,5
BRDA:115,16,1,5
BRDA:116,17,0,5
BRDA:116,17,1,5
BRDA:120,18,0,0
BRDA:120,18,1,5
BRDA:127,19,0,0
BRDA:127,19,1,5
BRDA:137,20,0,0
BRDA:137,20,1,0
BRDA:142,21,0,0
BRDA:142,21,1,5
BRDA:142,22,0,5
BRDA:142,22,1,0
BRDA:145,23,0,5
BRDA:145,23,1,2
BRDA:149,24,0,2
BRDA:149,24,1,0
BRDA:150,25,0,2
BRDA:150,25,1,2
BRDA:151,26,0,2
BRDA:151,26,1,2
BRDA:152,27,0,2
BRDA:152,27,1,2
BRDA:165,28,0,0
BRDA:165,28,1,0
BRDA:165,29,0,0
BRDA:165,29,1,0
BRDA:166,30,0,0
BRDA:166,30,1,0
BRDA:174,31,0,0
BRDA:174,31,1,5
BRDA:182,32,0,5
BRDA:182,32,1,5
BRDA:215,33,0,0
BRDA:215,33,1,0
BRDA:215,34,0,0
BRDA:215,34,1,0
BRDA:216,35,0,0
BRDA:216,35,1,0
BRDA:221,36,0,0
BRDA:221,36,1,0
BRDA:225,37,0,0
BRDA:225,37,1,0
BRDA:225,38,0,0
BRDA:225,38,1,0
BRDA:231,39,0,0
BRDA:231,39,1,0
BRDA:238,40,0,0
BRDA:238,40,1,0
BRDA:244,41,0,0
BRDA:244,41,1,0
BRF:87
BRH:37
end_of_record
TN:
SF:/Users/slavek/seznam/IMA.js/ui-atoms/src/image/Image.jsx
FN:4,_interopRequireDefault
FN:14,(anonymous_1)
FN:18,(anonymous_2)
FN:34,(anonymous_3)
FNF:4
FNH:4
FNDA:6,_interopRequireDefault
FNDA:15,(anonymous_1)
FNDA:10,(anonymous_2)
FNDA:5,(anonymous_3)
DA:1,2
DA:2,2
DA:3,2
DA:4,6
DA:15,15
DA:19,10
DA:35,5
DA:36,0
DA:38,5
DA:40,2
LF:10
LH:9
BRDA:4,0,0,4
BRDA:4,0,1,2
BRDA:4,1,0,6
BRDA:4,1,1,6
BRDA:35,2,0,0
BRDA:35,2,1,5
BRF:6
BRH:5
end_of_record
TN:
SF:/Users/slavek/seznam/IMA.js/ui-atoms/src/link/Link.jsx
FN:2,_interopRequireDefault
FN:2,_extends
FN:2,(anonymous_2)
FN:12,(anonymous_3)
FN:16,(anonymous_4)
FN:26,(anonymous_5)
FNF:6
FNH:1
FNDA:2,_interopRequireDefault
FNDA:0,_extends
FNDA:0,(anonymous_2)
FNDA:0,(anonymous_3)
FNDA:0,(anonymous_4)
FNDA:0,(anonymous_5)
DA:1,2
DA:2,2
DA:13,0
DA:17,0
DA:27,0
DA:38,0
DA:40,0
DA:59,2
LF:8
LH:3
BRDA:2,0,0,0
BRDA:2,0,1,2
BRDA:2,1,0,2
BRDA:2,1,1,2
BRDA:2,2,0,0
BRDA:2,2,1,0
BRDA:2,3,0,0
BRDA:2,3,1,0
BRDA:56,4,0,0
BRDA:56,4,1,0
BRF:10
BRH:3
end_of_record
TN:
SF:/Users/slavek/seznam/IMA.js/ui-atoms/src/list/List.jsx
FN:2,_interopRequireDefault
FN:2,_extends
FN:2,(anonymous_2)
FN:12,(anonymous_3)
FN:16,(anonymous_4)
FN:26,(anonymous_5)
FNF:6
FNH:1
FNDA:2,_interopRequireDefault
FNDA:0,_extends
FNDA:0,(anonymous_2)
FNDA:0,(anonymous_3)
FNDA:0,(anonymous_4)
FNDA:0,(anonymous_5)
DA:1,2
DA:2,2
DA:13,0
DA:17,0
DA:27,0
DA:28,0
DA:30,0
DA:47,2
LF:8
LH:3
BRDA:2,0,0,0
BRDA:2,0,1,2
BRDA:2,1,0,2
BRDA:2,1,1,2
BRDA:2,2,0,0
BRDA:2,2,1,0
BRDA:2,3,0,0
BRDA:2,3,1,0
BRF:8
BRH:3
end_of_record
TN:
SF:/Users/slavek/seznam/IMA.js/ui-atoms/src/list/ListItem.jsx
FN:2,_interopRequireDefault
FN:2,_extends
FN:2,(anonymous_2)
FN:12,(anonymous_3)
FN:16,(anonymous_4)
FN:26,(anonymous_5)
FNF:6
FNH:1
FNDA:2,_interopRequireDefault
FNDA:0,_extends
FNDA:0,(anonymous_2)
FNDA:0,(anonymous_3)
FNDA:0,(anonymous_4)
FNDA:0,(anonymous_5)
DA:1,2
DA:2,2
DA:13,0
DA:17,0
DA:27,0
DA:28,0
DA:29,0
DA:30,0
DA:38,0
DA:39,0
DA:48,0
DA:58,0
DA:59,2
LF:13
LH:3
BRDA:2,0,0,0
BRDA:2,0,1,2
BRDA:2,1,0,2
BRDA:2,1,1,2
BRDA:2,2,0,0
BRDA:2,2,1,0
BRDA:2,3,0,0
BRDA:2,3,1,0
BRDA:38,4,0,0
BRDA:38,4,1,0
BRF:10
BRH:3
end_of_record
TN:
SF:/Users/slavek/seznam/IMA.js/ui-atoms/src/list/OrderedList.jsx
FN:2,_interopRequireDefault
FN:2,_extends
FN:2,(anonymous_2)
FN:12,(anonymous_3)
FNF:4
FNH:1
FNDA:4,_interopRequireDefault
FNDA:0,_extends
FNDA:0,(anonymous_2)
FNDA:0,(anonymous_3)
DA:1,2
DA:2,4
DA:13,0
DA:14,2
LF:4
LH:3
BRDA:2,0,0,2
BRDA:2,0,1,2
BRDA:2,1,0,4
BRDA:2,1,1,4
BRDA:2,2,0,0
BRDA:2,2,1,0
BRDA:2,3,0,0
BRDA:2,3,1,0
BRF:8
BRH:4
end_of_record
TN:
SF:/Users/slavek/seznam/IMA.js/ui-atoms/src/list/UnorderedList.jsx
FN:2,_interopRequireDefault
FN:2,_extends
FN:2,(anonymous_2)
FN:12,(anonymous_3)
FNF:4
FNH:1
FNDA:4,_interopRequireDefault
FNDA:0,_extends
FNDA:0,(anonymous_2)
FNDA:0,(anonymous_3)
DA:1,2
DA:2,4
DA:13,0
DA:14,2
LF:4
LH:3
BRDA:2,0,0,2
BRDA:2,0,1,2
BRDA:2,1,0,4
BRDA:2,1,1,4
BRDA:2,2,0,0
BRDA:2,2,1,0
BRDA:2,3,0,0
BRDA:2,3,1,0
BRF:8
BRH:4
end_of_record
TN:
SF:/Users/slavek/seznam/IMA.js/ui-atoms/src/loader/Loader.jsx
FN:2,_interopRequireDefault
FN:2,_extends
FN:2,(anonymous_2)
FN:12,(anonymous_3)
FN:16,(anonymous_4)
FN:26,(anonymous_5)
FNF:6
FNH:1
FNDA:2,_interopRequireDefault
FNDA:0,_extends
FNDA:0,(anonymous_2)
FNDA:0,(anonymous_3)
FNDA:0,(anonymous_4)
FNDA:0,(anonymous_5)
DA:1,2
DA:2,2
DA:13,0
DA:17,0
DA:27,0
DA:28,0
DA:30,0
DA:49,2
LF:8
LH:3
BRDA:2,0,0,0
BRDA:2,0,1,2
BRDA:2,1,0,2
BRDA:2,1,1,2
BRDA:2,2,0,0
BRDA:2,2,1,0
BRDA:2,3,0,0
BRDA:2,3,1,0
BRDA:28,4,0,0
BRF:9
BRH:3
end_of_record
TN:
SF:/Users/slavek/seznam/IMA.js/ui-atoms/src/mocks/dispatcher.js
FNF:0
FNH:0
DA:1,1
DA:2,1
DA:4,1
LF:3
LH:3
BRF:0
BRH:0
end_of_record
TN:
SF:/Users/slavek/seznam/IMA.js/ui-atoms/src/mocks/router.js
FN:5,(anonymous_0)
FNF:1
FNH:1
FNDA:16,(anonymous_0)
DA:1,3
DA:2,3
DA:4,3
DA:6,16
DA:11,3
LF:5
LH:5
BRF:0
BRH:0
end_of_record
TN:
SF:/Users/slavek/seznam/IMA.js/ui-atoms/src/mocks/settings.js
FNF:0
FNH:0
DA:1,1
DA:18,1
LF:2
LH:2
BRF:0
BRH:0
end_of_record
TN:
SF:/Users/slavek/seznam/IMA.js/ui-atoms/src/mocks/window.js
FN:5,(anonymous_0)
FN:11,(anonymous_1)
FNF:2
FNH:2
FNDA:20,(anonymous_0)
FNDA:17,(anonymous_1)
DA:1,5
DA:2,5
DA:4,5
DA:6,20
DA:11,17
LF:5
LH:5
BRF:0
BRH:0
end_of_record
TN:
SF:/Users/slavek/seznam/IMA.js/ui-atoms/src/paragraph/Paragraph.jsx
FN:2,_interopRequireDefault
FN:2,_extends
FN:2,(anonymous_2)
FN:12,(anonymous_3)
FN:16,(anonymous_4)
FN:26,(anonymous_5)
FNF:6
FNH:1
FNDA:2,_interopRequireDefault
FNDA:0,_extends
FNDA:0,(anonymous_2)
FNDA:0,(anonymous_3)
FNDA:0,(anonymous_4)
FNDA:0,(anonymous_5)
DA:1,2
DA:2,2
DA:13,0
DA:17,0
DA:27,0
DA:28,0
DA:29,0
DA:30,0
DA:39,0
DA:40,0
DA:50,0
DA:61,0
DA:62,2
LF:13
LH:3
BRDA:2,0,0,0
BRDA:2,0,1,2
BRDA:2,1,0,2
BRDA:2,1,1,2
BRDA:2,2,0,0
BRDA:2,2,1,0
BRDA:2,3,0,0
BRDA:2,3,1,0
BRDA:39,4,0,0
BRDA:39,4,1,0
BRF:10
BRH:3
end_of_record
TN:
SF:/Users/slavek/seznam/IMA.js/ui-atoms/src/sizer/Sizer.jsx
FN:2,_interopRequireDefault
FN:2,_extends
FN:2,(anonymous_2)
FN:11,(anonymous_3)
FN:15,(anonymous_4)
FN:24,(anonymous_5)
FNF:6
FNH:4
FNDA:3,_interopRequireDefault
FNDA:1,_extends
FNDA:0,(anonymous_2)
FNDA:0,(anonymous_3)
FNDA:10,(anonymous_4)
FNDA:5,(anonymous_5)
DA:1,3
DA:2,3
DA:12,0
DA:16,10
DA:25,5
DA:27,5
DA:42,3
LF:7
LH:6
BRDA:2,0,0,0
BRDA:2,0,1,3
BRDA:2,1,0,3
BRDA:2,1,1,3
BRDA:2,2,0,1
BRDA:2,2,1,0
BRDA:2,3,0,0
BRDA:2,3,1,0
BRF:8
BRH:4
end_of_record
TN:
SF:/Users/slavek/seznam/IMA.js/ui-atoms/src/video/AmpVideo.jsx
FN:2,_interopRequireDefault
FN:2,_extends
FN:2,(anonymous_2)
FN:14,(anonymous_3)
FN:18,(anonymous_4)
FNF:5
FNH:1
FNDA:2,_interopRequireDefault
FNDA:0,_extends
FNDA:0,(anonymous_2)
FNDA:0,(anonymous_3)
FNDA:0,(anonymous_4)
DA:1,2
DA:2,2
DA:15,0
DA:19,0
DA:32,0
DA:34,0
DA:54,2
LF:7
LH:3
BRDA:2,0,0,0
BRDA:2,0,1,2
BRDA:2,1,0,2
BRDA:2,1,1,2
BRDA:2,2,0,0
BRDA:2,2,1,0
BRDA:2,3,0,0
BRDA:2,3,1,0
BRF:8
BRH:3
end_of_record
TN:
SF:/Users/slavek/seznam/IMA.js/ui-atoms/src/video/HtmlVideo.jsx
FN:3,_interopRequireDefault
FN:3,_extends
FN:3,(anonymous_2)
FN:15,(anonymous_3)
FN:19,(anonymous_4)
FN:39,(anonymous_5)
FN:45,(anonymous_6)
FN:51,(anonymous_7)
FN:121,(anonymous_8)
FN:129,(anonymous_9)
FN:134,(anonymous_10)
FN:143,(anonymous_11)
FN:150,(anonymous_12)
FN:168,(anonymous_13)
FN:182,onLoadingCompleted
FNF:15
FNH:11
FNDA:4,_interopRequireDefault
FNDA:1,_extends
FNDA:0,(anonymous_2)
FNDA:15,(anonymous_3)
FNDA:5,(anonymous_4)
FNDA:5,(anonymous_5)
FNDA:5,(anonymous_6)
FNDA:5,(anonymous_7)
FNDA:5,(anonymous_8)
FNDA:5,(anonymous_9)
FNDA:0,(anonymous_10)
FNDA:5,(anonymous_11)
FNDA:5,(anonymous_12)
FNDA:0,(anonymous_13)
FNDA:0,onLoadingCompleted
DA:1,2
DA:2,2
DA:3,4
DA:5,2
DA:16,15
DA:20,5
DA:22,5
DA:26,5
DA:27,5
DA:29,5
DA:31,5
DA:33,5
DA:35,5
DA:36,5
DA:40,5
DA:46,5
DA:52,5
DA:122,5
DA:124,5
DA:125,5
DA:130,5
DA:131,5
DA:135,0
DA:136,0
DA:137,0
DA:138,0
DA:139,0
DA:144,5
DA:145,0
DA:146,0
DA:151,5
DA:157,5
DA:169,0
DA:170,0
DA:173,0
DA:176,0
DA:177,0
DA:178,0
DA:179,0
DA:180,0
DA:183,0
DA:184,0
DA:189,2
LF:43
LH:26
BRDA:3,0,0,2
BRDA:3,0,1,2
BRDA:3,1,0,4
BRDA:3,1,1,4
BRDA:3,2,0,1
BRDA:3,2,1,0
BRDA:3,3,0,0
BRDA:3,3,1,0
BRDA:23,4,0,5
BRDA:23,4,1,5
BRDA:40,5,0,0
BRDA:40,5,1,5
BRDA:46,6,0,3
BRDA:46,6,1,2
BRDA:66,7,0,0
BRDA:66,7,1,5
BRDA:69,8,0,5
BRDA:69,8,1,5
BRDA:70,9,0,5
BRDA:70,9,1,5
BRDA:74,10,0,0
BRDA:74,10,1,5
BRDA:81,11,0,0
BRDA:81,11,1,5
BRDA:93,12,0,0
BRDA:93,12,1,0
BRDA:100,13,0,5
BRDA:100,13,1,2
BRDA:104,14,0,2
BRDA:104,14,1,0
BRDA:105,15,0,2
BRDA:105,15,1,2
BRDA:107,16,0,0
BRDA:107,16,1,2
BRDA:108,17,0,0
BRDA:108,17,1,2
BRDA:109,18,0,0
BRDA:109,18,1,2
BRDA:124,19,0,5
BRDA:124,19,1,0
BRDA:135,20,0,0
BRDA:135,20,1,0
BRDA:135,21,0,0
BRDA:135,21,1,0
BRDA:136,22,0,0
BRDA:136,22,1,0
BRDA:144,23,0,0
BRDA:144,23,1,5
BRDA:169,24,0,0
BRDA:169,24,1,0
BRDA:183,25,0,0
BRDA:183,25,1,0
BRF:52
BRH:27
end_of_record
TN:
SF:/Users/slavek/seznam/IMA.js/ui-atoms/src/video/Video.jsx
FN:4,_interopRequireDefault
FN:14,(anonymous_1)
FN:18,(anonymous_2)
FN:34,(anonymous_3)
FNF:4
FNH:4
FNDA:6,_interopRequireDefault
FNDA:15,(anonymous_1)
FNDA:10,(anonymous_2)
FNDA:5,(anonymous_3)
DA:1,2
DA:2,2
DA:3,2
DA:4,6
DA:15,15
DA:19,10
DA:35,5
DA:36,0
DA:38,5
DA:40,2
LF:10
LH:9
BRDA:4,0,0,4
BRDA:4,0,1,2
BRDA:4,1,0,6
BRDA:4,1,1,6
BRDA:35,2,0,0
BRDA:35,2,1,5
BRF:6
BRH:5
end_of_record
